286
324
353
599
616
488
559
628
578
630
525
528
552
379
417
476
508
545
547
567
571
598
607
611
626
633
211
276
302
372
373
420
453
454
456
493
527
533
535
570
581
613
614
621
121
153
167
212
253
260
273
337
346
355
371
386
392
395
430
435
449
496
502
517
520
536
548
556
565
568
600
608
617
106
122
160
192
198
224
229
231
271
292
293
300
312
322
323
327
338
342
377
381
390
398
400
404
406
411
416
418
426
428
443
444
459
466
467
486
487
495
497
509
512
513
518
522
524
540
543
554
560
561
564
573
574
577
579
584
585
587
588
593
595
596
597
605
618
619
625
627
635
19
22
63
80
84
86
98
103
108
112
115
119
134
145
147
151
155
157
161
164
168
174
175
177
184
186
188
189
190
191
199
203
209
213
215
217
218
221
238
239
242
252
256
258
265
266
272
274
278
280
289
290
295
299
306
307
311
313
317
318
320
325
328
331
336
341
343
344
347
357
364
366
368
369
370
376
378
380
387
388
389
391
394
396
401
402
409
412
413
415
419
422
425
427
429
434
438
439
442
446
448
450
451
458
460
461
463
464
465
468
469
472
473
475
477
478
482
485
489
490
491
494
498
500
506
507
511
514
515
516
519
521
523
526
529
530
531
532
534
537
539
544
549
550
551
553
555
558
562
566
569
572
576
580
583
586
589
590
592
601
602
603
604
606
609
610
612
615
620
622
623
629
631
632
634
636
637
638