14072
26385
27418
14987
19236
29376
29882
23242
23505
10476
24628
29312
30297
22055
25048
26023
26178
27742
28724
29286
29535
10958
15280
15518
18261
21949
23506
23616
24121
24617
25106
25236
25734
25958
27524
29846
30638
30820
15030
16322
16999
18576
19541
21747
22676
23180
24167
26080
26269
26873
27064
28614
29326
29389
29998
30020
30031
30267
16392
18607
19510
19747
20249
21262
24038
24295
24332
24836
25830
26719
26723
27462
28179
28896
28925
29071
29268
29275
29496
29777
29791
13329
13699
15383
15744
15982
16790
16847
17235
19007
20824
20978
21022
21595
21977
22576
23651
23942
24523
25188
25318
25447
25893
26024
26095
26346
26457
27304
27604
27744
27999
28004
28038
28107
28440
28658
28953
29338
29533
29596
29628
30286
30333
30539
30756
8929
12874
13532
16552
17074
19127
20149
20288
20479
20964
21209
21701
21774
21846
22550
22739
22977
22981
23109
23112
23313
23727
24012
24366
24497
24556
24732
25261
25362
25699
25990
26025
26470
26579
26745
26980
27104
27161
27446
27531
27641
27724
28370
28532
28716
28717
28810
28861
28978
29198
29489
29574
29575
29769
29786
29983
30292
30505
30584
30666
30746
8735
12500
12915
12994
13289
13727
13797
14700
14985
15192
15408
15636
15827
16175
16733
17600
18116
18400
18698
18758
18762
18949
19031
19088
19109
19187
19582
19990
20750
20797
21019
21133
21427
21535
21571
21980
22276
22374
22501
22742
23199
23251
23394
23848
24013
24134
24686
25078
25194
25472
25647
25652
25905
26028
26600
26625
27376
27429
27572
27843
28104
28244
28539
28617
28683
28737
28764
28782
28916
29011
29058
29078
29085
29792
30131
30355
30373
30378
30613
30677
30835
6375
8692
9289
9925
11878
12165
12166
12791
13677
13796
13986
14002
14185
14745
14982
15629
15634
15659
15662
15694
16070
16694
16782
16898
17262
17294
17308
17421
17476
17667
17687
17935
17952
18030
18105
18226
18469
18837
19283
19576
19930
20062
20231
20298
20413
20518
20727
20728
20831
20854
20979
21020
21093
21123
21350
21618
21719
21720
21922
22047
22071
22078
22162
22294
22487
22772
22807
22884
23027
23037
23246
23284
23314
23491
23508
23553
23734
23756
23769
23836
23863
23957
23971
24002
24005
24077
24091
24124
24444
24619
24661
24678
24695
24731
24791
25074
25163
25205
25260
25310
25322
25357
25393
25411
25415
25523
25761
25841
25843
25875
26240
26380
26395
26454
26484
26591
26767
26898
26924
27026
27204
27226
27343
27541
27571
27597
27667
27835
27844
27968
28015
28026
28118
28214
28293
28791
28860
28912
29204
29256
29302
29548
29744
29770
29773
29820
29825
29927
29956
30006
30017
30034
30050
30118
30130
30311
30382
30519
30683
30702
30720
30785
8115
8208
8656
9392
9510
9616
9998
10068
10165
11309
11453
12128
12188
12204
12309
12346
12372
12703
13427
13950
13978
14482
14510
14602
14606
14662
14668
14816
14831
14876
14921
15319
15499
15610
15651
15823
15837
15888
16099
16120
16236
16266
16468
16602
16642
16742
16797
16798
16858
16885
16945
17123
17142
17621
17889
18001
18002
18007
18039
18118
18286
18522
18559
18741
18790
18828
18927
19029
19075
19181
19316
19329
19507
19769
19900
19955
19973
20065
20280
20286
20296
20313
20353
20559
20604
20633
20739
20813
20844
20861
20898
20922
21006
21047
21060
21070
21214
21221
21233
21446
21455
21503
21645
21684
21696
21714
21812
21854
21893
21904
22075
22101
22184
22440
22495
22733
22844
22869
22958
22992
23170
23178
23192
23193
23293
23427
23453
23524
23538
23678
23838
24004
24050
24093
24133
24146
24306
24481
24607
24697
24709
24741
24771
24857
24889
24890
24985
25254
25319
25364
25430
25515
25627
25708
25785
25788
25796
25805
25808
25832
25924
25931
25935
25949
26003
26083
26115
26176
26182
26200
26212
26259
26275
26296
26302
26322
26373
26409
26411
26489
26542
26574
26585
26610
26634
26726
26729
26798
26849
26869
26912
26926
26975
26981
27020
27044
27234
27356
27422
27465
27558
27581
27607
27615
27619
27640
27645
27694
27702
27713
27741
27780
27854
27862
27893
28016
28039
28048
28235
28258
28324
28351
28447
28499
28512
28624
28698
28711
28750
28972
29000
29057
29075
29124
29165
29199
29201
29211
29272
29276
29295
29314
29351
29428
29508
29534
29558
29622
29636
29639
29751
29797
29816
29851
29860
29937
29967
30055
30099
30100
30112
30158
30231
30387
30424
30428
30444
30510
30551
30558
30586
30668
30698
30759
30760
30767
30809
30814
6964
7491
8139
8193
8384
8678
8736
8825
9893
10299
10313
10599
11226
11313
11400
11448
11541
11692
11769
12039
12060
12133
12198
12462
12466
12675
13011
13018
13049
13216
13240
13251
13309
13446
13472
13529
13805
13882
13885
13927
14104
14140
14168
14276
14357
14395
14448
14937
15066
15368
15427
15441
15666
15670
15687
15822
16012
16065
16198
16257
16360
16396
16505
16597
16615
16671
16710
16755
16810
16814
16817
16904
17039
17056
17107
17139
17196
17200
17218
17239
17251
17354
17460
17473
17508
17531
17539
17652
17678
17680
17764
17805
17886
18045
18084
18144
18172
18216
18232
18246
18268
18448
18464
18592
18627
18659
18672
18688
18749
18959
18969
19002
19015
19035
19044
19055
19160
19235
19274
19315
19336
19400
19406
19462
19475
19490
19561
19577
19589
19642
19690
19719
19855
19924
19986
20066
20100
20253
20263
20272
20284
20396
20534
20596
20606
20653
20663
20716
20740
20878
20913
21014
21041
21054
21139
21150
21211
21216
21276
21298
21304
21355
21371
21447
21484
21520
21545
21553
21587
21650
21755
21776
21848
21955
21968
22008
22016
22048
22186
22297
22324
22327
22350
22414
22503
22510
22535
22645
22745
22783
22820
22827
22878
22903
22930
23001
23045
23132
23225
23241
23288
23302
23311
23324
23332
23393
23415
23425
23598
23608
23645
23648
23677
23692
23705
23807
23824
23833
23888
23898
23968
23976
23982
23995
24096
24099
24131
24198
24222
24233
24340
24401
24428
24446
24457
24463
24473
24500
24525
24578
24604
24608
24624
24708
24727
24748
24767
24778
24782
24788
24818
24831
24907
24966
25032
25079
25124
25130
25142
25182
25256
25298
25339
25349
25418
25478
25522
25566
25602
25645
25713
25763
25779
25780
25787
25912
25944
25978
25986
26008
26010
26039
26046
26087
26114
26188
26209
26255
26258
26262
26419
26501
26508
26544
26581
26592
26614
26682
26689
26750
26760
26768
26775
26872
26972
26983
27034
27042
27056
27094
27110
27138
27160
27168
27238
27243
27338
27348
27352
27393
27397
27400
27434
27436
27439
27451
27466
27516
27518
27527
27530
27550
27566
27595
27652
27685
27711
27726
27764
27814
27828
27872
28082
28089
28090
28098
28141
28155
28223
28239
28344
28397
28407
28439
28448
28462
28484
28500
28506
28513
28525
28566
28576
28645
28657
28671
28675
28701
28705
28739
28754
28758
28841
28855
28869
28878
28890
28901
28956
28983
29038
29066
29070
29080
29092
29230
29231
29244
29269
29271
29280
29288
29328
29331
29344
29352
29378
29382
29400
29430
29445
29451
29481
29485
29486
29498
29503
29511
29527
29536
29583
29592
29609
29632
29699
29732
29749
29795
29810
29848
29878
29901
29905
29939
29954
29993
29996
30039
30046
30061
30063
30113
30134
30181
30185
30222
30232
30244
30262
30327
30346
30399
30481
30555
30560
30579
30603
30620
30636
30647
30661
30690
30710
30732
30737
30766
30822
30836
3760
3943
6223
7595
7680
7726
7737
7740
8119
8784
9194
9330
9485
9610
9855
9892
9962
10001
10086
10166
10203
10234
10261
10392
10410
10431
10707
11126
11412
11423
11462
11485
11630
11772
11777
11823
11828
12021
12023
12113
12160
12227
12269
12270
12337
12376
12398
12464
12504
12521
12547
12689
12770
12820
12831
12938
12984
13005
13019
13020
13024
13040
13125
13209
13215
13230
13237
13276
13303
13349
13457
13505
13523
13640
13736
13737
13751
13774
13777
13929
13933
13969
14017
14146
14154
14159
14180
14304
14366
14391
14396
14464
14559
14570
14628
14635
14727
14730
14760
14890
14897
14919
15004
15012
15072
15167
15186
15273
15274
15376
15384
15484
15485
15527
15559
15579
15601
15712
15720
15760
15780
15921
15974
16140
16183
16209
16223
16285
16327
16373
16389
16484
16593
16598
16629
16632
16669
16699
16725
16756
16789
16896
16927
16965
16993
17018
17048
17070
17146
17225
17268
17316
17317
17388
17479
17534
17537
17574
17605
17613
17630
17631
17713
17869
18004
18032
18058
18092
18142
18167
18169
18221
18222
18224
18247
18254
18336
18338
18366
18370
18381
18382
18446
18468
18537
18553
18567
18575
18585
18591
18597
18610
18614
18671
18679
18702
18709
18725
18736
18740
18755
18759
18760
18761
18796
18799
18804
18805
18820
18829
18890
18893
18902
18920
18944
18952
18954
19019
19067
19086
19089
19158
19262
19285
19295
19323
19343
19363
19366
19389
19396
19407
19512
19595
19604
19606
19657
19687
19723
19750
19765
19811
19826
19836
19874
19912
19932
19948
19960
19962
19966
20006
20012
20117
20148
20156
20165
20187
20255
20281
20333
20334
20338
20357
20379
20384
20385
20387
20409
20418
20426
20469
20486
20513
20528
20550
20576
20577
20598
20613
20620
20672
20701
20737
20761
20776
20815
20851
20855
20866
20904
20928
20930
20941
20976
21039
21040
21115
21180
21218
21241
21248
21264
21272
21282
21299
21347
21385
21397
21451
21483
21502
21509
21592
21617
21624
21632
21634
21638
21659
21666
21706
21726
21802
21852
21860
21892
21908
21931
21934
21946
21947
21950
21961
21964
21988
22003
22053
22067
22070
22128
22134
22177
22196
22209
22245
22253
22263
22332
22341
22362
22366
22425
22428
22457
22458
22461
22474
22485
22498
22511
22525
22534
22549
22554
22616
22620
22623
22647
22653
22661
22668
22671
22748
22752
22758
22785
22791
22805
22812
22828
22888
22894
22916
22921
22953
22963
22965
22974
22976
22986
22989
23013
23058
23078
23079
23089
23105
23146
23174
23175
23185
23214
23215
23219
23244
23258
23274
23278
23290
23295
23303
23315
23328
23334
23391
23418
23431
23451
23452
23482
23484
23486
23493
23572
23584
23590
23602
23632
23640
23661
23680
23730
23733
23743
23768
23797
23821
23839
23850
23851
23880
23912
24003
24023
24027
24043
24073
24090
24174
24180
24245
24293
24315
24347
24351
24358
24360
24374
24413
24456
24470
24493
24516
24536
24540
24546
24553
24573
24580
24647
24687
24688
24725
24762
24765
24768
24770
24801
24834
24852
24867
24897
24898
24901
24919
24924
24933
24954
24957
24959
24972
24976
24983
24984
24989
24997
25055
25068
25101
25122
25155
25192
25196
25228
25230
25235
25262
25263
25328
25331
25334
25389
25404
25424
25434
25461
25480
25518
25520
25543
25554
25574
25590
25612
25615
25642
25673
25678
25695
25709
25716
25728
25770
25783
25804
25854
25870
25882
25903
25904
25915
25916
25943
25970
26043
26066
26074
26082
26085
26089
26125
26130
26136
26142
26146
26149
26156
26170
26175
26183
26202
26214
26217
26218
26226
26238
26246
26251
26260
26263
26287
26298
26333
26350
26351
26371
26372
26435
26472
26474
26504
26510
26511
26570
26572
26598
26633
26644
26666
26670
26695
26717
26730
26734
26749
26756
26800
26806
26817
26829
26836
26881
26890
26905
26915
26951
26973
27006
27010
27040
27041
27071
27080
27093
27106
27107
27120
27139
27152
27202
27207
27267
27298
27299
27309
27325
27336
27378
27410
27428
27463
27506
27511
27529
27552
27553
27594
27601
27621
27631
27636
27699
27734
27738
27781
27786
27799
27875
27876
27964
27980
27990
27991
28000
28010
28020
28040
28052
28074
28109
28120
28123
28137
28147
28148
28183
28186
28207
28220
28232
28281
28288
28295
28313
28325
28360
28364
28368
28371
28382
28383
28390
28423
28450
28454
28455
28458
28465
28482
28488
28514
28542
28543
28558
28587
28588
28602
28603
28670
28682
28691
28706
28718
28775
28779
28786
28792
28807
28830
28849
28866
28926
28948
28965
28971
28990
29026
29084
29143
29159
29179
29180
29224
29237
29240
29245
29248
29253
29347
29353
29375
29377
29440
29455
29487
29500
29515
29529
29541
29542
29547
29554
29556
29569
29578
29611
29614
29621
29624
29688
29691
29695
29719
29721
29805
29808
29814
29815
29830
29859
29873
29896
29907
29911
29931
29960
29995
29999
30007
30013
30024
30029
30040
30070
30078
30095
30102
30119
30144
30146
30162
30167
30189
30201
30209
30234
30250
30275
30302
30315
30375
30408
30427
30462
30480
30488
30548
30556
30565
30599
30606
30621
30622
30644
30680
30692
30693
30694
30711
30719
30728
30734
30736
30749
30763
30768
30769
30816
3103
3219
3528
4249
4509
4565
4680
4926
5135
5262
5271
5416
5496
5535
5726
5785
5907
6002
6012
6167
6378
6411
6678
6748
6771
6814
6917
6989
7054
7129
7230
7241
7242
7255
7269
7272
7292
7405
7554
7663
7825
7997
8017
8071
8161
8371
8430
8448
8498
8683
8728
8892
8923
9052
9079
9095
9108
9145
9239
9243
9355
9393
9398
9422
9450
9477
9490
9534
9593
9605
9621
9684
9688
9691
9753
9808
9851
9867
9915
9931
9958
9966
10022
10127
10163
10221
10271
10283
10330
10355
10464
10565
10692
10713
10723
10754
10801
10911
10941
10996
11090
11133
11169
11208
11254
11267
11271
11282
11384
11402
11429
11446
11472
11530
11539
11589
11591
11599
11634
11653
11673
11683
11695
11704
11749
11756
11785
11789
11805
11811
11820
11824
11833
11835
11858
11869
11876
11900
11952
11965
12001
12002
12014
12032
12070
12084
12111
12140
12171
12183
12327
12338
12395
12399
12426
12438
12444
12478
12591
12600
12639
12649
12659
12713
12745
12755
12768
12790
12817
12836
12852
12869
12910
12922
12923
12959
12970
12973
12978
12989
12995
13003
13047
13059
13113
13119
13122
13145
13163
13191
13211
13218
13324
13342
13359
13390
13503
13517
13528
13531
13535
13609
13610
13624
13630
13633
13635
13695
13696
13712
13740
13749
13753
13762
13798
13841
13870
13906
13920
13923
13930
14010
14028
14075
14088
14102
14130
14167
14194
14261
14271
14272
14289
14291
14298
14307
14311
14362
14413
14415
14429
14455
14477
14512
14531
14585
14614
14623
14659
14693
14708
14753
14788
14862
14880
14887
14892
14902
14906
14949
14972
14997
15015
15080
15101
15127
15146
15149
15153
15183
15189
15206
15242
15284
15290
15293
15299
15300
15312
15323
15343
15348
15356
15365
15371
15387
15397
15401
15410
15412
15418
15453
15465
15490
15500
15520
15532
15535
15551
15554
15615
15618
15632
15633
15701
15730
15747
15754
15759
15842
15862
15893
15907
15915
15926
15936
15938
15964
15975
16023
16029
16031
16060
16076
16137
16159
16161
16171
16190
16192
16294
16342
16382
16395
16442
16452
16483
16498
16521
16550
16555
16575
16581
16587
16608
16672
16718
16729
16746
16748
16765
16781
16791
16792
16801
16811
16826
16828
16840
16843
16864
16870
16875
16901
16910
16914
16915
16916
16924
16941
16968
16980
17002
17020
17038
17040
17042
17053
17069
17073
17082
17091
17110
17163
17174
17211
17266
17280
17283
17284
17320
17326
17335
17342
17371
17392
17458
17496
17497
17550
17572
17584
17596
17644
17655
17668
17692
17727
17728
17740
17753
17838
17855
17860
17871
17893
17917
17960
17966
17999
18024
18089
18110
18160
18177
18179
18190
18206
18210
18239
18241
18285
18305
18348
18375
18440
18449
18472
18476
18488
18490
18519
18569
18595
18617
18621
18663
18670
18733
18773
18776
18802
18810
18821
18830
18847
18848
18858
18895
18901
18903
18918
18938
18947
18956
18960
18985
18990
18993
19051
19077
19091
19098
19099
19120
19123
19149
19155
19157
19168
19172
19184
19228
19231
19239
19245
19257
19269
19296
19297
19303
19308
19341
19368
19373
19411
19422
19436
19448
19457
19468
19501
19505
19514
19586
19591
19600
19601
19626
19640
19643
19744
19770
19777
19793
19801
19837
19845
19846
19887
19891
19896
19897
19918
19940
19949
19951
19961
19984
20008
20021
20029
20031
20033
20035
20037
20068
20081
20091
20092
20093
20111
20124
20174
20201
20206
20207
20220
20224
20233
20236
20264
20271
20324
20332
20355
20376
20433
20439
20453
20455
20457
20461
20467
20500
20529
20538
20556
20560
20565
20570
20592
20602
20619
20625
20630
20636
20642
20666
20675
20681
20683
20700
20706
20715
20734
20738
20746
20760
20763
20790
20791
20799
20800
20802
20809
20835
20843
20857
20865
20872
20876
20881
20889
20933
20934
20948
20950
20962
20965
21004
21038
21071
21076
21091
21097
21131
21145
21181
21186
21188
21195
21206
21230
21235
21242
21258
21263
21290
21303
21323
21328
21412
21438
21461
21465
21468
21472
21473
21488
21489
21491
21501
21504
21537
21569
21572
21576
21581
21593
21606
21616
21627
21641
21651
21665
21691
21711
21742
21744
21749
21759
21761
21765
21768
21779
21795
21803
21832
21863
21867
21872
21886
21887
21888
21926
21932
21952
21956
21966
21972
21991
22020
22022
22058
22072
22083
22106
22133
22135
22146
22157
22163
22180
22202
22206
22227
22238
22239
22242
22248
22260
22266
22274
22309
22313
22323
22337
22352
22355
22370
22395
22412
22415
22418
22420
22424
22426
22448
22452
22454
22464
22477
22478
22479
22488
22491
22531
22545
22546
22566
22592
22595
22602
22611
22612
22618
22660
22678
22679
22682
22698
22700
22704
22763
22782
22804
22806
22810
22835
22856
22861
22866
22868
22883
22915
22935
22936
22943
22955
22971
22996
22998
23074
23090
23111
23126
23141
23143
23145
23155
23160
23162
23164
23168
23172
23179
23181
23187
23195
23201
23202
23233
23243
23261
23283
23286
23292
23296
23352
23360
23362
23379
23382
23385
23412
23420
23437
23460
23475
23483
23510
23513
23529
23532
23535
23547
23594
23604
23620
23627
23631
23639
23658
23666
23681
23690
23702
23706
23712
23739
23748
23754
23758
23771
23775
23786
23796
23803
23805
23813
23816
23825
23827
23837
23853
23864
23891
23892
23902
23907
23956
23959
23962
23975
23983
23985
23989
24001
24008
24030
24032
24051
24052
24064
24071
24079
24086
24105
24117
24152
24158
24187
24193
24196
24210
24216
24237
24254
24266
24268
24289
24292
24355
24385
24390
24431
24434
24435
24458
24466
24476
24479
24486
24494
24496
24501
24514
24541
24542
24551
24555
24585
24621
24631
24633
24634
24637
24640
24645
24654
24676
24752
24761
24766
24773
24810
24826
24830
24844
24870
24873
24877
24880
24894
24920
24923
24943
24944
24967
24969
24975
24977
24981
25017
25024
25050
25056
25072
25080
25084
25085
25090
25100
25104
25108
25119
25136
25137
25144
25152
25154
25176
25177
25180
25197
25210
25211
25212
25222
25223
25240
25248
25272
25283
25286
25313
25326
25327
25332
25352
25353
25355
25356
25414
25420
25423
25438
25440
25441
25453
25457
25462
25465
25470
25473
25507
25529
25532
25540
25542
25546
25565
25576
25578
25626
25648
25653
25674
25681
25693
25706
25723
25725
25729
25747
25793
25813
25814
25840
25848
25858
25864
25874
25884
25890
25898
25899
25901
25907
25925
25929
25937
25951
25954
25957
25964
25968
25981
25997
26045
26050
26057
26062
26064
26078
26079
26084
26088
26097
26098
26100
26103
26104
26150
26160
26194
26197
26205
26206
26272
26284
26299
26304
26317
26319
26329
26330
26331
26332
26335
26362
26364
26393
26398
26403
26421
26422
26432
26455
26463
26466
26468
26477
26487
26488
26502
26543
26549
26550
26551
26556
26571
26573
26583
26589
26606
26609
26613
26621
26626
26636
26662
26665
26667
26668
26676
26685
26698
26710
26712
26720
26728
26738
26741
26758
26780
26796
26856
26857
26870
26871
26885
26891
26896
26909
26914
26918
26920
26922
26935
26954
26962
26988
26989
27008
27018
27025
27035
27051
27052
27061
27067
27073
27078
27082
27083
27089
27111
27113
27123
27142
27143
27147
27148
27150
27155
27174
27196
27205
27244
27249
27250
27295
27296
27332
27340
27347
27353
27359
27360
27394
27395
27407
27417
27469
27489
27502
27533
27540
27568
27569
27585
27627
27650
27657
27659
27664
27671
27673
27675
27678
27682
27695
27696
27697
27698
27700
27710
27715
27718
27721
27752
27754
27755
27765
27767
27770
27771
27787
27792
27819
27832
27836
27850
27860
27861
27868
27883
27901
27912
27917
27919
27923
27940
27953
27971
27981
27982
27993
27996
28011
28017
28024
28036
28047
28049
28054
28058
28066
28068
28091
28108
28110
28129
28133
28143
28152
28158
28172
28195
28203
28219
28240
28242
28247
28262
28265
28274
28276
28280
28286
28297
28305
28315
28320
28326
28330
28334
28335
28346
28363
28411
28419
28424
28425
28429
28432
28451
28459
28463
28469
28471
28473
28505
28510
28518
28522
28529
28538
28561
28568
28577
28594
28595
28611
28616
28631
28639
28644
28656
28660
28677
28694
28702
28704
28714
28727
28742
28745
28755
28815
28819
28825
28837
28843
28865
28872
28885
28886
28888
28898
28907
28914
28938
28942
28943
28952
28976
28987
28998
29003
29014
29019
29021
29031
29033
29037
29046
29072
29073
29082
29091
29096
29106
29111
29113
29115
29117
29137
29139
29156
29160
29174
29210
29223
29233
29265
29278
29291
29301
29309
29317
29322
29329
29332
29340
29346
29348
29350
29359
29368
29379
29391
29403
29404
29405
29407
29441
29443
29447
29449
29457
29470
29472
29476
29525
29537
29546
29561
29577
29582
29588
29589
29612
29619
29633
29637
29642
29652
29660
29661
29670
29681
29685
29686
29698
29705
29709
29711
29712
29714
29718
29728
29731
29742
29747
29764
29778
29811
29813
29834
29840
29844
29850
29854
29866
29867
29886
29887
29890
29894
29895
29897
29903
29914
29919
29932
29944
29949
29953
29964
29968
29977
29978
29989
29992
30022
30028
30036
30066
30067
30087
30089
30091
30159
30164
30166
30175
30176
30194
30195
30217
30239
30241
30280
30299
30304
30321
30326
30357
30367
30389
30393
30407
30409
30419
30430
30435
30446
30453
30461
30484
30485
30487
30489
30493
30499
30506
30508
30512
30526
30529
30530
30531
30537
30553
30567
30582
30597
30605
30614
30624
30635
30637
30655
30667
30669
30671
30699
30701
30704
30705
30707
30709
30713
30718
30721
30740
30744
30750
30777
30781
30786
30804
30817
30834
1147
1504
2092
2171
2225
2383
2589
2621
2924
3073
3110
3149
3211
3386
3410
3427
3602
3684
3698
3704
4078
4154
4298
4456
4489
4503
4640
4779
4852
4858
4867
4986
4992
5076
5093
5094
5245
5339
5380
5388
5396
5427
5471
5491
5520
5590
5599
5610
5625
5648
5677
5731
5769
5830
5881
5885
5891
5964
5985
6065
6077
6298
6303
6305
6337
6344
6376
6400
6413
6467
6482
6567
6589
6604
6617
6677
6699
6705
6716
6723
6741
6747
6766
6768
6834
6840
6841
6877
6922
6949
6963
7007
7041
7060
7090
7102
7106
7167
7190
7191
7225
7268
7270
7322
7327
7382
7412
7422
7472
7479
7480
7514
7534
7537
7556
7566
7579
7587
7659
7686
7690
7694
7698
7708
7715
7743
7774
7791
7824
7846
7883
7896
7914
7944
7974
7984
7985
8072
8077
8127
8128
8163
8201
8204
8240
8248
8276
8303
8347
8360
8372
8376
8381
8416
8440
8458
8500
8523
8527
8554
8562
8640
8645
8690
8761
8762
8785
8788
8789
8806
8811
8832
8840
8844
8852
8871
8879
8894
8907
8926
8949
8954
8962
8975
8979
8988
9020
9026
9031
9040
9048
9078
9102
9106
9109
9118
9126
9177
9216
9225
9226
9247
9252
9272
9275
9309
9315
9323
9339
9346
9358
9385
9400
9427
9431
9454
9466
9543
9552
9573
9598
9599
9600
9602
9629
9637
9664
9690
9696
9699
9727
9734
9742
9767
9774
9789
9791
9812
9850
9888
9910
9946
9955
9984
10024
10041
10065
10080
10098
10108
10116
10135
10139
10144
10152
10159
10190
10191
10207
10238
10240
10242
10252
10269
10270
10279
10286
10294
10298
10302
10345
10356
10395
10404
10423
10428
10434
10444
10455
10459
10471
10474
10475
10484
10488
10514
10526
10558
10559
10564
10581
10595
10597
10606
10614
10638
10656
10661
10671
10680
10726
10731
10757
10762
10771
10772
10776
10786
10809
10832
10857
10871
10876
10878
10885
10902
10903
10913
10916
10938
10973
10997
11006
11037
11048
11049
11065
11074
11100
11112
11122
11129
11138
11175
11184
11186
11192
11193
11205
11224
11229
11232
11255
11278
11281
11296
11297
11303
11345
11399
11413
11437
11455
11473
11476
11500
11534
11538
11577
11578
11580
11596
11598
11601
11626
11627
11640
11641
11665
11670
11674
11681
11689
11700
11746
11751
11761
11765
11775
11803
11808
11815
11826
11830
11831
11836
11851
11867
11874
11879
11889
11894
11898
11911
11915
11916
11918
11921
11954
11964
11971
11975
11978
11986
11990
12024
12053
12067
12069
12080
12094
12096
12109
12115
12116
12118
12123
12138
12155
12161
12175
12177
12208
12211
12222
12229
12232
12238
12241
12244
12247
12250
12272
12275
12286
12292
12320
12364
12371
12386
12390
12391
12404
12418
12422
12448
12472
12477
12479
12487
12491
12495
12511
12520
12552
12572
12577
12587
12590
12597
12618
12626
12627
12651
12656
12685
12693
12708
12718
12734
12740
12751
12763
12766
12774
12799
12821
12829
12841
12853
12855
12864
12893
12894
12905
12947
12952
12965
12980
12990
12993
13008
13012
13026
13028
13035
13037
13042
13048
13053
13064
13067
13077
13089
13092
13129
13184
13197
13203
13206
13213
13225
13249
13254
13258
13269
13270
13284
13290
13292
13294
13296
13299
13313
13333
13363
13368
13414
13422
13436
13437
13454
13458
13494
13496
13498
13506
13516
13530
13541
13546
13568
13591
13598
13611
13620
13644
13648
13694
13728
13729
13744
13747
13756
13759
13765
13778
13780
13784
13787
13790
13802
13803
13876
13888
13893
13897
13904
13912
13936
13944
13973
13975
13977
13987
14001
14033
14040
14051
14065
14067
14083
14084
14089
14136
14152
14156
14164
14181
14192
14204
14217
14224
14229
14237
14238
14247
14256
14267
14301
14302
14322
14328
14329
14331
14349
14352
14378
14382
14389
14394
14403
14424
14435
14449
14463
14492
14496
14506
14511
14519
14530
14542
14565
14575
14577
14581
14587
14595
14607
14625
14626
14638
14651
14653
14657
14666
14671
14691
14715
14726
14735
14752
14756
14762
14765
14781
14787
14796
14806
14810
14837
14845
14846
14850
14858
14860
14865
14872
14875
14878
14900
14912
14913
14930
14934
14943
14950
14956
14958
14962
14963
14978
14991
14994
15001
15011
15034
15046
15047
15061
15067
15092
15100
15109
15118
15122
15132
15134
15138
15150
15159
15181
15200
15201
15202
15225
15245
15251
15256
15265
15268
15271
15276
15292
15297
15298
15302
15315
15324
15339
15350
15351
15352
15367
15380
15386
15389
15395
15442
15451
15462
15469
15483
15489
15495
15513
15514
15543
15555
15573
15589
15594
15596
15597
15604
15605
15613
15631
15639
15649
15656
15668
15679
15681
15684
15689
15711
15724
15738
15741
15742
15764
15766
15788
15792
15811
15812
15817
15851
15855
15860
15864
15876
15878
15889
15890
15896
15901
15908
15925
15930
15950
15953
15955
15967
16030
16032
16034
16036
16050
16088
16106
16113
16130
16141
16163
16173
16174
16179
16186
16195
16205
16207
16212
16221
16228
16247
16262
16274
16282
16287
16300
16305
16309
16313
16318
16337
16346
16359
16379
16419
16420
16426
16445
16447
16451
16455
16472
16480
16496
16503
16511
16514
16518
16542
16543
16544
16546
16549
16556
16557
16562
16569
16573
16577
16586
16592
16594
16595
16604
16605
16610
16620
16622
16625
16628
16633
16635
16649
16652
16655
16676
16680
16690
16692
16696
16707
16740
16745
16749
16758
16764
16772
16773
16774
16784
16809
16827
16830
16838
16842
16844
16845
16849
16850
16863
16890
16891
16902
16907
16922
16931
16932
16937
16954
16961
16963
16971
16979
16985
17014
17017
17035
17041
17047
17060
17062
17066
17072
17076
17081
17108
17118
17119
17132
17134
17136
17148
17155
17156
17157
17158
17166
17179
17193
17201
17207
17214
17252
17254
17256
17270
17271
17272
17278
17297
17310
17327
17339
17348
17349
17350
17361
17365
17372
17377
17378
17380
17397
17423
17425
17429
17446
17478
17489
17491
17492
17495
17509
17511
17533
17538
17556
17558
17562
17568
17579
17606
17619
17628
17629
17632
17640
17645
17656
17659
17662
17663
17664
17665
17666
17673
17682
17699
17709
17722
17723
17731
17732
17744
17747
17750
17770
17777
17778
17789
17793
17804
17815
17819
17827
17828
17857
17859
17867
17870
17875
17879
17880
17900
17937
17939
17950
17962
17977
17980
17982
17983
17992
17995
18000
18010
18011
18013
18031
18035
18044
18054
18056
18061
18063
18064
18086
18091
18093
18099
18100
18107
18132
18161
18171
18186
18194
18196
18199
18207
18209
18214
18217
18218
18245
18251
18252
18269
18293
18294
18308
18312
18315
18328
18329
18332
18333
18342
18346
18351
18359
18362
18363
18372
18378
18386
18390
18391
18399
18406
18412
18418
18426
18430
18445
18462
18477
18486
18487
18513
18517
18521
18541
18550
18554
18572
18578
18584
18586
18589
18594
18596
18598
18601
18603
18619
18625
18626
18633
18650
18668
18677
18689
18718
18722
18730
18747
18765
18769
18772
18775
18788
18793
18794
18795
18798
18807
18814
18846
18868
18869
18874
18884
18910
18912
18913
18932
18935
18936
18945
18946
18953
18962
18970
18982
18984
18994
19004
19013
19023
19036
19041
19043
19053
19057
19064
19081
19096
19107
19114
19132
19145
19148
19154
19162
19166
19170
19176
19179
19188
19189
19193
19194
19202
19209
19216
19226
19227
19232
19258
19264
19268
19278
19294
19321
19325
19328
19353
19365
19376
19378
19387
19388
19392
19394
19399
19414
19424
19426
19433
19434
19456
19485
19494
19513
19517
19522
19533
19537
19542
19556
19560
19562
19570
19574
19575
19590
19598
19609
19615
19635
19648
19667
19669
19670
19674
19677
19678
19682
19685
19689
19691
19693
19694
19706
19708
19709
19710
19712
19730
19732
19754
19756
19768
19771
19781
19785
19794
19802
19804
19807
19831
19839
19843
19850
19851
19853
19854
19858
19862
19864
19879
19901
19913
19916
19921
19928
19929
19933
19934
19935
19937
19943
19958
19974
19978
19980
19981
19985
19998
19999
20001
20011
20013
20044
20045
20058
20060
20061
20064
20072
20084
20098
20102
20114
20125
20134
20140
20163
20168
20169
20172
20173
20181
20183
20185
20189
20190
20200
20209
20210
20214
20217
20227
20234
20239
20244
20245
20247
20250
20252
20257
20260
20261
20268
20282
20287
20291
20305
20307
20312
20317
20321
20339
20341
20346
20349
20354
20370
20374
20375
20378
20382
20392
20398
20400
20403
20412
20420
20431
20451
20463
20466
20481
20483
20487
20491
20495
20503
20505
20510
20511
20522
20524
20536
20540
20542
20547
20555
20561
20571
20573
20575
20583
20597
20615
20637
20649
20654
20656
20657
20665
20676
20688
20690
20704
20710
20713
20717
20718
20722
20744
20751
20781
20796
20798
20825
20828
20830
20833
20834
20847
20853
20856
20860
20862
20867
20874
20886
20893
20899
20907
20908
20909
20917
20921
20926
20939
20963
20974
20981
20987
21007
21016
21030
21032
21044
21049
21058
21074
21080
21084
21085
21088
21089
21099
21100
21106
21108
21113
21126
21128
21130
21138
21142
21151
21159
21161
21163
21169
21176
21183
21191
21200
21213
21231
21239
21259
21269
21270
21274
21278
21287
21294
21295
21296
21311
21321
21332
21356
21361
21368
21373
21380
21386
21400
21405
21409
21418
21421
21432
21435
21437
21443
21445
21452
21463
21471
21475
21481
21496
21506
21512
21514
21521
21522
21533
21539
21540
21541
21542
21543
21557
21558
21566
21582
21596
21598
21599
21601
21612
21615
21619
21620
21647
21656
21657
21660
21668
21671
21674
21679
21681
21682
21688
21690
21694
21700
21704
21707
21709
21712
21713
21718
21721
21728
21730
21736
21754
21756
21758
21764
21769
21777
21783
21789
21790
21793
21796
21797
21805
21809
21813
21816
21818
21822
21835
21844
21850
21855
21857
21864
21873
21874
21877
21878
21882
21885
21890
21891
21896
21897
21909
21913
21923
21943
21944
21957
21962
21969
21987
22000
22004
22024
22029
22037
22038
22043
22044
22056
22064
22065
22088
22096
22103
22105
22112
22119
22125
22131
22132
22137
22142
22147
22158
22164
22167
22170
22192
22213
22218
22222
22223
22225
22229
22230
22233
22246
22249
22251
22254
22255
22261
22264
22277
22282
22285
22286
22287
22295
22301
22310
22326
22329
22344
22348
22358
22372
22373
22385
22394
22396
22397
22400
22408
22411
22416
22417
22431
22436
22441
22443
22444
22456
22459
22466
22473
22481
22483
22504
22513
22515
22520
22533
22536
22537
22543
22552
22562
22570
22571
22575
22578
22579
22590
22594
22601
22607
22615
22624
22634
22637
22638
22639
22642
22652
22655
22659
22666
22672
22685
22690
22691
22696
22702
22707
22709
22711
22719
22730
22747
22757
22759
22760
22761
22764
22774
22775
22777
22788
22789
22801
22824
22829
22832
22848
22851
22852
22858
22862
22865
22867
22870
22879
22887
22893
22906
22913
22914
22931
22932
22942
22945
22950
22954
22966
22967
22970
22973
22980
22983
22988
23000
23002
23003
23005
23007
23009
23010
23020
23025
23034
23049
23051
23052
23061
23062
23080
23085
23095
23102
23119
23120
23123
23137
23149
23152
23153
23159
23165
23169
23171
23190
23206
23210
23220
23221
23222
23223
23226
23227
23229
23230
23253
23266
23269
23272
23275
23279
23280
23301
23310
23316
23318
23322
23325
23326
23329
23330
23336
23340
23342
23346
23347
23354
23359
23363
23366
23367
23377
23388
23399
23411
23419
23422
23423
23436
23440
23454
23456
23464
23470
23487
23496
23499
23502
23507
23512
23523
23527
23530
23531
23540
23548
23551
23557
23570
23575
23578
23580
23586
23614
23625
23630
23633
23643
23644
23676
23687
23691
23713
23723
23735
23741
23749
23757
23764
23776
23785
23787
23788
23789
23801
23802
23814
23822
23831
23832
23834
23849
23855
23857
23862
23873
23876
23879
23885
23887
23901
23910
23913
23919
23925
23931
23933
23940
23945
23948
23961
23963
23966
23967
23969
23974
23978
23986
23987
23993
23997
24017
24020
24024
24025
24028
24040
24044
24053
24054
24081
24085
24106
24107
24111
24118
24126
24127
24129
24135
24144
24145
24150
24155
24157
24165
24172
24179
24192
24194
24197
24199
24200
24202
24203
24204
24206
24212
24214
24220
24224
24234
24235
24238
24242
24243
24256
24258
24262
24276
24281
24283
24284
24294
24299
24304
24307
24310
24311
24320
24324
24326
24337
24338
24343
24359
24362
24364
24379
24381
24392
24393
24395
24406
24408
24414
24424
24429
24445
24449
24465
24467
24483
24490
24502
24504
24509
24512
24517
24521
24522
24526
24530
24532
24534
24548
24549
24561
24562
24570
24583
24586
24587
24588
24590
24597
24602
24611
24615
24636
24642
24653
24655
24664
24668
24673
24689
24690
24692
24701
24703
24704
24705
24716
24717
24724
24728
24739
24744
24745
24753
24774
24780
24787
24790
24800
24802
24811
24817
24823
24828
24839
24845
24846
24848
24856
24863
24874
24875
24876
24881
24886
24902
24912
24913
24928
24932
24935
24936
24939
24945
24946
24947
24951
24958
24962
24970
24980
24986
24988
24991
24992
24999
25000
25014
25016
25019
25030
25034
25036
25040
25051
25060
25065
25069
25077
25082
25098
25099
25103
25115
25117
25118
25126
25127
25141
25146
25150
25158
25164
25165
25172
25189
25191
25193
25204
25217
25219
25220
25225
25241
25244
25247
25257
25258
25259
25266
25270
25271
25276
25279
25289
25291
25295
25306
25315
25329
25335
25336
25359
25363
25366
25367
25375
25381
25395
25398
25400
25401
25402
25403
25406
25412
25413
25416
25426
25444
25448
25451
25455
25460
25468
25469
25471
25479
25481
25488
25499
25502
25512
25516
25517
25525
25528
25531
25534
25539
25547
25551
25556
25558
25560
25561
25564
25573
25575
25579
25580
25581
25584
25600
25601
25606
25610
25617
25622
25635
25640
25641
25654
25661
25662
25676
25677
25684
25686
25687
25689
25698
25714
25718
25724
25738
25741
25744
25748
25750
25764
25766
25768
25771
25772
25775
25777
25781
25784
25795
25799
25802
25809
25819
25831
25838
25839
25846
25851
25860
25869
25877
25878
25887
25888
25889
25906
25918
25919
25921
25923
25934
25942
25947
25956
25969
25972
25974
25975
25979
25980
25984
25996
26005
26013
26014
26017
26027
26044
26051
26053
26056
26061
26063
26067
26069
26071
26076
26090
26091
26099
26109
26111
26112
26117
26120
26123
26124
26128
26132
26137
26141
26147
26148
26151
26152
26155
26161
26179
26181
26186
26189
26191
26193
26201
26215
26221
26222
26239
26241
26250
26273
26281
26288
26291
26293
26297
26303
26309
26315
26318
26323
26339
26343
26348
26353
26360
26361
26367
26379
26386
26396
26397
26402
26415
26416
26417
26425
26436
26439
26443
26450
26452
26460
26473
26479
26483
26494
26505
26514
26519
26528
26529
26530
26532
26533
26535
26540
26558
26564
26575
26587
26593
26602
26603
26611
26629
26630
26638
26646
26649
26653
26655
26656
26657
26658
26663
26664
26669
26677
26703
26707
26709
26714
26716
26722
26735
26739
26740
26748
26751
26761
26771
26776
26782
26783
26785
26801
26804
26807
26808
26812
26814
26830
26832
26837
26843
26846
26854
26855
26859
26864
26865
26874
26875
26880
26889
26892
26894
26899
26901
26904
26911
26916
26919
26921
26923
26925
26933
26936
26937
26938
26939
26941
26945
26952
26953
26957
26959
26960
26961
26976
26987
26990
26991
26992
26997
27000
27004
27014
27015
27028
27029
27031
27058
27072
27084
27087
27091
27092
27098
27100
27109
27112
27125
27129
27130
27134
27135
27158
27162
27165
27171
27178
27179
27181
27183
27186
27189
27192
27194
27197
27198
27210
27213
27214
27218
27219
27220
27231
27242
27247
27251
27253
27258
27265
27270
27273
27280
27282
27285
27286
27293
27303
27305
27307
27308
27310
27315
27321
27322
27323
27327
27339
27371
27379
27388
27396
27413
27420
27421
27423
27435
27440
27442
27447
27460
27467
27468
27472
27476
27482
27486
27487
27495
27496
27498
27499
27501
27507
27513
27514
27538
27542
27545
27546
27556
27562
27564
27565
27570
27579
27583
27587
27589
27590
27591
27596
27599
27600
27602
27605
27608
27613
27616
27620
27624
27628
27630
27635
27638
27639
27642
27648
27654
27655
27666
27668
27669
27692
27704
27712
27720
27723
27725
27728
27731
27736
27739
27748
27759
27762
27766
27772
27774
27777
27778
27779
27782
27785
27788
27790
27797
27807
27812
27817
27838
27845
27849
27851
27855
27857
27859
27864
27865
27874
27882
27884
27885
27886
27889
27890
27898
27915
27916
27920
27929
27930
27933
27942
27944
27945
27947
27948
27950
27954
27955
27970
27984
27985
27986
28002
28012
28027
28030
28035
28044
28051
28053
28055
28059
28063
28070
28079
28083
28086
28087
28097
28099
28103
28105
28121
28124
28126
28127
28138
28140
28159
28162
28163
28165
28166
28167
28169
28175
28177
28178
28180
28182
28191
28197
28199
28210
28212
28213
28215
28216
28230
28237
28245
28253
28255
28256
28257
28282
28287
28289
28291
28292
28298
28300
28311
28317
28331
28333
28349
28350
28354
28355
28358
28359
28361
28367
28372
28380
28386
28391
28394
28398
28401
28402
28410
28412
28415
28418
28420
28430
28433
28436
28443
28457
28461
28464
28470
28478
28481
28487
28494
28495
28496
28501
28503
28507
28511
28519
28523
28526
28527
28531
28535
28545
28548
28562
28563
28567
28569
28570
28572
28580
28591
28597
28601
28606
28608
28612
28615
28626
28627
28635
28636
28641
28648
28649
28664
28668
28684
28689
28692
28709
28715
28721
28726
28730
28732
28741
28749
28753
28759
28760
28767
28768
28770
28778
28780
28788
28793
28798
28801
28802
28805
28806
28811
28814
28821
28822
28823
28824
28827
28829
28834
28839
28842
28845
28858
28868
28870
28880
28887
28891
28892
28893
28904
28908
28909
28911
28928
28930
28933
28934
28944
28945
28954
28955
28957
28958
28967
28969
28973
28991
28999
29002
29006
29007
29015
29016
29022
29023
29025
29034
29045
29050
29060
29061
29069
29086
29089
29095
29098
29099
29104
29105
29110
29119
29121
29127
29129
29133
29155
29162
29169
29170
29173
29175
29178
29181
29182
29185
29188
29192
29194
29203
29206
29207
29212
29214
29215
29216
29226
29228
29238
29239
29246
29252
29270
29274
29279
29282
29289
29290
29294
29298
29305
29310
29316
29336
29342
29355
29358
29362
29365
29370
29384
29392
29395
29397
29399
29401
29402
29409
29412
29414
29416
29418
29422
29424
29425
29433
29435
29436
29438
29442
29453
29456
29458
29460
29462
29463
29468
29469
29478
29492
29495
29497
29499
29505
29506
29512
29520
29530
29532
29538
29539
29544
29545
29550
29552
29563
29564
29565
29572
29581
29584
29586
29587
29606
29608
29610
29613
29615
29625
29626
29629
29645
29647
29648
29650
29651
29656
29657
29658
29659
29671
29683
29687
29693
29696
29702
29706
29720
29723
29727
29735
29740
29741
29748
29752
29763
29765
29768
29771
29787
29802
29804
29809
29812
29818
29823
29831
29832
29835
29847
29849
29855
29872
29877
29881
29898
29899
29900
29906
29908
29913
29918
29922
29923
29929
29941
29946
29947
29950
29952
29955
29972
29973
29982
29984
29986
29991
29997
30001
30004
30011
30023
30030
30033
30038
30041
30043
30057
30058
30064
30065
30068
30069
30072
30075
30084
30090
30093
30103
30105
30114
30115
30126
30132
30136
30141
30142
30147
30153
30155
30156
30161
30169
30171
30173
30182
30183
30184
30186
30208
30216
30223
30227
30228
30229
30236
30240
30246
30248
30251
30255
30256
30261
30264
30271
30278
30281
30289
30290
30294
30296
30298
30303
30308
30309
30312
30317
30318
30319
30320
30328
30329
30334
30336
30340
30341
30343
30352
30353
30358
30359
30360
30366
30368
30369
30374
30377
30379
30385
30390
30391
30400
30404
30416
30417
30420
30429
30433
30439
30440
30443
30447
30450
30455
30456
30457
30464
30465
30466
30467
30469
30474
30477
30478
30491
30500
30501
30502
30509
30511
30517
30518
30521
30522
30527
30533
30538
30541
30547
30554
30557
30572
30574
30575
30588
30589
30593
30594
30608
30611
30628
30630
30631
30639
30640
30641
30654
30657
30659
30660
30670
30673
30676
30679
30681
30687
30691
30697
30703
30715
30723
30725
30726
30730
30731
30738
30743
30748
30751
30761
30762
30773
30779
30782
30783
30790
30792
30796
30799
30801
30803
30805
30808
30812
30826
30827
30830
30841
344
352
410
456
506
545
587
594
656
662
708
717
817
944
970
979
1063
1074
1095
1107
1112
1197
1284
1296
1305
1307
1335
1350
1370
1394
1399
1404
1427
1536
1586
1617
1681
1694
1737
1738
1745
1756
1781
1791
1804
1815
1825
1829
1830
1843
1846
1859
1884
1891
1893
1900
1902
1920
1950
2040
2056
2063
2075
2078
2079
2107
2108
2112
2135
2145
2161
2174
2176
2190
2212
2220
2223
2224
2233
2234
2279
2357
2359
2395
2403
2442
2454
2488
2493
2513
2514
2518
2520
2525
2531
2537
2539
2551
2552
2565
2575
2600
2603
2604
2625
2636
2653
2678
2682
2716
2721
2725
2728
2757
2763
2775
2812
2833
2869
2889
2943
2965
2987
2995
3003
3014
3024
3027
3036
3038
3047
3049
3056
3066
3068
3071
3091
3095
3106
3113
3128
3129
3139
3141
3161
3166
3175
3180
3184
3201
3229
3234
3250
3255
3273
3283
3305
3307
3309
3319
3323
3330
3339
3347
3354
3363
3370
3378
3381
3382
3398
3402
3414
3424
3425
3471
3472
3475
3502
3510
3518
3541
3552
3557
3559
3585
3591
3619
3652
3656
3678
3696
3714
3739
3742
3759
3764
3775
3776
3777
3786
3788
3797
3800
3812
3813
3823
3852
3860
3864
3871
3877
3878
3881
3883
3887
3891
3898
3904
3929
3934
3951
3953
3956
3959
3960
3977
3985
3989
4008
4016
4034
4041
4056
4063
4076
4104
4109
4114
4127
4134
4148
4149
4150
4165
4169
4171
4176
4177
4185
4189
4204
4208
4209
4214
4217
4224
4229
4233
4264
4273
4276
4288
4290
4291
4301
4302
4305
4309
4310
4314
4332
4337
4365
4367
4373
4374
4377
4379
4380
4411
4414
4436
4439
4448
4472
4483
4490
4493
4494
4504
4516
4521
4524
4532
4538
4546
4568
4574
4584
4590
4594
4598
4602
4617
4622
4625
4645
4654
4664
4665
4685
4694
4695
4696
4698
4701
4703
4711
4713
4714
4728
4729
4735
4740
4744
4754
4765
4770
4771
4783
4788
4790
4793
4803
4808
4812
4819
4826
4827
4829
4834
4842
4844
4845
4847
4863
4868
4891
4898
4899
4900
4902
4906
4908
4916
4928
4939
4968
4974
4976
4979
4981
4988
4996
4999
5016
5025
5033
5065
5068
5084
5103
5109
5112
5131
5140
5143
5146
5148
5163
5172
5177
5180
5185
5190
5193
5194
5204
5212
5222
5225
5229
5247
5248
5256
5264
5266
5269
5279
5281
5289
5291
5296
5314
5317
5320
5325
5326
5329
5338
5341
5343
5347
5354
5356
5361
5366
5373
5404
5410
5411
5436
5438
5446
5452
5456
5469
5481
5489
5492
5497
5505
5526
5528
5538
5547
5548
5549
5564
5571
5572
5575
5576
5577
5580
5582
5583
5584
5591
5594
5597
5618
5622
5624
5627
5629
5632
5636
5638
5641
5649
5650
5651
5655
5656
5657
5678
5691
5692
5703
5707
5716
5720
5722
5738
5742
5751
5768
5771
5773
5777
5778
5787
5793
5798
5806
5807
5808
5811
5824
5827
5835
5837
5839
5841
5842
5847
5853
5855
5858
5866
5872
5884
5890
5895
5901
5905
5916
5937
5941
5950
5955
5968
5970
5988
5992
5995
5998
6003
6007
6014
6017
6022
6029
6041
6042
6048
6051
6057
6058
6069
6073
6113
6123
6126
6127
6131
6140
6144
6152
6153
6179
6181
6186
6190
6193
6197
6202
6221
6233
6238
6251
6252
6259
6263
6272
6274
6275
6282
6290
6297
6304
6309
6310
6312
6313
6314
6316
6323
6325
6328
6329
6333
6334
6342
6347
6351
6353
6354
6384
6395
6398
6419
6425
6426
6430
6439
6440
6448
6450
6456
6457
6459
6461
6474
6498
6503
6533
6539
6544
6547
6551
6552
6554
6566
6568
6571
6575
6579
6581
6584
6591
6592
6608
6620
6628
6629
6633
6636
6637
6638
6640
6646
6648
6650
6657
6658
6661
6666
6670
6684
6685
6688
6694
6697
6700
6703
6714
6720
6722
6724
6725
6726
6732
6740
6745
6746
6749
6750
6754
6767
6781
6784
6785
6790
6794
6816
6825
6826
6832
6851
6857
6859
6868
6889
6897
6908
6909
6912
6933
6937
6942
6944
6950
6953
6962
6971
6974
6976
6977
6982
6985
7000
7001
7002
7005
7008
7014
7018
7019
7028
7032
7033
7035
7043
7045
7049
7051
7055
7057
7059
7067
7073
7076
7077
7079
7083
7101
7115
7124
7130
7132
7133
7145
7154
7156
7170
7172
7173
7177
7181
7184
7186
7195
7196
7198
7213
7220
7222
7223
7229
7239
7240
7247
7257
7260
7266
7276
7288
7293
7295
7301
7311
7313
7320
7321
7335
7337
7343
7352
7357
7362
7374
7377
7390
7403
7404
7406
7414
7415
7416
7424
7431
7434
7441
7445
7450
7453
7458
7465
7467
7474
7475
7486
7488
7489
7490
7492
7496
7504
7505
7506
7508
7527
7528
7533
7538
7542
7544
7550
7551
7552
7553
7558
7559
7560
7561
7564
7591
7598
7607
7610
7617
7619
7638
7639
7641
7644
7646
7647
7651
7657
7669
7670
7673
7675
7679
7683
7684
7699
7705
7709
7722
7738
7741
7745
7746
7747
7749
7753
7760
7763
7764
7765
7767
7778
7792
7793
7797
7799
7802
7812
7816
7818
7827
7829
7830
7831
7832
7834
7835
7836
7839
7847
7848
7853
7855
7856
7861
7862
7863
7869
7873
7875
7899
7907
7918
7919
7928
7931
7932
7936
7937
7946
7947
7949
7955
7956
7961
7964
7972
7976
7979
7981
7987
7988
7989
7994
7996
8004
8006
8024
8025
8026
8029
8036
8039
8048
8049
8055
8067
8081
8085
8090
8091
8099
8100
8102
8107
8108
8122
8125
8142
8144
8145
8148
8154
8156
8164
8168
8175
8180
8181
8184
8188
8212
8217
8221
8224
8225
8226
8231
8235
8236
8246
8254
8265
8271
8272
8279
8282
8290
8292
8293
8295
8312
8316
8320
8321
8326
8327
8328
8335
8336
8339
8344
8346
8350
8358
8366
8370
8378
8385
8387
8390
8395
8402
8409
8413
8414
8418
8423
8435
8438
8449
8467
8470
8474
8478
8479
8482
8489
8490
8492
8496
8499
8509
8513
8515
8529
8530
8534
8535
8551
8563
8565
8567
8569
8570
8587
8601
8604
8607
8608
8609
8610
8613
8614
8615
8616
8619
8628
8641
8643
8662
8672
8673
8676
8680
8686
8687
8689
8691
8693
8695
8701
8713
8724
8739
8740
8746
8748
8749
8758
8759
8768
8770
8775
8782
8783
8786
8787
8791
8796
8805
8808
8812
8814
8816
8819
8822
8823
8826
8827
8829
8831
8833
8839
8841
8850
8858
8860
8861
8862
8864
8870
8875
8877
8881
8884
8891
8895
8903
8911
8914
8916
8917
8918
8919
8928
8935
8936
8951
8959
8964
8966
8967
8970
8972
8974
8977
8986
8991
8992
9004
9007
9012
9013
9014
9024
9033
9035
9038
9039
9041
9049
9050
9055
9060
9065
9070
9073
9075
9080
9087
9093
9099
9101
9103
9112
9115
9117
9120
9130
9134
9138
9149
9154
9156
9158
9163
9167
9178
9185
9187
9190
9192
9195
9198
9204
9222
9231
9234
9236
9242
9245
9246
9248
9251
9257
9264
9274
9276
9280
9283
9293
9294
9299
9302
9303
9319
9321
9325
9327
9333
9335
9340
9342
9344
9357
9363
9366
9367
9368
9377
9384
9416
9417
9418
9419
9420
9426
9428
9436
9441
9444
9447
9458
9461
9465
9468
9470
9473
9474
9479
9480
9481
9482
9487
9491
9516
9517
9521
9528
9535
9545
9548
9549
9550
9551
9556
9564
9572
9578
9580
9584
9588
9591
9592
9594
9595
9603
9607
9612
9615
9625
9632
9633
9639
9640
9646
9650
9653
9655
9657
9658
9660
9665
9681
9683
9694
9716
9723
9725
9728
9730
9733
9737
9738
9739
9744
9747
9749
9751
9755
9756
9763
9766
9770
9772
9779
9781
9782
9787
9788
9792
9795
9799
9811
9819
9827
9831
9834
9835
9836
9840
9842
9848
9854
9868
9871
9875
9879
9894
9898
9902
9906
9921
9924
9926
9933
9936
9937
9941
9943
9948
9950
9953
9957
9970
9971
9978
9980
9982
9983
9988
9990
9992
9996
10005
10009
10010
10021
10026
10029
10032
10036
10039
10040
10045
10047
10051
10052
10060
10064
10070
10071
10074
10078
10085
10090
10092
10099
10103
10105
10107
10109
10125
10129
10132
10138
10140
10146
10149
10168
10170
10171
10172
10174
10178
10184
10187
10188
10197
10201
10212
10213
10215
10216
10223
10229
10230
10235
10256
10263
10266
10274
10275
10276
10282
10300
10301
10304
10312
10318
10320
10322
10324
10328
10335
10340
10346
10348
10354
10358
10370
10371
10380
10391
10396
10397
10399
10401
10403
10406
10412
10424
10427
10435
10438
10439
10445
10456
10460
10461
10467
10478
10482
10492
10496
10497
10501
10510
10512
10513
10524
10529
10537
10540
10543
10552
10568
10569
10572
10589
10598
10604
10619
10620
10631
10632
10634
10637
10641
10644
10645
10649
10655
10660
10669
10670
10675
10676
10682
10687
10690
10691
10698
10699
10702
10705
10711
10715
10720
10732
10743
10746
10756
10758
10761
10763
10765
10780
10782
10783
10792
10797
10799
10800
10814
10819
10820
10822
10824
10830
10837
10842
10844
10853
10854
10856
10859
10862
10864
10869
10870
10873
10880
10882
10886
10891
10892
10893
10894
10896
10899
10904
10905
10906
10907
10909
10912
10914
10917
10918
10920
10923
10925
10926
10927
10929
10936
10943
10944
10946
10954
10959
10966
10969
10974
10983
10995
11005
11013
11015
11032
11034
11035
11036
11039
11044
11047
11058
11059
11060
11061
11063
11067
11072
11073
11075
11078
11082
11083
11089
11094
11104
11105
11111
11114
11117
11119
11124
11139
11143
11144
11145
11150
11152
11154
11155
11157
11160
11162
11163
11171
11173
11178
11188
11194
11195
11204
11215
11216
11219
11225
11228
11233
11242
11243
11244
11250
11261
11262
11273
11274
11285
11294
11304
11305
11306
11308
11310
11317
11321
11322
11325
11329
11332
11337
11339
11340
11344
11357
11360
11362
11363
11372
11374
11375
11377
11379
11381
11382
11388
11391
11394
11405
11410
11417
11418
11419
11421
11424
11430
11438
11441
11445
11457
11458
11459
11460
11463
11466
11470
11474
11477
11483
11486
11487
11490
11491
11494
11496
11499
11501
11502
11504
11511
11514
11516
11522
11542
11543
11545
11549
11554
11555
11557
11558
11562
11568
11569
11571
11572
11575
11588
11592
11602
11604
11605
11606
11608
11609
11611
11612
11615
11629
11631
11633
11639
11644
11646
11649
11654
11657
11659
11663
11671
11672
11675
11685
11690
11694
11706
11707
11712
11718
11719
11720
11727
11735
11737
11743
11750
11752
11759
11760
11763
11766
11770
11773
11783
11784
11786
11792
11796
11802
11804
11809
11812
11816
11817
11825
11829
11834
11841
11844
11856
11861
11863
11865
11868
11872
11873
11877
11880
11881
11882
11883
11884
11886
11893
11895
11899
11903
11909
11913
11917
11922
11925
11928
11929
11938
11940
11941
11946
11947
11950
11953
11958
11959
11972
11974
11979
11980
11981
11984
11988
11992
12000
12003
12008
12009
12010
12019
12025
12026
12031
12036
12038
12040
12044
12047
12054
12056
12061
12064
12068
12072
12077
12082
12091
12093
12099
12100
12102
12104
12105
12120
12124
12127
12129
12135
12139
12141
12145
12150
12156
12157
12162
12170
12181
12191
12195
12203
12205
12206
12207
12209
12214
12216
12218
12220
12223
12234
12239
12240
12245
12248
12249
12252
12253
12254
12258
12263
12265
12266
12274
12278
12284
12285
12287
12294
12298
12300
12306
12311
12314
12316
12321
12322
12324
12329
12330
12336
12341
12342
12347
12351
12353
12356
12365
12375
12377
12383
12392
12402
12406
12409
12414
12417
12419
12424
12429
12435
12445
12446
12447
12451
12457
12459
12465
12468
12473
12476
12480
12482
12485
12489
12493
12501
12502
12503
12507
12508
12510
12513
12514
12526
12529
12536
12538
12540
12543
12544
12545
12556
12557
12562
12563
12564
12566
12567
12568
12574
12581
12582
12584
12585
12588
12592
12593
12595
12596
12598
12599
12601
12610
12611
12613
12614
12621
12625
12628
12633
12642
12653
12654
12657
12658
12660
12663
12665
12670
12673
12678
12679
12680
12690
12694
12696
12697
12712
12714
12716
12721
12723
12726
12727
12728
12731
12735
12736
12737
12744
12749
12750
12756
12757
12758
12759
12760
12762
12765
12772
12775
12776
12778
12780
12781
12782
12787
12792
12793
12796
12800
12805
12806
12809
12813
12814
12816
12819
12826
12832
12834
12845
12850
12856
12859
12860
12861
12862
12868
12870
12876
12880
12886
12887
12901
12903
12904
12909
12913
12918
12929
12932
12934
12940
12942
12944
12945
12950
12951
12954
12956
12966
12968
12974
12975
12979
12981
12986
12987
12988
12991
12992
12997
12998
13001
13002
13004
13006
13007
13013
13014
13033
13036
13041
13050
13051
13058
13069
13073
13075
13076
13079
13080
13082
13086
13094
13103
13104
13105
13107
13109
13111
13115
13117
13118
13121
13123
13131
13139
13140
13143
13146
13149
13150
13156
13159
13161
13164
13167
13168
13169
13175
13176
13177
13178
13179
13181
13182
13183
13185
13189
13192
13198
13199
13202
13205
13208
13214
13217
13219
13222
13224
13226
13234
13236
13238
13239
13241
13242
13244
13247
13248
13252
13253
13260
13261
13263
13265
13267
13274
13275
13288
13293
13300
13301
13302
13307
13310
13311
13312
13314
13318
13319
13325
13328
13330
13334
13336
13338
13351
13352
13355
13356
13358
13360
13361
13370
13372
13381
13383
13386
13395
13396
13397
13398
13403
13407
13408
13411
13412
13416
13420
13425
13426
13430
13433
13434
13435
13438
13444
13456
13464
13467
13478
13479
13481
13485
13488
13492
13501
13502
13507
13514
13519
13526
13542
13548
13549
13550
13552
13556
13557
13559
13561
13563
13567
13572
13581
13583
13584
13585
13586
13587
13590
13596
13597
13601
13603
13604
13606
13613
13618
13621
13625
13629
13632
13646
13647
13649
13650
13657
13659
13666
13667
13668
13669
13672
13676
13680
13681
13687
13688
13703
13705
13708
13711
13717
13726
13732
13738
13742
13743
13745
13755
13758
13760
13761
13764
13768
13771
13785
13789
13791
13793
13794
13795
13799
13808
13811
13812
13814
13815
13819
13821
13822
13827
13829
13830
13834
13835
13837
13840
13847
13851
13852
13854
13855
13857
13860
13861
13864
13868
13871
13872
13875
13877
13881
13883
13889
13890
13891
13892
13902
13911
13913
13926
13935
13942
13953
13954
13961
13965
13966
13967
13971
13979
13984
13991
13995
13996
14016
14019
14021
14023
14025
14031
14032
14034
14035
14038
14044
14045
14046
14048
14049
14050
14059
14060
14061
14062
14068
14070
14074
14076
14077
14078
14095
14099
14101
14103
14105
14111
14112
14113
14115
14117
14124
14126
14127
14128
14133
14134
14141
14142
14144
14150
14155
14160
14161
14162
14173
14175
14179
14182
14187
14193
14195
14201
14202
14208
14210
14212
14213
14220
14231
14233
14240
14241
14245
14253
14257
14258
14260
14263
14265
14266
14275
14278
14282
14284
14292
14295
14297
14303
14305
14312
14313
14316
14317
14321
14323
14327
14334
14339
14340
14347
14348
14354
14355
14360
14361
14367
14368
14370
14371
14372
14373
14374
14377
14379
14381
14383
14384
14393
14398
14399
14400
14401
14404
14408
14411
14414
14416
14417
14418
14419
14420
14425
14426
14430
14432
14433
14436
14438
14440
14441
14443
14444
14445
14446
14447
14451
14458
14460
14466
14468
14473
14474
14475
14478
14484
14485
14491
14493
14499
14504
14505
14507
14513
14523
14524
14526
14527
14532
14533
14534
14536
14540
14544
14548
14549
14551
14553
14554
14558
14561
14562
14568
14569
14576
14579
14582
14589
14592
14593
14598
14599
14603
14608
14612
14616
14618
14629
14637
14640
14643
14646
14665
14669
14674
14676
14677
14678
14681
14684
14685
14688
14689
14694
14695
14704
14706
14709
14711
14712
14714
14719
14720
14722
14723
14724
14728
14740
14742
14747
14751
14763
14768
14772
14773
14774
14775
14776
14780
14786
14790
14797
14800
14802
14805
14808
14809
14813
14817
14819
14820
14822
14824
14828
14829
14832
14835
14836
14841
14847
14848
14849
14851
14864
14866
14867
14868
14873
14874
14877
14881
14883
14884
14886
14889
14891
14893
14898
14903
14904
14905
14911
14918
14920
14925
14926
14932
14935
14941
14945
14947
14948
14952
14954
14955
14959
14960
14961
14964
14965
14970
14971
14984
14986
14995
15005
15009
15013
15018
15021
15024
15033
15035
15036
15040
15044
15048
15049
15052
15056
15060
15063
15064
15068
15071
15074
15077
15082
15084
15085
15098
15102
15103
15108
15112
15113
15115
15116
15117
15131
15135
15136
15139
15143
15144
15148
15157
15161
15163
15168
15169
15172
15173
15179
15182
15187
15188
15191
15193
15194
15196
15198
15205
15212
15213
15214
15218
15219
15222
15223
15228
15235
15239
15240
15243
15246
15247
15259
15261
15266
15267
15275
15281
15282
15283
15286
15288
15289
15294
15296
15304
15307
15311
15313
15325
15326
15327
15329
15334
15355
15359
15360
15361
15377
15378
15381
15385
15388
15390
15392
15396
15398
15400
15403
15405
15411
15414
15417
15419
15428
15430
15431
15443
15444
15450
15454
15458
15460
15461
15463
15464
15468
15473
15474
15476
15478
15480
15482
15487
15491
15496
15505
15508
15510
15516
15517
15522
15523
15524
15526
15528
15533
15536
15538
15540
15544
15548
15550
15552
15557
15558
15560
15562
15564
15566
15568
15569
15570
15571
15572
15576
15577
15582
15583
15585
15592
15593
15595
15598
15600
15603
15607
15608
15611
15616
15619
15624
15626
15630
15635
15642
15643
15644
15646
15648
15653
15654
15655
15657
15658
15660
15665
15672
15674
15675
15676
15677
15682
15686
15690
15692
15693
15697
15700
15704
15705
15707
15708
15709
15713
15714
15715
15725
15726
15729
15735
15736
15737
15739
15740
15743
15748
15753
15755
15756
15757
15761
15763
15765
15769
15771
15772
15774
15777
15783
15784
15789
15790
15795
15797
15798
15799
15800
15808
15809
15810
15818
15820
15821
15825
15826
15828
15830
15833
15835
15836
15838
15840
15843
15844
15846
15847
15849
15854
15859
15865
15866
15867
15871
15872
15874
15877
15879
15881
15883
15884
15885
15886
15892
15895
15897
15899
15902
15913
15914
15918
15920
15928
15934
15935
15939
15943
15945
15946
15954
15956
15957
15958
15959
15960
15963
15968
15969
15973
15977
15979
15981
15983
15985
15987
15988
15990
15991
15992
15994
15996
16002
16006
16007
16008
16009
16011
16014
16018
16022
16024
16028
16040
16041
16051
16052
16053
16055
16057
16058
16059
16063
16064
16069
16071
16079
16081
16082
16083
16089
16093
16097
16100
16101
16102
16107
16108
16109
16111
16112
16114
16115
16116
16118
16122
16131
16133
16135
16144
16146
16153
16154
16160
16162
16164
16166
16167
16170
16181
16182
16184
16188
16191
16196
16201
16208
16214
16218
16220
16222
16224
16225
16227
16231
16232
16233
16235
16238
16241
16243
16248
16251
16253
16255
16258
16263
16268
16269
16273
16276
16278
16280
16290
16296
16297
16301
16302
16303
16311
16340
16345
16347
16348
16355
16356
16361
16365
16372
16375
16377
16384
16385
16387
16388
16397
16398
16407
16409
16415
16422
16427
16430
16432
16434
16440
16443
16446
16450
16454
16456
16460
16461
16464
16466
16467
16469
16470
16471
16475
16477
16478
16485
16486
16488
16492
16493
16494
16495
16499
16500
16502
16507
16508
16513
16515
16516
16524
16526
16534
16537
16539
16545
16548
16551
16563
16566
16570
16571
16579
16583
16584
16585
16588
16601
16607
16609
16611
16612
16616
16621
16624
16627
16634
16636
16638
16641
16650
16653
16656
16658
16659
16660
16663
16668
16670
16674
16681
16685
16688
16689
16695
16700
16704
16705
16708
16712
16715
16721
16722
16730
16737
16739
16741
16744
16751
16753
16754
16757
16759
16763
16766
16767
16768
16769
16780
16788
16795
16799
16800
16803
16804
16805
16806
16808
16812
16816
16819
16820
16821
16823
16824
16825
16829
16834
16835
16836
16839
16841
16853
16854
16860
16862
16867
16874
16876
16880
16881
16884
16886
16887
16888
16889
16894
16895
16899
16905
16913
16919
16923
16926
16928
16930
16933
16943
16944
16947
16949
16950
16953
16955
16967
16972
16973
16974
16975
16978
16986
16989
16991
16997
17000
17001
17004
17007
17008
17009
17011
17013
17021
17022
17025
17026
17031
17032
17033
17036
17043
17054
17055
17058
17063
17075
17085
17086
17089
17090
17092
17095
17096
17098
17099
17101
17102
17103
17106
17111
17112
17114
17115
17117
17121
17122
17126
17127
17129
17130
17131
17137
17140
17143
17144
17145
17150
17151
17153
17154
17160
17162
17168
17170
17171
17173
17175
17178
17180
17182
17183
17187
17197
17199
17202
17204
17206
17208
17209
17210
17216
17219
17220
17221
17227
17229
17231
17232
17233
17234
17236
17238
17240
17242
17244
17247
17248
17250
17253
17257
17259
17260
17264
17275
17276
17282
17285
17286
17291
17293
17298
17300
17301
17311
17312
17313
17315
17322
17323
17328
17332
17337
17340
17341
17344
17346
17351
17352
17355
17358
17359
17360
17363
17364
17367
17368
17369
17370
17375
17381
17387
17390
17394
17395
17400
17404
17407
17408
17409
17411
17413
17415
17419
17420
17428
17431
17432
17435
17438
17443
17444
17445
17449
17450
17451
17452
17453
17456
17457
17461
17464
17466
17468
17470
17474
17480
17483
17484
17485
17486
17488
17493
17494
17500
17504
17505
17506
17507
17515
17516
17517
17519
17520
17522
17524
17525
17528
17530
17532
17535
17536
17541
17542
17543
17545
17547
17548
17555
17557
17563
17565
17567
17570
17571
17575
17578
17585
17586
17589
17592
17593
17594
17601
17603
17607
17608
17612
17618
17624
17627
17635
17636
17637
17638
17641
17647
17653
17654
17658
17661
17671
17672
17675
17677
17683
17684
17686
17688
17690
17691
17694
17696
17697
17698
17702
17704
17705
17707
17712
17715
17719
17720
17721
17724
17725
17726
17734
17735
17736
17737
17742
17743
17749
17751
17752
17754
17755
17756
17766
17767
17769
17774
17775
17782
17787
17788
17790
17792
17797
17800
17814
17816
17818
17822
17824
17825
17826
17830
17833
17834
17837
17839
17841
17846
17847
17848
17858
17861
17863
17865
17882
17890
17891
17898
17901
17902
17904
17905
17907
17908
17909
17910
17912
17913
17918
17920
17924
17925
17930
17932
17934
17936
17941
17943
17947
17948
17951
17953
17957
17961
17964
17967
17970
17973
17974
17975
17976
17981
17990
17991
17994
17998
18008
18016
18018
18019
18020
18021
18022
18025
18037
18038
18041
18043
18046
18047
18049
18053
18057
18059
18067
18070
18071
18072
18073
18075
18076
18078
18079
18083
18085
18087
18088
18090
18097
18101
18104
18109
18111
18112
18115
18124
18126
18128
18129
18130
18135
18138
18140
18141
18146
18147
18148
18149
18150
18154
18158
18165
18170
18182
18184
18193
18195
18200
18201
18202
18203
18205
18208
18212
18215
18228
18230
18231
18233
18234
18235
18236
18238
18243
18244
18248
18249
18250
18253
18255
18258
18259
18260
18264
18265
18266
18270
18271
18277
18278
18279
18284
18290
18292
18296
18297
18299
18302
18309
18310
18314
18317
18319
18321
18322
18324
18327
18331
18339
18341
18344
18345
18347
18349
18350
18354
18367
18371
18373
18374
18376
18384
18387
18388
18389
18392
18394
18395
18396
18397
18398
18404
18407
18414
18415
18420
18421
18422
18423
18428
18431
18432
18433
18434
18437
18438
18439
18441
18443
18444
18450
18452
18453
18454
18456
18458
18460
18466
18471
18475
18478
18479
18481
18482
18483
18484
18491
18502
18503
18504
18508
18509
18510
18511
18512
18518
18525
18527
18528
18530
18531
18532
18533
18535
18536
18540
18545
18546
18548
18556
18563
18564
18565
18573
18577
18579
18580
18581
18588
18593
18599
18600
18604
18605
18606
18608
18611
18612
18613
18615
18624
18628
18629
18632
18635
18636
18638
18640
18647
18648
18649
18651
18652
18653
18657
18658
18661
18664
18680
18681
18683
18684
18685
18686
18690
18693
18695
18696
18705
18708
18710
18716
18719
18720
18724
18726
18728
18731
18732
18734
18738
18742
18748
18752
18756
18766
18767
18770
18771
18778
18780
18781
18782
18783
18784
18786
18787
18789
18792
18801
18803
18809
18811
18817
18823
18824
18825
18826
18827
18832
18834
18836
18840
18845
18851
18852
18854
18856
18857
18860
18863
18865
18866
18876
18877
18878
18882
18887
18892
18897
18898
18899
18905
18906
18907
18908
18915
18917
18922
18924
18925
18929
18933
18934
18939
18941
18943
18948
18964
18965
18966
18968
18971
18972
18973
18974
18976
18977
18980
18981
18983
18986
18988
18991
18992
18996
18997
18998
19001
19006
19008
19011
19014
19020
19024
19025
19026
19030
19033
19040
19045
19046
19047
19052
19054
19056
19059
19060
19061
19070
19071
19072
19073
19076
19078
19079
19080
19083
19084
19085
19090
19095
19097
19100
19104
19108
19111
19112
19115
19116
19117
19118
19121
19122
19126
19128
19129
19130
19131
19133
19134
19135
19137
19138
19139
19140
19141
19144
19147
19152
19153
19163
19164
19167
19171
19174
19175
19178
19183
19190
19191
19196
19197
19198
19199
19200
19201
19203
19210
19211
19213
19215
19219
19221
19222
19230
19237
19240
19243
19244
19248
19249
19250
19255
19256
19259
19263
19270
19276
19277
19279
19281
19284
19287
19288
19289
19292
19300
19302
19312
19314
19317
19320
19322
19327
19332
19333
19334
19335
19338
19339
19342
19348
19351
19354
19362
19367
19379
19383
19386
19390
19395
19397
19401
19402
19403
19404
19405
19408
19416
19420
19421
19425
19428
19437
19438
19440
19442
19443
19444
19447
19449
19452
19455
19458
19459
19460
19463
19465
19466
19470
19473
19477
19479
19488
19489
19492
19495
19498
19500
19502
19503
19506
19515
19516
19518
19524
19526
19528
19529
19530
19534
19535
19536
19538
19544
19548
19549
19551
19557
19559
19563
19565
19567
19568
19571
19572
19578
19579
19581
19583
19585
19587
19588
19592
19594
19596
19602
19603
19607
19612
19620
19621
19623
19627
19632
19634
19638
19647
19650
19654
19655
19656
19658
19660
19661
19662
19665
19666
19671
19672
19675
19676
19680
19686
19697
19700
19702
19704
19705
19711
19713
19714
19716
19718
19720
19722
19724
19729
19736
19737
19738
19739
19741
19743
19745
19748
19752
19755
19758
19760
19761
19762
19763
19764
19767
19773
19775
19776
19779
19782
19783
19787
19789
19790
19791
19795
19798
19800
19806
19808
19809
19813
19815
19816
19817
19818
19819
19822
19825
19827
19829
19830
19832
19842
19844
19848
19849
19856
19857
19860
19861
19863
19865
19866
19867
19869
19870
19871
19876
19882
19883
19884
19886
19892
19893
19894
19905
19906
19908
19910
19911
19914
19915
19920
19936
19941
19942
19953
19954
19959
19965
19968
19976
19979
19982
19991
19994
19995
19997
20003
20007
20010
20014
20016
20018
20019
20020
20022
20024
20025
20026
20027
20030
20042
20043
20047
20048
20049
20052
20053
20054
20059
20069
20073
20074
20077
20079
20080
20088
20090
20094
20095
20096
20101
20104
20105
20106
20107
20109
20110
20113
20116
20118
20119
20120
20121
20122
20123
20126
20127
20131
20132
20133
20135
20137
20139
20142
20143
20144
20145
20146
20147
20152
20154
20155
20157
20161
20167
20170
20171
20178
20186
20188
20192
20194
20196
20198
20199
20202
20205
20211
20212
20213
20215
20218
20219
20221
20225
20228
20229
20235
20238
20240
20242
20248
20251
20259
20265
20267
20273
20274
20275
20289
20290
20292
20297
20303
20304
20306
20308
20309
20310
20311
20315
20316
20319
20322
20323
20327
20331
20336
20340
20342
20343
20344
20345
20350
20351
20358
20359
20361
20362
20364
20365
20366
20367
20368
20369
20373
20381
20383
20388
20390
20394
20397
20399
20401
20402
20407
20410
20411
20415
20417
20419
20421
20422
20424
20427
20435
20436
20437
20440
20441
20443
20447
20449
20459
20462
20468
20471
20473
20474
20475
20477
20478
20484
20488
20489
20493
20494
20496
20498
20499
20504
20507
20508
20517
20521
20525
20527
20530
20531
20532
20533
20535
20541
20543
20546
20551
20552
20553
20557
20558
20562
20563
20566
20567
20569
20572
20584
20585
20586
20587
20588
20590
20593
20594
20600
20601
20603
20608
20609
20610
20614
20618
20621
20627
20628
20629
20634
20638
20639
20641
20643
20644
20647
20648
20652
20658
20660
20668
20669
20670
20671
20677
20678
20680
20682
20684
20685
20686
20687
20691
20692
20693
20694
20695
20703
20714
20719
20720
20721
20723
20724
20725
20730
20733
20745
20748
20752
20754
20756
20757
20759
20764
20765
20766
20767
20773
20777
20778
20780
20782
20783
20789
20795
20801
20803
20804
20808
20810
20812
20816
20817
20820
20826
20827
20829
20832
20837
20838
20839
20840
20842
20846
20848
20852
20859
20863
20864
20869
20871
20873
20877
20879
20880
20884
20888
20891
20892
20895
20896
20901
20903
20905
20906
20911
20912
20915
20916
20918
20919
20920
20924
20925
20927
20929
20932
20935
20936
20940
20942
20949
20952
20953
20956
20959
20961
20967
20968
20969
20971
20973
20975
20982
20986
20988
20989
20990
20991
20992
20995
20999
21003
21005
21008
21012
21013
21017
21025
21029
21033
21034
21036
21037
21045
21059
21061
21062
21063
21064
21067
21068
21069
21073
21075
21078
21081
21083
21087
21090
21092
21095
21098
21101
21103
21107
21109
21117
21119
21120
21121
21122
21125
21127
21129
21134
21135
21137
21140
21143
21146
21148
21149
21153
21157
21158
21167
21173
21177
21178
21184
21192
21193
21197
21198
21201
21204
21207
21215
21220
21222
21224
21225
21227
21229
21232
21236
21237
21240
21249
21250
21252
21253
21255
21256
21260
21267
21271
21275
21279
21280
21281
21283
21284
21285
21288
21291
21293
21302
21305
21307
21308
21309
21310
21314
21316
21318
21319
21324
21325
21329
21331
21333
21334
21335
21337
21341
21343
21344
21345
21346
21348
21353
21358
21360
21365
21366
21369
21370
21374
21376
21377
21378
21382
21383
21387
21388
21389
21391
21392
21393
21394
21398
21401
21402
21403
21404
21406
21407
21408
21416
21417
21419
21422
21426
21429
21431
21433
21434
21442
21450
21454
21456
21457
21458
21460
21462
21467
21476
21478
21485
21486
21487
21490
21492
21493
21494
21497
21499
21500
21508
21511
21519
21523
21525
21526
21530
21534
21538
21547
21551
21552
21554
21556
21559
21560
21562
21563
21564
21565
21567
21568
21570
21575
21577
21578
21580
21583
21584
21586
21588
21589
21590
21594
21600
21602
21604
21605
21607
21608
21613
21621
21622
21625
21629
21635
21636
21640
21646
21648
21649
21654
21655
21669
21672
21673
21675
21677
21685
21686
21687
21689
21693
21695
21698
21699
21702
21703
21708
21715
21722
21723
21724
21725
21727
21734
21737
21740
21745
21748
21752
21753
21760
21762
21763
21767
21771
21772
21781
21786
21788
21791
21792
21794
21798
21801
21807
21808
21814
21815
21817
21819
21820
21821
21824
21828
21831
21833
21834
21836
21837
21838
21839
21840
21843
21849
21856
21858
21861
21871
21879
21880
21881
21884
21889
21894
21895
21898
21899
21901
21905
21907
21910
21915
21916
21917
21919
21924
21925
21927
21928
21929
21930
21933
21935
21937
21939
21940
21941
21942
21945
21948
21960
21965
21967
21973
21974
21976
21982
21985
21986
21993
21994
21996
21997
21999
22001
22002
22005
22006
22007
22010
22013
22014
22015
22017
22018
22019
22021
22023
22025
22030
22031
22033
22034
22035
22036
22040
22042
22045
22046
22049
22050
22051
22052
22054
22060
22061
22068
22073
22077
22081
22082
22085
22087
22091
22092
22097
22100
22104
22107
22110
22113
22115
22116
22118
22120
22121
22124
22127
22136
22138
22139
22141
22148
22155
22156
22159
22165
22168
22169
22172
22173
22175
22176
22178
22185
22188
22190
22191
22193
22195
22197
22199
22201
22203
22205
22207
22211
22212
22214
22216
22217
22221
22224
22226
22228
22234
22236
22237
22243
22244
22247
22252
22258
22259
22262
22265
22267
22268
22269
22278
22279
22280
22281
22283
22284
22288
22291
22293
22296
22299
22300
22302
22303
22305
22307
22308
22311
22314
22315
22317
22318
22319
22325
22330
22331
22333
22334
22336
22338
22342
22343
22345
22346
22347
22351
22354
22356
22360
22365
22367
22371
22375
22376
22380
22381
22383
22384
22386
22389
22391
22392
22393
22399
22403
22404
22405
22407
22421
22427
22429
22430
22432
22433
22434
22437
22438
22439
22445
22446
22449
22451
22453
22467
22471
22475
22476
22480
22484
22486
22489
22490
22492
22494
22496
22497
22499
22502
22505
22506
22507
22508
22512
22517
22518
22519
22522
22523
22528
22529
22530
22532
22538
22539
22540
22547
22553
22556
22557
22558
22560
22561
22565
22568
22569
22577
22582
22584
22585
22586
22588
22598
22599
22600
22603
22604
22605
22606
22608
22610
22617
22619
22622
22625
22626
22628
22629
22630
22633
22636
22640
22641
22646
22650
22657
22658
22662
22663
22664
22665
22667
22669
22673
22675
22683
22689
22693
22695
22697
22703
22706
22710
22713
22715
22716
22718
22720
22721
22722
22723
22726
22728
22729
22731
22732
22735
22738
22743
22744
22746
22749
22751
22753
22754
22755
22762
22765
22766
22767
22768
22769
22770
22773
22780
22784
22790
22793
22794
22795
22796
22797
22798
22799
22800
22802
22808
22809
22813
22814
22815
22817
22819
22821
22822
22823
22825
22836
22837
22839
22842
22845
22847
22849
22850
22853
22854
22859
22860
22863
22864
22872
22873
22876
22880
22881
22885
22886
22889
22890
22892
22896
22897
22898
22900
22901
22904
22905
22908
22909
22911
22917
22918
22922
22923
22924
22925
22926
22927
22929
22937
22938
22940
22944
22946
22948
22949
22951
22956
22957
22959
22960
22964
22969
22975
22978
22982
22984
22985
22987
22990
22993
22994
22997
22999
23008
23014
23015
23018
23019
23022
23028
23029
23031
23032
23035
23036
23038
23044
23046
23047
23048
23053
23054
23055
23057
23059
23060
23063
23064
23067
23069
23070
23073
23075
23076
23077
23081
23084
23088
23091
23092
23094
23096
23097
23099
23103
23104
23106
23107
23108
23114
23116
23117
23118
23122
23128
23129
23130
23131
23133
23135
23136
23139
23140
23144
23147
23148
23150
23151
23156
23158
23161
23163
23166
23167
23173
23176
23177
23183
23184
23189
23191
23196
23197
23198
23204
23205
23207
23208
23209
23211
23212
23213
23217
23218
23224
23228
23232
23236
23239
23240
23245
23247
23248
23249
23252
23256
23260
23262
23263
23264
23265
23267
23271
23273
23276
23277
23294
23297
23305
23306
23308
23320
23321
23323
23327
23335
23337
23338
23341
23343
23344
23348
23350
23351
23353
23356
23357
23358
23361
23364
23365
23368
23373
23374
23375
23376
23381
23384
23387
23389
23390
23392
23395
23396
23398
23402
23405
23406
23407
23408
23409
23410
23413
23414
23417
23421
23424
23428
23430
23432
23433
23435
23439
23442
23444
23446
23449
23455
23457
23458
23462
23466
23467
23469
23471
23472
23473
23474
23476
23477
23478
23479
23481
23485
23488
23489
23490
23492
23495
23497
23498
23501
23503
23509
23511
23515
23516
23517
23518
23520
23521
23522
23525
23526
23528
23534
23536
23544
23545
23546
23549
23554
23555
23558
23559
23560
23563
23564
23565
23566
23569
23571
23573
23576
23577
23579
23582
23583
23587
23588
23589
23591
23592
23593
23595
23596
23597
23599
23603
23605
23606
23607
23610
23613
23615
23617
23618
23621
23622
23623
23626
23628
23629
23634
23635
23637
23638
23641
23642
23647
23649
23650
23652
23654
23655
23656
23657
23659
23660
23662
23669
23671
23672
23674
23679
23684
23686
23688
23689
23693
23695
23696
23697
23699
23700
23701
23703
23704
23707
23709
23711
23714
23715
23718
23719
23728
23729
23731
23737
23740
23746
23747
23751
23752
23753
23759
23760
23761
23766
23767
23777
23782
23783
23791
23792
23795
23798
23799
23800
23808
23809
23811
23812
23818
23819
23823
23826
23828
23829
23830
23840
23841
23842
23843
23846
23847
23852
23854
23856
23858
23859
23865
23867
23869
23871
23872
23875
23877
23878
23881
23882
23883
23884
23889
23890
23893
23895
23897
23899
23904
23908
23915
23916
23917
23921
23922
23923
23926
23927
23928
23929
23930
23935
23936
23938
23941
23943
23944
23947
23949
23950
23951
23953
23958
23960
23964
23965
23970
23972
23979
23981
23984
23988
23992
23996
23998
23999
24006
24007
24010
24014
24015
24018
24026
24029
24031
24034
24035
24037
24039
24041
24042
24046
24047
24055
24056
24057
24058
24059
24061
24062
24063
24065
24066
24070
24072
24078
24080
24083
24084
24089
24092
24095
24097
24098
24100
24102
24104
24108
24110
24112
24113
24114
24115
24116
24120
24122
24128
24130
24138
24139
24140
24141
24147
24148
24149
24153
24154
24159
24162
24164
24166
24168
24169
24170
24171
24173
24176
24177
24181
24182
24183
24184
24188
24189
24191
24195
24201
24205
24207
24209
24211
24213
24219
24221
24223
24225
24226
24227
24228
24229
24230
24232
24236
24240
24244
24247
24249
24250
24251
24257
24259
24260
24263
24267
24270
24274
24275
24282
24286
24287
24288
24290
24296
24302
24303
24305
24308
24309
24312
24313
24314
24318
24319
24322
24323
24325
24327
24328
24330
24335
24341
24342
24345
24346
24348
24350
24354
24356
24357
24363
24365
24368
24369
24370
24371
24373
24375
24376
24380
24382
24383
24384
24389
24391
24396
24397
24400
24403
24405
24407
24409
24410
24412
24415
24416
24417
24418
24419
24420
24421
24422
24423
24425
24427
24432
24436
24438
24440
24441
24442
24443
24447
24448
24451
24452
24453
24454
24455
24459
24460
24462
24464
24468
24471
24472
24474
24475
24478
24480
24489
24498
24505
24506
24507
24508
24510
24511
24513
24519
24520
24524
24533
24535
24538
24539
24547
24550
24552
24557
24559
24560
24565
24566
24567
24572
24574
24579
24581
24582
24584
24589
24591
24594
24596
24600
24601
24605
24610
24612
24613
24614
24616
24618
24620
24623
24626
24627
24629
24630
24632
24635
24638
24639
24641
24643
24644
24646
24648
24649
24650
24651
24652
24656
24657
24658
24659
24660
24662
24663
24665
24667
24670
24671
24672
24677
24682
24683
24684
24685
24693
24694
24698
24699
24700
24702
24707
24710
24711
24712
24713
24714
24718
24721
24722
24723
24726
24729
24730
24733
24737
24740
24742
24743
24746
24747
24749
24754
24756
24758
24759
24763
24764
24775
24777
24779
24781
24783
24784
24785
24786
24792
24793
24794
24795
24797
24798
24803
24804
24805
24812
24813
24815
24816
24819
24821
24822
24824
24825
24827
24829
24832
24833
24838
24841
24842
24843
24847
24849
24850
24855
24858
24860
24862
24864
24865
24866
24868
24869
24871
24872
24878
24879
24883
24884
24888
24893
24896
24899
24900
24903
24904
24908
24909
24911
24914
24916
24918
24921
24925
24926
24927
24929
24930
24931
24934
24937
24938
24940
24942
24948
24950
24952
24953
24955
24956
24961
24963
24964
24965
24968
24973
24978
24982
24987
24990
24993
24994
24995
25001
25002
25003
25005
25006
25007
25008
25009
25011
25012
25013
25015
25018
25020
25023
25025
25027
25029
25035
25037
25038
25041
25042
25043
25044
25046
25047
25052
25054
25057
25058
25059
25062
25064
25066
25067
25070
25071
25081
25083
25086
25091
25092
25093
25094
25096
25097
25102
25105
25107
25109
25110
25111
25112
25113
25114
25116
25120
25121
25123
25125
25128
25129
25131
25133
25134
25135
25139
25143
25145
25148
25149
25151
25156
25157
25159
25161
25166
25167
25168
25169
25173
25174
25175
25178
25183
25186
25187
25190
25195
25199
25200
25201
25202
25206
25208
25209
25213
25214
25215
25216
25218
25221
25224
25227
25229
25231
25234
25237
25242
25245
25246
25249
25253
25255
25265
25268
25269
25274
25275
25277
25280
25282
25288
25290
25293
25296
25297
25299
25301
25302
25303
25304
25308
25309
25311
25312
25314
25317
25320
25321
25323
25325
25330
25333
25337
25338
25341
25342
25343
25346
25347
25350
25351
25354
25360
25365
25369
25371
25372
25373
25374
25376
25378
25379
25380
25382
25383
25384
25385
25386
25387
25388
25390
25391
25392
25397
25399
25405
25407
25408
25409
25410
25417
25419
25422
25425
25428
25433
25435
25439
25442
25443
25445
25446
25450
25452
25454
25456
25459
25463
25464
25466
25467
25474
25475
25476
25477
25482
25483
25484
25486
25489
25492
25494
25495
25496
25497
25498
25503
25505
25506
25508
25510
25513
25514
25519
25521
25524
25526
25530
25533
25535
25536
25538
25541
25545
25548
25550
25552
25555
25559
25562
25563
25570
25571
25572
25577
25583
25586
25588
25589
25591
25592
25593
25595
25596
25597
25604
25605
25607
25608
25609
25613
25614
25616
25619
25620
25621
25624
25625
25628
25629
25630
25631
25632
25633
25634
25636
25637
25643
25646
25650
25651
25655
25656
25657
25658
25659
25663
25664
25666
25667
25668
25669
25670
25671
25679
25680
25682
25683
25685
25688
25690
25691
25692
25694
25696
25697
25700
25701
25703
25705
25707
25710
25712
25715
25717
25719
25721
25722
25727
25730
25731
25733
25737
25739
25740
25742
25743
25745
25746
25749
25752
25754
25757
25758
25759
25767
25773
25776
25782
25786
25789
25790
25791
25792
25794
25797
25798
25803
25806
25807
25810
25812
25815
25816
25817
25820
25822
25823
25824
25825
25826
25827
25828
25829
25833
25834
25836
25837
25842
25844
25845
25847
25850
25852
25853
25856
25859
25862
25863
25865
25866
25867
25872
25873
25879
25881
25883
25885
25894
25895
25897
25908
25910
25911
25913
25914
25920
25922
25926
25927
25928
25930
25932
25933
25938
25939
25941
25945
25950
25952
25953
25955
25959
25961
25962
25965
25967
25971
25976
25982
25987
25988
25991
25993
25994
25999
26000
26001
26002
26004
26006
26007
26009
26012
26015
26016
26018
26020
26021
26022
26029
26030
26031
26033
26034
26036
26037
26038
26040
26041
26047
26048
26049
26054
26059
26060
26068
26070
26073
26081
26086
26092
26094
26101
26106
26107
26108
26113
26116
26121
26126
26127
26131
26133
26134
26135
26138
26139
26143
26145
26154
26157
26158
26159
26162
26165
26166
26167
26168
26169
26171
26172
26173
26174
26177
26180
26184
26185
26187
26192
26195
26196
26198
26199
26203
26204
26208
26210
26211
26213
26216
26219
26223
26224
26227
26230
26231
26232
26233
26235
26237
26242
26243
26244
26245
26247
26248
26249
26252
26253
26254
26257
26261
26264
26265
26266
26267
26268
26270
26271
26276
26277
26278
26279
26280
26283
26285
26286
26289
26292
26295
26307
26308
26311
26312
26313
26314
26316
26320
26321
26324
26325
26328
26334
26336
26337
26338
26340
26342
26344
26347
26349
26352
26355
26356
26357
26358
26359
26363
26366
26368
26369
26370
26374
26376
26377
26381
26382
26383
26384
26387
26388
26394
26400
26401
26404
26405
26406
26407
26408
26413
26414
26420
26423
26426
26428
26429
26430
26431
26434
26437
26440
26441
26442
26445
26446
26447
26448
26449
26451
26453
26456
26459
26461
26462
26465
26471
26476
26481
26486
26490
26492
26495
26498
26499
26500
26507
26509
26512
26513
26515
26516
26517
26518
26520
26521
26522
26523
26524
26525
26526
26527
26531
26534
26536
26537
26538
26539
26541
26545
26546
26547
26548
26552
26554
26555
26559
26560
26563
26565
26566
26567
26568
26569
26576
26577
26578
26580
26584
26586
26588
26590
26594
26595
26596
26597
26601
26604
26607
26608
26616
26617
26619
26623
26624
26627
26628
26631
26635
26637
26639
26641
26642
26643
26645
26648
26650
26652
26654
26659
26660
26661
26672
26673
26674
26675
26678
26679
26680
26683
26684
26686
26687
26688
26690
26691
26692
26693
26697
26699
26700
26701
26704
26705
26706
26708
26711
26713
26724
26727
26731
26733
26736
26742
26744
26746
26752
26753
26754
26755
26757
26759
26762
26763
26764
26766
26769
26772
26773
26777
26778
26779
26781
26784
26786
26787
26788
26790
26791
26793
26794
26795
26797
26799
26809
26810
26811
26815
26818
26819
26820
26821
26823
26824
26825
26826
26827
26828
26834
26835
26838
26841
26842
26844
26845
26847
26850
26851
26852
26853
26858
26860
26861
26862
26863
26866
26867
26868
26876
26877
26878
26882
26886
26887
26888
26900
26902
26903
26906
26907
26908
26910
26917
26928
26929
26930
26931
26932
26934
26940
26942
26943
26944
26946
26947
26948
26949
26950
26955
26958
26963
26964
26966
26970
26971
26974
26977
26978
26979
26982
26984
26985
26986
26993
26994
26995
26996
26998
26999
27001
27002
27005
27007
27009
27011
27013
27016
27017
27019
27021
27022
27023
27027
27030
27032
27033
27037
27038
27039
27045
27046
27047
27048
27049
27050
27054
27055
27059
27060
27062
27065
27066
27068
27069
27070
27074
27075
27076
27077
27079
27081
27086
27088
27090
27097
27099
27101
27102
27103
27105
27108
27114
27116
27117
27119
27121
27124
27127
27128
27132
27133
27136
27137
27140
27141
27145
27146
27149
27153
27156
27159
27163
27166
27167
27169
27170
27173
27175
27180
27182
27184
27185
27187
27188
27190
27191
27193
27195
27199
27200
27201
27203
27208
27209
27211
27215
27216
27217
27221
27223
27224
27228
27229
27230
27232
27233
27235
27237
27241
27245
27248
27252
27254
27255
27256
27259
27260
27261
27262
27263
27264
27266
27268
27269
27271
27272
27275
27276
27277
27278
27279
27281
27283
27284
27287
27288
27290
27292
27294
27300
27301
27302
27306
27311
27313
27314
27316
27317
27318
27320
27324
27326
27328
27329
27330
27331
27334
27335
27337
27341
27342
27344
27345
27346
27349
27350
27351
27354
27355
27361
27363
27364
27365
27368
27369
27370
27373
27374
27375
27377
27381
27382
27383
27384
27385
27386
27387
27389
27390
27391
27392
27398
27401
27402
27403
27405
27406
27408
27411
27412
27414
27415
27416
27419
27425
27426
27427
27430
27431
27432
27433
27437
27438
27441
27443
27444
27448
27449
27450
27452
27453
27454
27455
27456
27457
27458
27459
27461
27464
27471
27473
27474
27475
27477
27478
27479
27480
27481
27484
27485
27488
27490
27491
27492
27493
27494
27497
27500
27503
27504
27505
27508
27510
27517
27519
27520
27521
27523
27525
27528
27532
27534
27536
27537
27539
27543
27544
27547
27548
27549
27557
27559
27560
27561
27563
27567
27573
27575
27576
27578
27580
27582
27584
27586
27588
27592
27593
27603
27606
27609
27610
27611
27612
27618
27622
27623
27625
27626
27637
27643
27651
27656
27658
27660
27663
27665
27670
27672
27674
27676
27677
27679
27680
27683
27684
27687
27688
27689
27690
27691
27693
27703
27705
27706
27707
27708
27709
27714
27716
27717
27719
27722
27727
27729
27732
27733
27735
27740
27743
27745
27746
27747
27749
27750
27751
27753
27756
27758
27760
27761
27763
27768
27769
27773
27775
27776
27783
27789
27791
27794
27795
27798
27801
27802
27804
27805
27806
27809
27813
27816
27818
27820
27821
27822
27823
27824
27825
27826
27827
27829
27830
27831
27833
27834
27837
27840
27842
27846
27847
27848
27852
27853
27856
27858
27863
27866
27867
27869
27870
27871
27873
27878
27880
27881
27887
27888
27891
27892
27894
27895
27896
27897
27902
27903
27904
27905
27906
27907
27908
27909
27910
27911
27914
27918
27921
27922
27924
27925
27926
27927
27928
27931
27934
27935
27936
27937
27938
27939
27941
27943
27949
27951
27956
27957
27958
27959
27960
27961
27962
27963
27965
27966
27969
27972
27974
27975
27976
27977
27978
27979
27983
27987
27988
27989
27992
27995
27997
27998
28001
28003
28005
28006
28007
28008
28009
28013
28014
28018
28019
28021
28022
28025
28028
28031
28032
28033
28034
28037
28041
28042
28043
28045
28046
28050
28056
28057
28060
28062
28064
28065
28067
28069
28071
28073
28075
28076
28077
28078
28080
28084
28085
28092
28093
28094
28095
28096
28100
28101
28102
28106
28111
28112
28113
28114
28116
28117
28119
28122
28125
28130
28131
28132
28134
28135
28136
28139
28142
28145
28146
28149
28150
28151
28153
28156
28157
28160
28161
28164
28168
28170
28171
28173
28174
28176
28181
28187
28188
28192
28194
28196
28198
28200
28201
28202
28204
28205
28206
28208
28209
28211
28217
28218
28221
28222
28224
28225
28226
28227
28228
28229
28231
28233
28234
28236
28241
28243
28246
28248
28249
28250
28251
28252
28254
28259
28260
28261
28263
28264
28266
28268
28271
28272
28275
28278
28279
28283
28284
28285
28294
28296
28299
28301
28302
28303
28304
28306
28307
28308
28309
28310
28312
28314
28316
28319
28321
28322
28328
28329
28332
28336
28337
28338
28339
28340
28341
28342
28343
28345
28347
28348
28353
28356
28365
28366
28369
28373
28374
28375
28376
28379
28381
28384
28385
28387
28388
28392
28393
28395
28399
28400
28403
28404
28405
28406
28408
28409
28413
28414
28416
28417
28422
28426
28431
28435
28437
28442
28444
28445
28446
28449
28452
28453
28456
28460
28466
28467
28468
28472
28474
28475
28476
28477
28479
28483
28485
28486
28489
28490
28491
28492
28493
28498
28502
28504
28508
28515
28516
28517
28520
28521
28524
28528
28530
28533
28534
28537
28540
28544
28546
28547
28549
28550
28552
28553
28556
28557
28559
28564
28565
28571
28573
28574
28575
28578
28579
28581
28582
28583
28584
28586
28589
28590
28593
28596
28598
28599
28600
28604
28605
28607
28609
28610
28613
28618
28619
28620
28621
28622
28623
28625
28628
28629
28630
28632
28633
28634
28638
28640
28642
28646
28647
28650
28651
28652
28653
28654
28655
28659
28661
28662
28663
28665
28667
28669
28672
28674
28678
28679
28680
28685
28687
28688
28690
28695
28696
28697
28700
28703
28707
28708
28712
28713
28719
28720
28722
28723
28725
28728
28729
28731
28733
28734
28735
28736
28740
28743
28746
28748
28751
28752
28756
28757
28761
28762
28763
28765
28766
28769
28771
28772
28773
28774
28776
28777
28781
28783
28784
28787
28789
28790
28794
28795
28796
28797
28799
28800
28803
28804
28808
28809
28812
28813
28816
28818
28820
28826
28828
28831
28832
28833
28835
28836
28838
28840
28844
28847
28848
28850
28851
28852
28853
28854
28856
28857
28859
28862
28863
28864
28867
28871
28873
28874
28875
28876
28877
28879
28881
28882
28883
28884
28889
28894
28895
28897
28899
28900
28902
28903
28905
28906
28913
28915
28917
28918
28919
28920
28921
28922
28923
28924
28929
28931
28932
28935
28936
28937
28939
28940
28941
28946
28947
28949
28951
28959
28962
28964
28966
28968
28970
28974
28975
28977
28979
28980
28981
28982
28984
28985
28988
28989
28993
28994
28995
28996
28997
29001
29004
29005
29008
29009
29010
29012
29013
29017
29018
29020
29024
29028
29029
29030
29032
29035
29036
29039
29040
29042
29043
29044
29047
29048
29049
29051
29052
29056
29059
29062
29063
29064
29065
29067
29068
29074
29076
29077
29079
29081
29083
29087
29088
29090
29093
29094
29097
29100
29101
29102
29103
29107
29108
29109
29112
29114
29116
29118
29120
29122
29123
29125
29128
29130
29131
29132
29134
29135
29136
29138
29140
29141
29142
29144
29145
29147
29148
29149
29150
29151
29152
29153
29157
29158
29161
29163
29164
29166
29167
29168
29172
29176
29177
29184
29187
29189
29190
29191
29193
29195
29196
29197
29200
29202
29205
29208
29213
29217
29219
29220
29221
29225
29227
29229
29232
29234
29235
29236
29241
29242
29251
29254
29255
29257
29258
29259
29260
29261
29262
29263
29264
29266
29267
29273
29277
29281
29283
29284
29285
29287
29292
29293
29296
29297
29299
29300
29303
29304
29306
29307
29308
29311
29313
29315
29318
29320
29321
29323
29324
29325
29327
29330
29334
29335
29337
29339
29341
29343
29345
29349
29354
29356
29357
29361
29363
29364
29366
29367
29369
29371
29372
29373
29374
29380
29381
29383
29385
29387
29388
29390
29393
29394
29396
29398
29406
29410
29413
29415
29417
29419
29420
29421
29423
29426
29427
29429
29431
29432
29434
29437
29444
29446
29448
29450
29452
29454
29459
29461
29464
29465
29466
29467
29471
29473
29474
29475
29477
29479
29480
29482
29483
29488
29490
29491
29493
29494
29501
29504
29507
29509
29510
29513
29514
29516
29517
29518
29519
29521
29522
29523
29524
29526
29528
29531
29543
29549
29551
29553
29555
29557
29559
29560
29566
29567
29568
29570
29571
29573
29576
29579
29585
29590
29591
29593
29595
29597
29598
29599
29600
29601
29604
29605
29607
29616
29617
29618
29620
29623
29627
29630
29631
29634
29635
29638
29640
29641
29643
29644
29646
29649
29653
29654
29655
29662
29663
29666
29667
29668
29669
29672
29673
29674
29675
29676
29677
29678
29679
29680
29682
29684
29689
29690
29692
29694
29697
29700
29701
29703
29704
29707
29708
29710
29713
29715
29716
29717
29722
29724
29725
29726
29729
29730
29733
29734
29736
29737
29738
29739
29743
29745
29746
29750
29753
29755
29756
29757
29758
29759
29760
29761
29762
29766
29767
29772
29775
29776
29779
29780
29781
29782
29783
29784
29785
29788
29789
29790
29793
29794
29796
29798
29800
29801
29803
29806
29807
29817
29819
29821
29822
29824
29826
29827
29829
29836
29837
29838
29839
29841
29842
29845
29853
29856
29857
29858
29861
29862
29863
29864
29865
29868
29869
29870
29871
29874
29875
29876
29879
29880
29883
29884
29885
29888
29889
29891
29892
29902
29904
29909
29910
29912
29915
29920
29921
29924
29925
29926
29928
29930
29933
29934
29935
29936
29938
29940
29942
29943
29945
29948
29951
29957
29958
29959
29961
29962
29963
29965
29966
29969
29970
29971
29974
29975
29976
29980
29981
29985
29987
29988
29990
29994
30000
30002
30003
30005
30008
30009
30010
30012
30014
30015
30016
30018
30019
30021
30025
30026
30027
30032
30035
30037
30042
30045
30047
30048
30049
30051
30052
30054
30056
30059
30060
30062
30071
30073
30074
30076
30077
30079
30080
30081
30082
30083
30085
30086
30088
30092
30094
30096
30097
30098
30101
30104
30106
30107
30108
30109
30110
30111
30116
30117
30120
30121
30122
30123
30124
30125
30127
30128
30129
30135
30137
30138
30139
30140
30143
30145
30148
30149
30150
30151
30152
30154
30157
30160
30163
30165
30168
30170
30172
30174
30177
30178
30179
30180
30187
30188
30190
30191
30192
30193
30196
30197
30198
30199
30200
30203
30204
30205
30206
30207
30210
30212
30213
30214
30215
30218
30219
30220
30221
30224
30225
30230
30233
30235
30237
30238
30242
30243
30245
30247
30249
30252
30253
30254
30257
30258
30259
30260
30263
30265
30266
30268
30269
30270
30272
30273
30274
30276
30277
30279
30282
30283
30284
30285
30287
30288
30291
30293
30295
30300
30301
30305
30306
30307
30310
30313
30314
30316
30322
30323
30324
30325
30330
30331
30332
30335
30337
30338
30339
30342
30344
30345
30348
30349
30350
30351
30354
30356
30361
30362
30363
30364
30365
30370
30371
30372
30376
30380
30381
30383
30384
30386
30388
30392
30394
30395
30396
30397
30398
30401
30402
30403
30405
30406
30410
30411
30412
30413
30414
30415
30418
30421
30422
30423
30425
30426
30431
30432
30434
30436
30437
30438
30441
30442
30445
30448
30449
30451
30452
30454
30458
30459
30460
30463
30470
30471
30472
30473
30475
30476
30479
30482
30483
30486
30490
30492
30494
30495
30496
30497
30498
30503
30504
30507
30513
30514
30515
30516
30523
30524
30525
30528
30532
30534
30535
30536
30540
30542
30543
30544
30545
30546
30549
30550
30552
30559
30561
30562
30563
30564
30566
30568
30569
30570
30571
30573
30576
30577
30578
30580
30581
30583
30585
30587
30590
30591
30592
30595
30596
30598
30600
30601
30602
30604
30607
30609
30610
30612
30615
30616
30617
30618
30619
30623
30625
30626
30627
30629
30632
30633
30634
30642
30643
30645
30646
30648
30649
30650
30651
30652
30653
30656
30658
30662
30663
30664
30665
30672
30674
30675
30678
30682
30684
30685
30686
30688
30689
30695
30696
30700
30706
30708
30712
30714
30716
30717
30722
30724
30727
30729
30733
30735
30739
30741
30742
30745
30747
30752
30753
30754
30755
30757
30758
30764
30765
30770
30771
30772
30774
30775
30776
30778
30780
30784
30787
30788
30789
30791
30794
30795
30797
30798
30800
30802
30806
30807
30810
30811
30813
30815
30818
30819
30821
30823
30824
30825
30828
30829
30831
30832
30833
30837
30838
30839
30840
30842