10091
27438
14850
31208
27241
31262
16067
27885
31750
20562
22259
23421
24365
26616
28867
15238
15397
16574
17939
22435
24492
27263
27463
27691
24542
25190
25224
27405
28145
28451
30310
30559
30605
31219
16834
17775
19341
20413
20647
20801
21246
21644
22353
22722
22776
23758
23989
25555
26537
27054
27471
27502
28016
29297
29576
29632
30380
30703
20341
21151
21547
22902
23071
23117
23618
24566
24984
26264
26582
26710
27795
28288
28310
29102
29356
30081
30515
30976
31548
31764
9322
9711
15169
15257
15376
15975
17799
20269
20365
20812
20890
21103
21159
21747
21844
22420
22909
22956
23062
23907
24406
24553
24666
25127
25600
25711
25803
26575
26660
26913
27364
27938
28171
28504
29299
29835
29921
31694
9167
13740
13971
16009
16156
18071
18611
18714
19305
20266
21322
22033
22563
22669
22678
23806
24845
24865
25585
25834
26352
26487
26635
27037
27156
27293
27367
27521
27523
27552
28196
28540
28583
28630
28679
28725
29080
29180
29287
29333
30606
30648
30803
31157
31166
31209
31234
31243
31360
31451
31542
31596
31703
31753
9132
10640
11556
11829
12054
12637
13653
15872
16333
16869
17965
18234
18538
18851
19356
20017
20430
20482
20642
20664
20783
21402
21797
21834
21960
22080
22199
22445
22496
22745
22822
22898
23206
23396
23542
23639
24335
24343
24355
24577
25011
25043
25124
25192
25322
25363
25439
25552
25649
26017
26335
26361
26423
26618
26816
26874
27040
27204
27304
27317
27432
27742
27775
27849
27864
27878
27896
27936
27964
27977
28026
28030
28063
28211
28437
28542
28616
28677
28846
29114
29160
29185
29318
29328
29410
29541
29553
29598
29704
29942
30021
30172
30177
30261
30300
30303
30307
30420
30612
30635
30686
30707
30718
30825
30835
31033
31035
31109
31132
31162
31273
31277
31413
31428
31437
31758
6068
13116
13163
13580
14208
14853
14875
15086
15204
15281
15314
15440
15602
15718
15762
15811
16169
16401
16629
16902
16967
17048
17322
17805
17885
18694
18913
19089
19153
19245
19295
19487
19779
19833
19994
20034
20190
20291
20339
20635
20694
20729
20795
20910
20989
21108
21185
21296
21335
21394
21419
21523
21625
21646
21824
21839
21977
22159
22183
22293
22431
22456
22530
22568
22778
22921
22959
23029
23126
23300
23425
23429
23670
23700
23772
23840
24062
24210
24578
24658
24688
24823
24860
25090
25175
25176
25304
25333
25352
25478
25545
25636
25774
25894
25903
26048
26197
26393
26512
26707
26726
26730
26744
26768
26943
26963
27041
27196
27216
27414
27455
27598
27626
27842
27985
28115
28174
28241
28267
28303
28373
28458
28466
28600
28700
28774
28791
28903
28912
28981
28985
29189
29206
29400
29421
29657
29683
29699
29739
29746
29759
29813
29824
29859
30065
30123
30125
30320
30325
30485
30564
30627
30632
30738
30784
30896
30905
30988
30997
31029
31089
31130
31186
31336
31352
31391
31435
31543
31621
31635
31723
31728
31731
7646
10029
10048
10759
10815
11180
11265
11292
11663
12592
12641
12980
13008
13511
13545
13851
13871
14472
14541
14971
15049
15057
15234
15358
15583
15601
15865
16181
16218
16257
16283
16329
16492
16607
16720
16795
16944
16975
16978
17073
17272
17280
17344
17470
17507
17793
17858
17867
17879
17988
18041
18137
18207
18367
18385
18386
18440
18465
18531
18540
18798
18838
18967
19166
19179
19287
19323
19470
19556
19568
19693
19727
19853
19858
19916
20029
20281
20290
20376
20481
20487
20646
20650
20696
20840
20848
20911
20925
20939
20962
21181
21203
21225
21365
21401
21471
21665
21835
22095
22170
22188
22300
22392
22441
22487
22503
22830
22890
23026
23233
23280
23297
23406
23443
23478
23539
23558
23736
23774
23776
23783
23955
24033
24048
24051
24119
24122
24148
24179
24263
24321
24469
24516
24524
24599
24760
24812
24852
24868
24987
25014
25076
25258
25272
25388
25409
25472
25513
25669
25671
25682
25694
25857
25897
25924
25958
25962
25988
26010
26160
26207
26225
26243
26280
26316
26462
26645
26700
26721
26752
26835
26875
26894
26928
26958
26964
26965
27165
27179
27218
27247
27332
27388
27470
27496
27501
27531
27623
27654
27662
27954
27955
28023
28042
28109
28128
28137
28138
28233
28247
28281
28356
28391
28394
28477
28486
28598
28706
28769
28786
28910
28995
29024
29094
29146
29175
29204
29243
29264
29295
29303
29306
29379
29420
29460
29695
29722
29767
29769
29770
29821
29913
29984
30001
30005
30008
30019
30041
30112
30132
30134
30136
30184
30228
30236
30284
30288
30403
30411
30461
30573
30584
30685
30719
30743
30755
30767
30832
30866
30903
30929
30931
30998
31016
31038
31069
31123
31147
31152
31278
31280
31320
31328
31402
31405
31466
31494
31630
31656
31711
31729
31745
3894
7007
7567
8668
9032
9107
9636
9637
9650
9845
10143
10374
10530
10824
11237
11316
11339
11413
11448
11714
11734
11758
11893
12170
12337
12391
12639
12709
13051
13353
13355
13361
13487
13519
13563
13604
13649
13874
13983
14160
14235
14252
14407
14495
14619
14660
14714
14734
14748
14804
14817
14866
14946
15054
15078
15188
15275
15277
15313
15328
15362
15379
15490
15501
15561
15587
15664
15716
15963
16028
16062
16069
16137
16240
16317
16364
16544
16740
16788
16799
16841
16965
17109
17194
17195
17216
17230
17275
17381
17422
17434
17453
17487
17525
17530
17533
17663
17664
17728
17744
17762
17840
17874
17895
17900
17951
17957
18075
18095
18126
18298
18360
18491
18535
18579
18585
18670
18692
18852
18899
18956
19005
19060
19143
19182
19231
19378
19412
19441
19450
19469
19511
19523
19601
19696
19713
19884
19886
19891
19906
19945
20102
20132
20177
20236
20255
20288
20297
20316
20330
20516
20517
20566
20578
20707
20737
20741
20804
20852
20888
20974
20990
21022
21128
21330
21342
21353
21361
21400
21406
21480
21512
21516
21616
21620
21640
21667
21739
21748
21813
21822
21907
21945
21976
22106
22165
22197
22250
22254
22318
22364
22436
22510
22545
22644
22660
22687
22718
22773
22796
22889
22906
22951
23042
23095
23338
23353
23381
23419
23420
23438
23489
23562
23680
23681
23682
23686
23735
23762
23797
23831
23885
23928
23985
24036
24080
24094
24102
24163
24245
24248
24261
24363
24431
24506
24575
24596
24612
24660
24719
24752
24762
24801
24835
24862
24884
24927
24941
24974
24978
24979
24980
25017
25107
25138
25167
25186
25218
25234
25263
25302
25331
25359
25368
25370
25502
25511
25597
25601
25608
25610
25651
25659
25744
25747
25788
25830
25832
25868
25969
25986
26056
26091
26185
26188
26301
26306
26331
26366
26395
26412
26499
26516
26560
26567
26614
26624
26641
26656
26713
26717
26742
26769
26823
26827
26897
26900
26915
26917
26945
26995
27020
27027
27069
27100
27109
27127
27186
27187
27235
27353
27491
27516
27609
27610
27657
27710
27719
27733
27748
27755
27777
27873
27914
27926
27944
27956
27963
27972
27990
27995
28006
28011
28055
28071
28085
28118
28152
28256
28260
28313
28384
28403
28408
28414
28438
28525
28551
28614
28658
28665
28682
28698
28761
28768
28816
28852
28856
28862
28896
28946
28950
28963
29009
29041
29081
29095
29119
29207
29211
29221
29223
29341
29357
29390
29397
29414
29425
29454
29477
29484
29505
29521
29588
29595
29610
29664
29690
29730
29778
29789
29795
29810
29866
30023
30062
30073
30082
30108
30159
30161
30246
30249
30254
30268
30309
30350
30372
30378
30379
30391
30407
30412
30433
30439
30445
30478
30496
30498
30528
30553
30563
30577
30609
30611
30646
30733
30771
30789
30802
30817
30869
30913
30923
30967
31009
31037
31053
31072
31073
31080
31110
31119
31159
31190
31225
31233
31251
31261
31263
31333
31389
31399
31404
31430
31432
31440
31449
31478
31537
31544
31562
31601
31623
31648
31667
31748
31749
31766
31790
31794
31796
31807
31829
4393
5311
5559
6129
6182
6361
6773
6913
7259
7455
7568
7694
7730
7788
8170
8200
8244
8260
8280
8871
8934
8946
9055
9062
9144
9347
9365
9394
9610
9731
10061
10064
10078
10102
10156
10497
10526
10594
10704
10758
10766
10813
10915
11052
11709
11716
11835
11938
11981
11992
12021
12025
12055
12070
12163
12185
12238
12367
12490
12511
12741
12783
12791
12810
12890
12949
13037
13054
13324
13373
13382
13384
13459
13464
13503
13573
13619
13651
13757
13834
13837
13839
13905
13980
13995
14078
14263
14295
14345
14372
14443
14515
14533
14542
14707
14793
14836
14847
14898
14917
14958
15066
15087
15116
15117
15119
15153
15194
15227
15235
15255
15311
15345
15375
15424
15511
15558
15594
15622
15669
15740
15798
15848
15887
15899
15936
15956
15977
15991
16015
16057
16093
16114
16139
16171
16210
16211
16224
16227
16250
16275
16301
16310
16313
16316
16332
16334
16369
16390
16409
16414
16446
16475
16507
16658
16672
16748
16877
16905
16953
16985
16988
17027
17047
17100
17145
17186
17196
17279
17282
17311
17330
17359
17387
17466
17504
17548
17575
17581
17648
17655
17713
17804
17838
17886
17914
17932
18055
18061
18090
18143
18184
18190
18219
18300
18319
18405
18476
18493
18507
18544
18592
18600
18618
18632
18745
18749
18755
18771
18791
18799
18806
18823
18867
18872
18898
18966
19008
19024
19026
19054
19122
19155
19208
19227
19251
19252
19266
19268
19404
19411
19461
19484
19520
19589
19688
19732
19817
19835
19861
19907
19908
19924
19925
19966
20007
20065
20074
20139
20140
20167
20169
20189
20241
20247
20287
20295
20367
20371
20429
20484
20519
20537
20543
20550
20584
20609
20611
20678
20682
20705
20753
20773
20847
20849
20874
20904
20950
20967
21040
21047
21068
21070
21094
21123
21145
21172
21175
21180
21199
21205
21256
21311
21337
21350
21375
21408
21459
21463
21483
21486
21504
21509
21515
21554
21565
21579
21591
21615
21631
21692
21712
21789
21812
21821
21901
21938
21964
21969
22012
22026
22038
22056
22124
22127
22155
22194
22202
22224
22236
22248
22355
22378
22411
22447
22460
22494
22505
22543
22550
22560
22570
22588
22604
22616
22633
22649
22650
22651
22677
22690
22692
22694
22695
22696
22707
22724
22730
22731
22750
22753
22755
22769
22802
22828
22871
22874
22879
22888
22912
22934
22957
22967
22971
22975
22976
22977
22998
23020
23031
23036
23079
23107
23119
23137
23145
23150
23172
23175
23199
23212
23214
23223
23226
23231
23258
23282
23330
23336
23370
23422
23472
23483
23509
23540
23573
23590
23592
23604
23609
23648
23649
23661
23696
23705
23764
23765
23784
23790
23801
23843
23898
23919
23939
23940
23952
24005
24030
24043
24063
24134
24186
24218
24240
24243
24268
24269
24273
24326
24330
24370
24372
24389
24462
24486
24523
24537
24546
24547
24558
24591
24645
24671
24672
24687
24692
24696
24703
24722
24733
24759
24767
24833
24846
24858
24866
24875
24883
24890
24896
24911
24920
24937
24949
24976
24992
24995
25008
25010
25018
25040
25063
25103
25104
25141
25181
25185
25225
25281
25283
25297
25309
25330
25347
25362
25373
25401
25403
25416
25422
25438
25443
25457
25486
25525
25546
25559
25589
25591
25598
25606
25622
25627
25628
25683
25703
25714
25715
25716
25727
25735
25751
25777
25779
25789
25825
25850
25856
25863
25886
25914
25922
25926
25942
25968
25989
25994
26005
26026
26039
26052
26069
26072
26102
26108
26157
26165
26168
26232
26267
26273
26282
26283
26334
26344
26351
26380
26401
26409
26419
26436
26464
26468
26471
26484
26529
26553
26554
26568
26597
26600
26601
26631
26664
26673
26688
26704
26705
26709
26711
26739
26748
26770
26813
26841
26847
26907
26918
26930
26982
26984
26989
27000
27011
27021
27029
27042
27044
27048
27061
27071
27090
27093
27101
27139
27171
27176
27195
27236
27245
27273
27294
27312
27330
27337
27344
27366
27372
27384
27423
27436
27439
27474
27556
27564
27571
27588
27597
27674
27689
27754
27760
27782
27785
27786
27798
27802
27818
27833
27835
27858
27859
27876
27884
27917
28015
28024
28046
28097
28098
28117
28151
28156
28200
28224
28251
28254
28308
28371
28374
28406
28407
28425
28433
28442
28472
28484
28492
28529
28530
28558
28563
28564
28586
28587
28591
28607
28629
28635
28651
28659
28686
28689
28697
28727
28753
28773
28796
28829
28841
28845
28870
28875
28895
28897
28925
28926
28931
28932
28933
28956
28983
28991
29016
29037
29038
29049
29072
29092
29111
29121
29142
29155
29158
29166
29173
29176
29201
29209
29212
29269
29271
29283
29290
29292
29293
29321
29346
29416
29418
29452
29456
29458
29489
29495
29503
29534
29561
29566
29594
29606
29630
29638
29644
29654
29655
29670
29674
29696
29702
29726
29737
29740
29760
29845
29848
29885
29888
29900
29901
29919
29925
29937
29946
29948
29967
30004
30012
30040
30061
30087
30124
30131
30147
30162
30175
30181
30195
30203
30218
30224
30232
30289
30299
30328
30337
30355
30359
30401
30424
30510
30511
30520
30525
30530
30542
30562
30644
30652
30657
30658
30662
30680
30682
30710
30717
30786
30792
30794
30812
30822
30824
30829
30836
30837
30838
30862
30865
30877
30900
30927
30942
30964
31023
31039
31045
31055
31066
31095
31108
31117
31124
31129
31145
31174
31187
31201
31202
31211
31228
31275
31285
31292
31302
31306
31308
31313
31331
31343
31373
31398
31431
31444
31465
31470
31477
31486
31497
31516
31530
31538
31574
31582
31586
31587
31620
31632
31642
31653
31658
31679
31692
31698
31724
31734
31743
31744
31751
31754
31761
31767
31778
31815
31820
31845
3429
3547
3677
3825
4442
4566
4846
5181
5618
5756
6113
6177
6181
6415
6454
6529
6615
6665
6696
6715
6749
6933
6954
7146
7158
7602
7704
7766
7883
7923
7966
7976
8086
8184
8238
8249
8261
8343
8444
8558
8564
8601
8669
8691
8728
8737
8780
8889
9079
9102
9140
9147
9166
9199
9247
9270
9324
9377
9384
9401
9406
9421
9528
9531
9598
9695
9739
10063
10073
10100
10103
10126
10137
10170
10248
10285
10323
10333
10362
10415
10457
10569
10581
10618
10634
10695
10740
10786
10877
10935
10955
10957
11044
11053
11129
11158
11196
11241
11301
11320
11322
11400
11412
11436
11511
11516
11523
11566
11598
11604
11626
11649
11665
11683
11724
11791
11798
11923
11950
11961
12017
12026
12033
12056
12139
12162
12175
12224
12242
12281
12325
12378
12382
12398
12446
12454
12489
12500
12559
12580
12601
12671
12673
12794
12814
12833
12878
12906
12912
12918
12971
13035
13077
13135
13170
13184
13205
13269
13276
13300
13435
13443
13449
13478
13547
13594
13624
13646
13655
13662
13713
13769
13810
13844
13865
13911
13960
13978
13997
13998
13999
14000
14131
14171
14272
14301
14302
14305
14336
14385
14496
14574
14611
14691
14694
14747
14762
14784
14824
14832
14833
14846
14856
14860
14871
14921
14995
14996
15007
15017
15053
15110
15112
15143
15147
15149
15171
15208
15214
15223
15252
15301
15363
15365
15378
15405
15447
15459
15487
15492
15494
15516
15526
15620
15674
15697
15715
15743
15805
15807
15820
15821
15847
15864
15868
15889
15895
15908
15934
15959
16041
16060
16077
16106
16110
16111
16149
16150
16160
16187
16193
16194
16195
16202
16205
16230
16233
16262
16286
16290
16298
16400
16404
16428
16432
16440
16489
16511
16523
16530
16534
16669
16686
16727
16739
16753
16762
16767
16781
16809
16844
16867
16906
16917
16974
16987
17015
17024
17036
17041
17046
17050
17091
17103
17110
17129
17200
17212
17266
17269
17305
17323
17327
17337
17356
17397
17404
17464
17492
17512
17513
17522
17524
17529
17542
17551
17563
17583
17595
17608
17612
17628
17656
17674
17681
17685
17695
17696
17703
17768
17771
17806
17821
17832
17857
17894
17953
18021
18023
18049
18059
18084
18101
18141
18183
18223
18239
18241
18266
18296
18303
18331
18332
18340
18352
18371
18391
18414
18482
18501
18508
18521
18526
18530
18549
18559
18561
18612
18630
18641
18657
18674
18675
18683
18689
18730
18737
18744
18754
18775
18785
18789
18809
18820
18829
18846
18950
18957
18959
18969
19001
19016
19025
19027
19036
19077
19110
19118
19123
19127
19139
19142
19154
19175
19193
19194
19206
19218
19285
19292
19293
19303
19306
19316
19326
19327
19348
19375
19376
19379
19402
19421
19430
19436
19448
19467
19489
19496
19497
19500
19526
19535
19549
19576
19612
19616
19618
19623
19631
19645
19653
19679
19689
19697
19702
19721
19748
19755
19777
19785
19788
19832
19834
19860
19871
19877
19878
19899
19901
19921
19930
19942
19970
19976
20031
20039
20080
20083
20091
20099
20111
20124
20135
20192
20246
20261
20296
20336
20347
20356
20427
20531
20565
20572
20573
20588
20594
20598
20600
20619
20623
20632
20641
20651
20663
20679
20689
20714
20720
20742
20747
20751
20787
20796
20799
20802
20817
20820
20844
20860
20864
20883
20900
20917
20926
20934
20948
20957
20959
20983
20986
20993
21015
21045
21056
21064
21092
21099
21111
21146
21154
21186
21189
21211
21232
21239
21279
21284
21304
21305
21307
21318
21352
21355
21386
21399
21428
21441
21445
21461
21469
21472
21476
21481
21485
21491
21494
21505
21525
21538
21551
21573
21574
21605
21608
21618
21632
21641
21645
21648
21650
21661
21664
21672
21675
21676
21681
21686
21699
21702
21706
21719
21725
21726
21728
21744
21746
21757
21760
21772
21786
21825
21826
21838
21840
21865
21866
21872
21873
21898
21921
21927
21936
21943
21944
21952
21978
21984
21991
22001
22011
22018
22034
22091
22115
22119
22136
22147
22167
22222
22263
22265
22287
22301
22304
22305
22306
22330
22356
22357
22398
22404
22413
22428
22444
22478
22495
22525
22537
22548
22551
22554
22578
22580
22582
22584
22595
22608
22611
22613
22614
22615
22621
22624
22635
22682
22725
22738
22754
22788
22789
22823
22841
22842
22846
22851
22859
22867
22904
22905
22918
22942
22963
22965
22978
22990
22997
23023
23054
23060
23068
23091
23112
23169
23178
23186
23187
23189
23194
23196
23236
23245
23256
23266
23281
23285
23302
23324
23325
23326
23346
23348
23355
23389
23412
23426
23433
23446
23461
23464
23467
23468
23469
23481
23494
23495
23512
23515
23529
23544
23551
23555
23561
23564
23576
23583
23597
23619
23641
23655
23664
23747
23755
23773
23807
23816
23823
23828
23832
23834
23839
23858
23875
23906
23909
23923
23937
23946
23949
23961
23963
23973
23979
23982
24037
24042
24044
24047
24065
24078
24097
24107
24109
24111
24116
24121
24127
24128
24141
24147
24152
24173
24193
24253
24264
24278
24283
24294
24301
24303
24306
24311
24320
24333
24339
24345
24350
24364
24375
24377
24390
24422
24444
24447
24461
24464
24481
24485
24491
24498
24518
24559
24586
24587
24602
24605
24623
24625
24626
24640
24641
24647
24668
24675
24745
24748
24754
24772
24777
24814
24830
24834
24841
24886
24892
24893
24894
24897
24902
24910
24915
24922
24932
24934
24939
24943
24961
24964
24982
24983
24989
24991
25016
25053
25056
25062
25088
25106
25110
25129
25153
25165
25182
25184
25198
25202
25204
25242
25246
25262
25275
25282
25316
25332
25342
25369
25380
25383
25389
25415
25424
25429
25432
25451
25459
25484
25504
25508
25517
25522
25529
25532
25534
25542
25544
25549
25578
25579
25583
25594
25605
25632
25635
25646
25653
25657
25658
25661
25670
25688
25690
25693
25698
25705
25717
25721
25725
25756
25767
25776
25822
25828
25837
25861
25866
25867
25880
25881
25883
25885
25891
25896
25902
25931
25939
25941
25952
25987
25999
26023
26031
26033
26061
26075
26079
26081
26088
26089
26095
26110
26119
26139
26141
26174
26179
26195
26200
26201
26212
26215
26226
26231
26235
26240
26269
26281
26289
26315
26318
26330
26337
26345
26353
26359
26370
26375
26378
26387
26392
26410
26448
26454
26456
26459
26463
26485
26501
26508
26513
26538
26544
26549
26578
26588
26589
26596
26604
26615
26617
26621
26622
26649
26650
26653
26665
26682
26706
26708
26715
26724
26733
26746
26749
26753
26755
26758
26762
26767
26772
26778
26794
26809
26820
26828
26848
26865
26890
26898
26910
26923
26944
26946
26972
26978
27003
27004
27006
27025
27028
27031
27033
27034
27052
27066
27070
27078
27094
27095
27110
27111
27117
27118
27173
27177
27189
27193
27203
27205
27221
27224
27251
27253
27258
27264
27267
27306
27311
27313
27315
27340
27352
27359
27409
27419
27433
27476
27499
27503
27504
27506
27513
27520
27524
27561
27569
27581
27586
27587
27594
27599
27602
27604
27605
27615
27619
27627
27656
27664
27668
27682
27684
27690
27700
27711
27712
27714
27717
27718
27732
27735
27740
27743
27762
27767
27813
27817
27823
27831
27839
27840
27853
27868
27883
27886
27897
27904
27906
27910
27913
27915
27930
27940
27948
27950
27971
27981
27984
27994
27996
28000
28004
28007
28025
28054
28056
28059
28069
28078
28108
28110
28120
28123
28144
28161
28165
28176
28179
28190
28191
28204
28206
28218
28239
28240
28244
28245
28250
28253
28263
28293
28295
28312
28319
28324
28325
28326
28335
28337
28360
28362
28364
28368
28383
28396
28401
28415
28420
28430
28435
28445
28450
28453
28476
28478
28479
28480
28487
28488
28491
28517
28537
28539
28545
28553
28554
28559
28566
28592
28593
28602
28605
28613
28623
28628
28633
28643
28645
28668
28675
28676
28692
28693
28694
28723
28728
28746
28770
28772
28790
28814
28834
28850
28866
28869
28880
28882
28886
28887
28888
28899
28906
28909
28911
28935
28943
28957
28960
28976
28982
28994
29000
29007
29026
29029
29034
29036
29039
29048
29053
29062
29063
29078
29088
29099
29100
29101
29109
29128
29133
29150
29151
29161
29195
29203
29220
29225
29233
29241
29270
29276
29314
29325
29332
29337
29348
29350
29353
29363
29380
29387
29393
29394
29395
29396
29413
29417
29442
29474
29486
29488
29496
29497
29499
29500
29509
29517
29518
29522
29525
29573
29574
29580
29592
29593
29597
29603
29609
29628
29633
29641
29647
29653
29659
29665
29668
29672
29709
29729
29747
29749
29752
29766
29771
29772
29773
29792
29794
29805
29812
29820
29825
29841
29852
29853
29864
29865
29868
29870
29881
29903
29904
29914
29915
29924
29926
29932
29935
29950
29953
29954
29961
29963
29969
29977
29994
29996
29999
30025
30035
30043
30063
30072
30079
30091
30094
30100
30106
30114
30116
30118
30127
30144
30158
30163
30164
30170
30173
30197
30211
30221
30223
30241
30244
30258
30294
30322
30323
30326
30339
30357
30358
30360
30366
30384
30389
30397
30409
30417
30429
30436
30440
30444
30446
30451
30455
30458
30459
30462
30464
30468
30474
30492
30499
30509
30533
30534
30535
30541
30552
30554
30561
30578
30602
30607
30619
30622
30631
30640
30647
30660
30664
30693
30694
30695
30698
30705
30711
30713
30723
30736
30750
30757
30764
30770
30778
30782
30842
30851
30868
30878
30890
30895
30909
30922
30938
30941
30943
30956
30965
30973
30993
30994
31011
31019
31021
31022
31030
31040
31041
31051
31071
31074
31092
31093
31103
31105
31107
31122
31125
31128
31149
31188
31191
31215
31230
31236
31239
31249
31255
31267
31284
31286
31311
31318
31322
31332
31337
31349
31350
31358
31359
31363
31364
31367
31369
31374
31378
31380
31381
31386
31401
31417
31424
31436
31448
31454
31469
31472
31484
31501
31519
31533
31535
31553
31561
31568
31577
31592
31602
31603
31615
31618
31619
31624
31627
31628
31645
31657
31662
31676
31684
31700
31714
31726
31727
31732
31736
31746
31752
31755
31777
31803
31808
31813
31826
31827
31832
31836
31839
1111
1151
2006
2132
2155
2453
2552
2580
2619
2666
2796
2828
2874
3038
3242
3292
3481
3533
3739
3756
3768
3858
3864
3945
3971
4012
4135
4147
4315
4327
4410
4477
4534
4645
4655
4722
4768
4803
4807
4810
4833
4861
4964
5007
5039
5070
5096
5233
5262
5266
5267
5343
5369
5386
5394
5474
5484
5489
5500
5519
5556
5558
5566
5583
5605
5652
5663
5690
5728
5740
5767
5783
5787
5847
5875
5901
5921
5968
5969
5991
6000
6008
6011
6031
6071
6112
6155
6164
6200
6234
6282
6318
6376
6405
6433
6500
6536
6562
6564
6587
6593
6603
6680
6734
6772
6781
6788
6809
6857
6922
6994
7017
7059
7129
7185
7205
7216
7287
7309
7317
7354
7355
7390
7399
7403
7410
7438
7442
7445
7446
7476
7477
7528
7546
7556
7563
7576
7580
7595
7607
7637
7656
7685
7695
7715
7723
7782
7879
7896
7961
7970
7979
7991
7999
8015
8042
8100
8104
8137
8138
8199
8241
8274
8283
8319
8328
8330
8339
8368
8387
8389
8424
8435
8454
8459
8472
8531
8547
8548
8590
8591
8592
8608
8622
8652
8657
8672
8686
8718
8729
8730
8731
8740
8742
8818
8823
8824
8827
8840
8841
8857
8861
8908
8912
8924
8926
8956
8972
8993
8995
9016
9039
9059
9076
9103
9105
9109
9110
9120
9176
9185
9204
9235
9254
9261
9302
9306
9320
9336
9385
9416
9470
9473
9482
9507
9529
9532
9538
9554
9555
9596
9652
9655
9671
9672
9698
9718
9735
9741
9769
9770
9771
9777
9781
9793
9796
9799
9806
9808
9846
9856
9862
9873
9880
9885
9932
9941
9988
9997
10010
10016
10023
10024
10035
10060
10071
10072
10085
10105
10110
10120
10169
10171
10189
10198
10201
10212
10223
10224
10229
10234
10252
10256
10272
10273
10283
10287
10290
10320
10350
10353
10354
10366
10367
10378
10385
10397
10428
10506
10512
10537
10557
10567
10577
10601
10616
10673
10679
10687
10702
10710
10712
10720
10721
10734
10745
10769
10784
10785
10805
10903
10912
10925
10927
10988
11000
11014
11036
11061
11071
11092
11141
11148
11156
11169
11194
11202
11203
11214
11223
11273
11287
11289
11298
11299
11354
11368
11381
11391
11410
11450
11457
11466
11483
11526
11552
11554
11555
11558
11572
11587
11595
11611
11632
11645
11661
11720
11726
11746
11762
11775
11780
11800
11816
11831
11834
11841
11863
11866
11877
11884
11888
11913
11954
11967
11968
11978
11982
11989
12003
12008
12071
12101
12107
12124
12149
12158
12183
12219
12234
12246
12253
12258
12263
12271
12291
12305
12323
12342
12343
12348
12349
12365
12406
12430
12440
12448
12460
12478
12508
12512
12518
12529
12534
12541
12565
12573
12589
12619
12633
12645
12660
12674
12683
12699
12725
12727
12728
12738
12752
12769
12792
12793
12797
12798
12801
12802
12835
12861
12865
12866
12873
12887
12892
12901
12907
12911
12927
12928
12956
12957
12991
13029
13044
13050
13059
13064
13092
13094
13122
13126
13130
13131
13133
13138
13139
13158
13179
13202
13216
13238
13251
13267
13270
13272
13293
13312
13323
13327
13332
13356
13371
13396
13400
13402
13407
13411
13422
13432
13447
13452
13456
13468
13480
13482
13485
13489
13508
13515
13522
13540
13546
13556
13562
13564
13574
13650
13656
13669
13671
13674
13679
13684
13689
13707
13721
13724
13748
13749
13761
13764
13770
13777
13862
13870
13890
13895
13904
13915
13917
13942
13947
13948
13954
13959
13963
13967
13970
13992
14003
14010
14033
14037
14052
14057
14060
14073
14088
14108
14110
14115
14120
14124
14129
14130
14144
14145
14146
14157
14159
14169
14190
14227
14241
14251
14262
14264
14267
14279
14307
14313
14331
14339
14344
14351
14354
14357
14374
14377
14390
14392
14396
14399
14405
14409
14420
14452
14455
14476
14477
14481
14493
14507
14519
14520
14534
14536
14537
14538
14539
14540
14544
14549
14561
14567
14569
14608
14612
14614
14615
14643
14663
14666
14671
14674
14678
14683
14686
14689
14690
14695
14710
14715
14749
14751
14753
14775
14782
14791
14795
14818
14819
14825
14827
14835
14843
14857
14872
14883
14888
14906
14916
14926
14932
14934
14970
14998
15004
15040
15041
15065
15074
15079
15107
15113
15133
15139
15168
15183
15196
15200
15243
15245
15253
15274
15305
15309
15333
15335
15339
15340
15341
15347
15353
15370
15385
15413
15416
15442
15446
15448
15462
15471
15478
15491
15498
15512
15538
15550
15553
15564
15591
15639
15665
15679
15704
15731
15752
15764
15779
15787
15788
15816
15825
15826
15827
15829
15831
15839
15845
15881
15892
15930
15944
15948
15954
15972
15989
15998
16000
16007
16011
16030
16047
16063
16065
16074
16078
16091
16099
16105
16112
16113
16125
16134
16145
16158
16163
16166
16170
16174
16175
16177
16182
16186
16190
16217
16223
16229
16249
16251
16270
16279
16297
16307
16330
16343
16351
16373
16386
16397
16408
16413
16417
16425
16429
16435
16452
16456
16465
16499
16509
16510
16526
16528
16531
16550
16558
16564
16586
16602
16614
16634
16641
16656
16666
16678
16684
16685
16692
16711
16713
16717
16733
16735
16746
16747
16755
16760
16763
16776
16790
16793
16800
16806
16810
16811
16818
16819
16825
16837
16865
16868
16870
16873
16879
16882
16886
16894
16895
16898
16923
16931
16937
16958
16960
16983
17002
17014
17018
17025
17034
17043
17044
17056
17063
17069
17077
17083
17094
17098
17106
17108
17112
17113
17116
17123
17148
17149
17153
17155
17171
17180
17199
17210
17220
17233
17235
17237
17245
17256
17258
17259
17278
17315
17316
17319
17325
17328
17342
17354
17355
17362
17372
17377
17385
17390
17395
17406
17446
17460
17463
17465
17476
17484
17490
17503
17511
17515
17521
17528
17537
17539
17557
17566
17569
17589
17590
17597
17609
17624
17639
17642
17644
17653
17657
17662
17667
17693
17715
17727
17729
17740
17747
17750
17757
17760
17764
17783
17792
17802
17811
17820
17833
17837
17839
17842
17843
17855
17859
17861
17862
17869
17875
17876
17902
17907
17909
17924
17936
17937
17941
17954
17963
17966
17968
17972
17980
17982
17984
18011
18026
18028
18033
18064
18080
18087
18088
18091
18112
18113
18117
18132
18142
18147
18150
18151
18181
18199
18212
18232
18233
18235
18238
18260
18271
18278
18282
18286
18287
18294
18295
18314
18322
18324
18342
18348
18384
18388
18399
18401
18409
18417
18420
18434
18443
18446
18454
18460
18463
18464
18466
18467
18472
18484
18494
18511
18514
18525
18546
18547
18562
18567
18571
18573
18593
18604
18620
18627
18634
18636
18637
18646
18656
18660
18661
18668
18681
18686
18699
18725
18736
18751
18762
18765
18780
18782
18787
18790
18792
18812
18815
18843
18854
18856
18874
18886
18893
18905
18907
18909
18912
18921
18922
18936
18948
18951
18964
18976
18977
19019
19035
19039
19048
19053
19076
19078
19080
19088
19091
19094
19099
19125
19128
19129
19132
19133
19135
19147
19164
19173
19180
19195
19212
19216
19217
19220
19234
19253
19260
19267
19273
19276
19302
19309
19331
19351
19358
19360
19367
19370
19418
19425
19433
19449
19455
19456
19459
19505
19525
19529
19537
19539
19574
19582
19584
19585
19588
19598
19606
19609
19625
19639
19641
19648
19658
19659
19665
19672
19687
19692
19698
19706
19710
19718
19719
19737
19747
19749
19772
19783
19796
19809
19812
19823
19843
19848
19866
19869
19875
19883
19904
19913
19931
19953
19954
19962
19963
19973
20011
20014
20016
20019
20059
20062
20068
20069
20078
20079
20082
20085
20093
20095
20107
20119
20123
20125
20142
20157
20161
20162
20165
20166
20175
20176
20186
20195
20204
20218
20259
20260
20263
20267
20271
20279
20300
20318
20321
20323
20325
20331
20338
20345
20353
20357
20375
20380
20384
20397
20402
20410
20414
20425
20431
20439
20448
20459
20464
20486
20503
20506
20507
20511
20520
20524
20525
20527
20528
20540
20542
20547
20553
20554
20557
20569
20579
20596
20607
20610
20612
20617
20639
20648
20652
20661
20662
20675
20676
20685
20690
20693
20698
20702
20711
20713
20716
20730
20731
20733
20735
20739
20740
20745
20765
20769
20779
20789
20794
20815
20818
20824
20853
20865
20867
20870
20880
20885
20891
20894
20906
20908
20909
20937
20942
20947
20954
20961
20966
20969
20970
20972
20979
20984
20985
20987
21000
21007
21019
21020
21021
21032
21034
21036
21039
21053
21059
21063
21073
21074
21084
21090
21095
21096
21098
21118
21124
21126
21134
21138
21144
21153
21156
21160
21177
21184
21195
21204
21215
21222
21228
21236
21241
21242
21245
21247
21258
21265
21266
21267
21272
21283
21288
21289
21294
21320
21338
21341
21357
21368
21370
21385
21398
21410
21415
21416
21420
21421
21427
21436
21443
21447
21448
21451
21475
21492
21500
21503
21507
21511
21526
21530
21536
21546
21548
21555
21558
21567
21572
21575
21578
21588
21589
21593
21612
21617
21628
21633
21639
21643
21652
21654
21658
21663
21678
21679
21684
21693
21716
21718
21731
21738
21753
21756
21765
21767
21770
21771
21778
21784
21795
21799
21800
21802
21845
21849
21854
21855
21856
21857
21859
21871
21878
21879
21880
21881
21895
21897
21900
21918
21925
21931
21939
21946
21966
21968
21970
21971
21972
21975
21980
21994
21999
22002
22004
22006
22015
22021
22030
22032
22040
22057
22059
22067
22079
22094
22096
22109
22112
22114
22123
22133
22134
22140
22142
22161
22185
22187
22189
22193
22196
22206
22210
22211
22214
22225
22227
22230
22235
22244
22255
22266
22276
22290
22296
22298
22299
22311
22314
22327
22329
22331
22337
22340
22362
22366
22391
22393
22407
22410
22416
22427
22432
22433
22437
22438
22446
22450
22454
22457
22464
22473
22481
22497
22499
22500
22513
22514
22517
22518
22519
22520
22523
22527
22531
22536
22549
22565
22574
22587
22596
22597
22602
22620
22634
22642
22647
22648
22653
22676
22679
22699
22700
22713
22716
22719
22721
22726
22727
22734
22735
22751
22752
22764
22782
22798
22800
22804
22809
22815
22824
22826
22831
22833
22840
22848
22853
22860
22861
22862
22870
22877
22878
22886
22894
22908
22919
22922
22924
22928
22933
22937
22944
22946
22949
22970
22974
22989
22991
22996
23002
23004
23005
23017
23021
23032
23037
23040
23052
23061
23072
23073
23077
23078
23083
23088
23090
23105
23121
23123
23124
23143
23147
23153
23155
23158
23161
23170
23179
23180
23181
23198
23211
23220
23230
23232
23234
23246
23260
23262
23265
23268
23270
23271
23273
23292
23314
23316
23323
23333
23337
23357
23361
23362
23371
23377
23385
23388
23390
23393
23400
23401
23405
23410
23416
23424
23431
23432
23434
23441
23442
23444
23445
23449
23450
23453
23455
23462
23463
23471
23475
23476
23477
23484
23486
23488
23501
23503
23507
23508
23510
23516
23519
23528
23535
23545
23547
23553
23560
23565
23566
23569
23570
23571
23581
23584
23598
23600
23607
23612
23613
23620
23631
23634
23635
23643
23647
23651
23656
23663
23668
23669
23685
23687
23689
23693
23701
23712
23721
23722
23727
23730
23741
23760
23767
23777
23782
23785
23787
23788
23789
23809
23824
23825
23830
23833
23841
23844
23850
23859
23861
23862
23863
23877
23879
23882
23883
23888
23889
23895
23896
23899
23900
23912
23922
23930
23933
23941
23960
23962
23969
23980
23981
23984
23991
23994
23995
23997
23998
24002
24009
24017
24027
24028
24031
24032
24034
24038
24052
24053
24058
24061
24064
24068
24071
24075
24077
24088
24089
24090
24093
24103
24106
24113
24123
24132
24146
24149
24151
24157
24162
24174
24176
24180
24181
24182
24183
24184
24187
24192
24195
24196
24198
24199
24207
24208
24216
24222
24228
24233
24236
24237
24241
24242
24246
24272
24279
24282
24285
24286
24288
24291
24292
24299
24304
24309
24316
24331
24336
24347
24351
24359
24362
24373
24374
24383
24387
24388
24396
24399
24408
24409
24410
24411
24416
24418
24421
24428
24429
24433
24434
24435
24449
24453
24455
24459
24487
24489
24495
24503
24514
24515
24530
24531
24550
24552
24554
24569
24570
24572
24573
24576
24581
24593
24598
24608
24609
24617
24621
24624
24634
24635
24636
24638
24642
24653
24654
24655
24656
24657
24677
24678
24679
24681
24683
24694
24697
24698
24699
24700
24705
24709
24724
24734
24735
24747
24750
24765
24773
24780
24791
24794
24800
24803
24810
24813
24817
24819
24821
24822
24824
24829
24831
24839
24847
24850
24851
24855
24857
24867
24874
24888
24889
24895
24899
24901
24914
24926
24929
24936
24945
24954
24963
24999
25004
25007
25009
25012
25015
25020
25021
25032
25042
25044
25045
25051
25065
25068
25069
25072
25073
25074
25078
25085
25087
25093
25101
25114
25119
25131
25135
25145
25151
25152
25157
25161
25169
25170
25172
25177
25193
25207
25210
25212
25229
25236
25238
25241
25244
25248
25249
25255
25270
25277
25279
25294
25295
25299
25303
25305
25310
25318
25319
25320
25325
25339
25348
25361
25366
25376
25381
25382
25386
25387
25397
25399
25400
25408
25412
25414
25423
25425
25426
25437
25444
25447
25453
25454
25461
25466
25481
25487
25497
25503
25509
25510
25551
25553
25554
25562
25567
25574
25582
25586
25590
25604
25615
25624
25626
25633
25641
25652
25660
25662
25672
25678
25687
25697
25704
25718
25720
25724
25726
25728
25741
25748
25752
25755
25764
25765
25766
25769
25781
25783
25787
25790
25796
25797
25805
25807
25812
25814
25816
25824
25826
25831
25833
25843
25845
25848
25849
25862
25865
25870
25872
25882
25884
25889
25895
25905
25909
25917
25918
25925
25928
25929
25932
25934
25938
25946
25953
25966
25967
25970
25972
25977
25981
25991
25993
25996
26002
26003
26004
26007
26008
26016
26041
26049
26055
26063
26068
26074
26076
26084
26090
26092
26093
26096
26103
26114
26120
26132
26138
26140
26142
26144
26146
26152
26153
26156
26158
26162
26178
26180
26196
26204
26206
26208
26214
26216
26230
26234
26242
26244
26246
26252
26257
26261
26262
26274
26290
26293
26296
26300
26302
26308
26319
26323
26324
26325
26339
26346
26347
26354
26356
26363
26367
26371
26377
26381
26382
26384
26385
26386
26390
26397
26399
26418
26420
26421
26422
26430
26431
26432
26437
26439
26442
26445
26453
26457
26466
26470
26475
26483
26488
26494
26495
26496
26497
26511
26514
26518
26533
26535
26540
26552
26558
26565
26570
26574
26586
26587
26592
26594
26598
26603
26608
26609
26623
26628
26636
26639
26662
26663
26666
26669
26694
26696
26698
26699
26702
26719
26725
26728
26735
26738
26751
26754
26760
26763
26766
26774
26777
26797
26803
26804
26806
26807
26814
26829
26836
26837
26839
26843
26851
26852
26864
26867
26869
26873
26881
26883
26884
26886
26901
26908
26919
26925
26926
26929
26939
26941
26942
26947
26956
26961
26966
26969
26970
26986
26990
26993
26999
27002
27009
27019
27046
27059
27060
27068
27073
27079
27084
27102
27103
27116
27119
27122
27142
27147
27148
27153
27155
27158
27159
27161
27164
27169
27174
27181
27182
27184
27191
27192
27194
27200
27209
27210
27219
27227
27230
27232
27239
27249
27260
27262
27268
27269
27274
27276
27277
27279
27284
27292
27301
27303
27307
27314
27320
27321
27323
27325
27328
27348
27349
27351
27354
27363
27368
27369
27371
27374
27379
27380
27385
27392
27393
27416
27426
27429
27431
27434
27441
27442
27446
27450
27454
27461
27462
27465
27469
27480
27481
27483
27487
27488
27493
27495
27505
27518
27522
27529
27530
27536
27539
27540
27546
27549
27568
27570
27575
27577
27578
27580
27583
27590
27591
27600
27603
27608
27616
27617
27620
27621
27631
27639
27640
27641
27643
27644
27645
27649
27652
27659
27661
27669
27676
27677
27679
27686
27696
27702
27705
27720
27721
27722
27737
27741
27749
27756
27758
27764
27768
27770
27772
27780
27784
27801
27804
27806
27812
27814
27824
27834
27836
27843
27851
27867
27869
27871
27882
27890
27899
27901
27912
27916
27918
27921
27929
27932
27939
27945
27957
27959
27960
27966
27969
27970
27997
28008
28017
28028
28029
28031
28035
28036
28039
28040
28044
28048
28049
28050
28052
28057
28058
28062
28064
28065
28067
28077
28079
28081
28091
28094
28095
28106
28112
28113
28122
28125
28130
28131
28132
28134
28139
28142
28143
28148
28149
28159
28162
28170
28182
28184
28185
28186
28187
28201
28214
28217
28222
28227
28228
28231
28238
28246
28257
28265
28276
28289
28290
28291
28292
28300
28305
28306
28309
28316
28322
28331
28334
28336
28338
28339
28351
28354
28359
28366
28367
28369
28375
28380
28381
28382
28427
28429
28446
28452
28454
28465
28470
28473
28481
28493
28501
28510
28514
28515
28524
28528
28535
28538
28562
28567
28573
28576
28579
28581
28588
28594
28599
28603
28609
28610
28617
28618
28621
28624
28625
28626
28641
28650
28655
28656
28674
28678
28680
28683
28684
28699
28702
28710
28714
28716
28719
28729
28732
28733
28737
28739
28748
28749
28752
28755
28760
28765
28771
28780
28782
28798
28802
28808
28810
28825
28826
28835
28836
28838
28839
28844
28848
28858
28859
28860
28873
28878
28890
28893
28913
28916
28936
28940
28951
28952
28954
28966
28967
28969
28971
28973
28979
28984
28986
28987
28990
28992
28996
29001
29006
29010
29011
29021
29025
29028
29030
29031
29040
29042
29044
29057
29059
29071
29074
29082
29085
29096
29098
29103
29107
29108
29117
29127
29130
29131
29136
29144
29149
29153
29154
29164
29177
29178
29181
29182
29188
29200
29202
29205
29210
29214
29226
29227
29231
29235
29247
29251
29255
29256
29257
29261
29265
29268
29274
29278
29279
29284
29285
29296
29309
29317
29319
29338
29340
29358
29371
29372
29373
29385
29386
29389
29404
29407
29409
29411
29412
29422
29424
29429
29431
29432
29439
29440
29444
29445
29448
29455
29459
29461
29464
29466
29469
29470
29472
29476
29480
29483
29487
29490
29492
29504
29507
29512
29516
29520
29524
29527
29535
29536
29538
29545
29547
29548
29556
29558
29559
29563
29564
29565
29567
29568
29570
29571
29577
29596
29599
29605
29608
29618
29619
29620
29622
29624
29625
29642
29643
29652
29660
29663
29669
29679
29682
29686
29687
29697
29701
29705
29706
29707
29708
29719
29723
29731
29757
29763
29775
29776
29779
29780
29783
29784
29788
29790
29797
29803
29807
29818
29822
29826
29828
29829
29833
29836
29839
29842
29850
29851
29863
29872
29873
29875
29878
29879
29889
29891
29895
29898
29902
29905
29906
29912
29918
29920
29929
29938
29940
29944
29947
29957
29959
29960
29965
29973
29974
29976
29979
29980
29982
29989
29995
30002
30003
30010
30015
30017
30020
30022
30026
30028
30031
30036
30037
30047
30053
30056
30059
30071
30078
30096
30098
30122
30128
30129
30139
30143
30149
30154
30155
30160
30165
30167
30169
30180
30183
30189
30192
30193
30196
30207
30208
30209
30213
30220
30226
30227
30231
30233
30234
30240
30245
30252
30260
30265
30269
30273
30274
30277
30278
30290
30292
30298
30306
30311
30312
30333
30334
30338
30341
30342
30343
30344
30345
30349
30356
30362
30369
30373
30374
30376
30377
30386
30405
30406
30408
30414
30419
30449
30453
30463
30469
30477
30479
30486
30489
30490
30502
30503
30504
30506
30513
30516
30517
30539
30540
30545
30546
30547
30549
30556
30557
30565
30569
30570
30585
30586
30589
30595
30598
30621
30623
30625
30639
30645
30649
30665
30667
30670
30683
30684
30689
30691
30699
30704
30706
30709
30714
30720
30734
30735
30737
30742
30744
30746
30751
30760
30761
30779
30781
30785
30788
30793
30795
30796
30804
30805
30807
30808
30810
30826
30828
30833
30839
30844
30847
30848
30852
30859
30861
30874
30880
30883
30884
30888
30892
30898
30899
30902
30906
30915
30918
30920
30928
30934
30944
30945
30946
30947
30948
30950
30951
30954
30957
30958
30959
30961
30962
30969
30971
30977
30978
30981
30986
30989
30995
31000
31001
31004
31012
31015
31020
31028
31031
31034
31042
31044
31048
31052
31063
31078
31081
31084
31091
31100
31102
31115
31118
31126
31138
31140
31142
31151
31156
31163
31164
31165
31167
31176
31177
31179
31182
31199
31204
31206
31217
31221
31235
31237
31242
31246
31247
31248
31257
31258
31260
31265
31266
31276
31291
31293
31295
31297
31300
31305
31307
31310
31312
31314
31323
31325
31326
31340
31345
31346
31353
31356
31368
31375
31376
31377
31379
31382
31385
31388
31393
31395
31400
31410
31411
31415
31419
31421
31423
31439
31441
31442
31445
31452
31453
31455
31457
31458
31471
31479
31480
31481
31482
31485
31491
31499
31506
31517
31521
31524
31525
31528
31529
31531
31539
31541
31546
31552
31554
31557
31559
31563
31566
31567
31572
31581
31590
31593
31594
31595
31597
31598
31604
31622
31633
31636
31640
31641
31651
31654
31660
31663
31664
31665
31668
31669
31670
31673
31675
31680
31681
31683
31685
31686
31687
31691
31696
31701
31704
31706
31707
31708
31722
31733
31735
31759
31760
31763
31768
31771
31772
31773
31774
31776
31779
31781
31793
31798
31799
31802
31804
31809
31811
31812
31822
31823
31834
31841
31843
31846
31847
31848
31850
281
321
337
394
606
656
679
691
750
808
819
824
902
935
966
1123
1139
1163
1210
1219
1232
1300
1325
1373
1384
1397
1415
1439
1507
1517
1535
1539
1558
1572
1632
1657
1723
1737
1738
1739
1744
1753
1758
1763
1766
1773
1779
1787
1798
1817
1868
1874
1890
1954
1996
2009
2020
2037
2121
2126
2128
2137
2138
2139
2145
2192
2197
2223
2237
2238
2251
2281
2306
2315
2354
2356
2357
2379
2387
2404
2438
2459
2470
2472
2522
2559
2576
2598
2607
2617
2621
2628
2638
2679
2682
2727
2744
2779
2791
2797
2799
2813
2815
2830
2888
2893
2932
2940
2941
2943
2955
2969
2977
2987
3002
3012
3032
3041
3067
3082
3089
3111
3117
3124
3131
3153
3158
3172
3175
3181
3183
3201
3212
3229
3230
3254
3266
3272
3277
3312
3348
3358
3371
3383
3385
3391
3396
3417
3427
3438
3448
3456
3464
3467
3492
3496
3500
3507
3508
3511
3530
3535
3555
3557
3558
3567
3594
3600
3618
3619
3650
3653
3661
3673
3679
3685
3692
3693
3699
3711
3712
3717
3720
3726
3728
3730
3742
3743
3754
3803
3804
3823
3833
3837
3856
3862
3863
3867
3880
3882
3892
3893
3895
3897
3906
3909
3943
3949
3964
3982
3998
4001
4004
4016
4026
4048
4055
4061
4071
4076
4085
4089
4093
4129
4130
4131
4133
4136
4156
4160
4186
4192
4204
4221
4256
4263
4298
4305
4329
4330
4370
4371
4372
4437
4447
4458
4472
4481
4485
4488
4493
4513
4521
4528
4533
4545
4558
4574
4582
4584
4587
4601
4614
4621
4625
4649
4651
4658
4660
4662
4666
4668
4678
4680
4681
4693
4708
4709
4712
4724
4732
4737
4744
4792
4817
4819
4822
4826
4849
4850
4857
4885
4886
4890
4897
4918
4932
4938
4951
4960
4966
4968
4969
4973
4980
4984
4985
4994
4996
5000
5001
5005
5010
5012
5029
5044
5064
5079
5084
5093
5095
5098
5103
5106
5121
5126
5129
5137
5138
5145
5165
5173
5177
5180
5186
5187
5190
5198
5206
5220
5222
5225
5232
5246
5256
5260
5261
5263
5277
5283
5286
5288
5290
5318
5351
5352
5359
5380
5385
5408
5429
5430
5433
5436
5443
5447
5448
5452
5453
5472
5475
5481
5485
5499
5504
5512
5517
5524
5534
5540
5541
5545
5547
5555
5609
5622
5635
5641
5645
5653
5655
5674
5684
5687
5691
5697
5708
5712
5714
5716
5724
5732
5733
5739
5742
5743
5744
5751
5768
5773
5785
5793
5795
5812
5818
5819
5831
5840
5842
5848
5857
5860
5867
5876
5881
5890
5892
5897
5905
5907
5914
5935
5936
5942
5943
5944
5946
5950
5952
5972
5983
5985
5988
5993
5999
6004
6012
6013
6014
6015
6030
6048
6051
6055
6065
6087
6098
6099
6100
6102
6107
6109
6115
6117
6121
6124
6134
6138
6140
6147
6163
6169
6171
6172
6174
6178
6183
6201
6208
6214
6217
6235
6244
6250
6254
6255
6289
6290
6291
6292
6294
6297
6302
6304
6305
6310
6316
6331
6343
6357
6367
6370
6377
6378
6382
6383
6395
6396
6406
6410
6412
6414
6418
6428
6436
6437
6438
6442
6444
6448
6450
6451
6463
6471
6474
6475
6492
6497
6507
6509
6514
6519
6523
6543
6548
6550
6553
6554
6555
6563
6570
6584
6585
6588
6589
6610
6634
6638
6639
6676
6682
6684
6686
6687
6688
6689
6693
6694
6707
6717
6721
6726
6730
6739
6740
6741
6759
6765
6789
6802
6813
6819
6831
6832
6836
6838
6845
6850
6852
6862
6887
6890
6907
6909
6914
6934
6935
6938
6941
6948
6956
6958
6960
6962
6963
6964
6967
6970
6974
6975
6979
6987
7001
7011
7014
7016
7018
7023
7035
7036
7037
7038
7039
7041
7046
7055
7056
7066
7070
7074
7082
7106
7108
7113
7117
7121
7126
7128
7131
7137
7139
7148
7156
7160
7163
7165
7189
7192
7196
7197
7202
7204
7206
7217
7225
7235
7237
7240
7242
7244
7245
7246
7263
7269
7279
7289
7290
7295
7305
7308
7316
7318
7319
7323
7324
7326
7330
7341
7349
7360
7361
7364
7371
7372
7375
7376
7378
7380
7383
7396
7406
7412
7413
7414
7422
7430
7432
7433
7443
7444
7456
7462
7472
7475
7488
7491
7492
7493
7498
7500
7512
7516
7522
7547
7549
7573
7578
7597
7598
7605
7609
7610
7614
7620
7621
7633
7634
7639
7644
7645
7650
7657
7671
7675
7684
7696
7711
7724
7727
7735
7736
7739
7741
7742
7744
7751
7752
7760
7765
7780
7784
7787
7790
7803
7806
7808
7813
7815
7820
7838
7839
7842
7845
7848
7849
7850
7851
7855
7856
7857
7863
7866
7881
7889
7892
7895
7898
7900
7906
7907
7910
7914
7916
7918
7924
7925
7929
7931
7934
7937
7944
7945
7953
7954
7962
7982
7987
7988
7989
7994
8009
8010
8014
8023
8031
8033
8035
8039
8056
8059
8060
8062
8063
8069
8088
8089
8090
8092
8106
8107
8108
8115
8116
8118
8120
8121
8126
8147
8148
8152
8159
8160
8162
8163
8166
8168
8176
8180
8185
8189
8191
8210
8211
8213
8215
8217
8219
8228
8232
8235
8242
8245
8253
8255
8256
8262
8263
8265
8266
8269
8277
8279
8285
8291
8294
8302
8304
8305
8307
8317
8331
8334
8341
8354
8356
8362
8365
8369
8378
8379
8381
8382
8385
8386
8391
8394
8396
8398
8404
8407
8410
8416
8417
8434
8436
8449
8455
8457
8462
8463
8464
8468
8469
8478
8479
8482
8488
8509
8511
8519
8525
8526
8528
8530
8532
8557
8559
8565
8569
8575
8577
8583
8585
8586
8596
8602
8604
8605
8606
8609
8612
8618
8620
8623
8626
8633
8642
8646
8649
8650
8655
8663
8673
8674
8679
8693
8699
8702
8703
8707
8708
8716
8727
8734
8753
8755
8760
8765
8777
8788
8791
8799
8801
8819
8822
8829
8838
8846
8848
8850
8860
8863
8866
8868
8872
8883
8892
8893
8895
8898
8902
8904
8907
8914
8930
8932
8933
8935
8944
8947
8952
8954
8973
8974
8975
8979
8986
8987
8997
9000
9002
9004
9005
9007
9011
9018
9022
9023
9027
9029
9041
9045
9049
9054
9057
9068
9072
9081
9083
9089
9091
9092
9093
9097
9099
9121
9123
9139
9145
9146
9148
9154
9157
9165
9173
9174
9178
9191
9192
9197
9198
9200
9207
9208
9217
9220
9222
9223
9242
9243
9244
9246
9253
9272
9280
9285
9289
9292
9293
9303
9308
9311
9317
9326
9353
9356
9359
9362
9369
9371
9381
9386
9389
9392
9397
9408
9409
9410
9414
9418
9419
9423
9424
9435
9443
9448
9452
9454
9455
9465
9466
9472
9475
9483
9502
9514
9519
9521
9525
9536
9537
9541
9548
9549
9556
9565
9570
9584
9587
9591
9593
9595
9602
9605
9617
9634
9635
9639
9643
9648
9653
9662
9664
9673
9675
9676
9682
9683
9685
9690
9691
9692
9697
9708
9713
9732
9733
9743
9747
9756
9757
9761
9764
9768
9774
9779
9784
9785
9786
9789
9790
9791
9792
9798
9801
9805
9816
9821
9830
9837
9839
9844
9847
9848
9852
9863
9865
9866
9867
9868
9871
9874
9882
9883
9890
9892
9896
9900
9902
9910
9918
9929
9933
9935
9940
9945
9946
9947
9949
9953
9960
9963
9972
9978
9979
9980
9981
9994
9996
10002
10014
10020
10021
10022
10026
10032
10033
10039
10040
10044
10045
10059
10062
10065
10066
10074
10077
10080
10081
10084
10089
10090
10094
10098
10132
10144
10145
10152
10155
10160
10164
10168
10173
10176
10177
10178
10180
10187
10194
10207
10210
10213
10216
10228
10230
10232
10235
10243
10246
10247
10254
10258
10263
10265
10266
10269
10288
10297
10300
10302
10306
10307
10310
10313
10319
10324
10328
10334
10346
10348
10358
10370
10371
10373
10383
10384
10395
10398
10399
10405
10409
10410
10414
10418
10422
10432
10434
10438
10441
10442
10451
10461
10467
10470
10474
10479
10482
10487
10489
10490
10493
10503
10504
10514
10516
10517
10519
10520
10521
10523
10534
10539
10541
10542
10547
10548
10550
10554
10558
10571
10575
10576
10578
10582
10595
10600
10608
10614
10628
10632
10637
10643
10650
10653
10655
10667
10674
10680
10681
10683
10686
10689
10705
10706
10708
10726
10732
10733
10742
10749
10750
10754
10755
10764
10765
10771
10780
10782
10788
10792
10793
10794
10799
10807
10818
10819
10821
10827
10832
10836
10840
10846
10847
10848
10851
10853
10854
10855
10862
10869
10879
10883
10886
10889
10892
10893
10896
10897
10900
10909
10911
10913
10916
10917
10929
10942
10943
10959
10962
10964
10965
10968
10970
10971
10973
10974
10975
10992
10993
10995
10999
11003
11005
11009
11011
11012
11013
11017
11019
11024
11028
11032
11037
11039
11040
11043
11048
11060
11062
11068
11069
11070
11081
11083
11093
11094
11095
11097
11100
11104
11105
11106
11109
11111
11116
11123
11126
11135
11136
11142
11144
11145
11146
11152
11161
11168
11171
11173
11178
11181
11188
11190
11191
11198
11200
11204
11207
11209
11221
11224
11228
11230
11231
11234
11238
11256
11258
11263
11270
11271
11278
11294
11306
11307
11311
11317
11319
11321
11325
11326
11327
11329
11333
11335
11336
11352
11357
11358
11360
11363
11364
11369
11374
11376
11377
11382
11387
11390
11393
11397
11405
11411
11418
11421
11426
11437
11439
11440
11449
11459
11464
11472
11479
11480
11481
11482
11485
11489
11492
11505
11508
11510
11512
11513
11517
11520
11521
11524
11527
11532
11536
11539
11541
11557
11562
11571
11575
11576
11578
11579
11581
11585
11588
11593
11616
11617
11618
11625
11629
11631
11633
11639
11640
11641
11643
11647
11648
11650
11653
11654
11669
11675
11684
11686
11689
11695
11698
11700
11706
11708
11710
11721
11725
11730
11732
11736
11749
11753
11757
11768
11774
11776
11782
11786
11788
11796
11799
11803
11809
11820
11823
11824
11827
11844
11845
11847
11848
11851
11852
11858
11860
11867
11868
11876
11878
11882
11883
11886
11889
11894
11899
11900
11904
11907
11909
11912
11915
11916
11926
11936
11942
11944
11957
11959
11960
11963
11976
11977
11979
11985
11986
11987
11988
12000
12001
12004
12010
12018
12019
12024
12027
12032
12034
12035
12036
12038
12040
12043
12046
12048
12050
12059
12060
12065
12069
12073
12095
12099
12100
12102
12108
12110
12112
12121
12127
12130
12153
12157
12159
12164
12173
12176
12180
12187
12192
12193
12196
12199
12203
12225
12227
12235
12236
12239
12241
12245
12247
12249
12250
12251
12254
12260
12269
12270
12272
12274
12277
12283
12284
12285
12287
12289
12296
12297
12301
12310
12311
12313
12322
12330
12332
12334
12341
12346
12347
12354
12359
12363
12366
12368
12370
12373
12379
12383
12384
12385
12389
12392
12407
12418
12419
12420
12421
12428
12431
12437
12442
12452
12456
12457
12466
12468
12470
12472
12477
12480
12484
12487
12494
12495
12498
12505
12509
12510
12514
12519
12523
12531
12536
12543
12545
12550
12551
12556
12557
12560
12567
12572
12575
12578
12581
12585
12586
12587
12588
12590
12597
12598
12600
12602
12605
12609
12610
12611
12615
12618
12622
12625
12629
12632
12634
12646
12647
12648
12651
12653
12656
12657
12661
12662
12672
12675
12678
12679
12685
12687
12688
12690
12691
12695
12696
12700
12703
12707
12711
12718
12720
12723
12733
12745
12746
12751
12758
12759
12761
12762
12764
12765
12771
12772
12777
12779
12782
12789
12806
12807
12812
12818
12820
12822
12823
12826
12827
12834
12841
12842
12843
12845
12847
12850
12855
12857
12862
12867
12874
12884
12886
12889
12893
12898
12899
12902
12905
12915
12917
12920
12921
12925
12935
12937
12938
12942
12943
12944
12950
12955
12959
12963
12965
12967
12979
12983
12984
12989
12995
12996
12997
12998
12999
13001
13003
13012
13018
13024
13025
13027
13031
13032
13034
13038
13041
13042
13043
13047
13048
13052
13055
13058
13061
13062
13066
13071
13086
13091
13096
13098
13099
13110
13119
13120
13129
13132
13137
13140
13146
13147
13149
13159
13164
13168
13171
13181
13182
13188
13194
13200
13201
13204
13206
13209
13210
13215
13220
13222
13228
13230
13233
13234
13236
13237
13239
13241
13243
13245
13250
13252
13255
13262
13271
13275
13298
13299
13301
13304
13315
13318
13321
13325
13333
13339
13340
13341
13342
13343
13347
13348
13350
13357
13363
13370
13379
13389
13399
13406
13408
13412
13417
13424
13425
13426
13427
13428
13429
13433
13438
13439
13441
13444
13448
13450
13453
13454
13455
13460
13461
13462
13465
13467
13475
13486
13499
13510
13524
13527
13528
13530
13531
13538
13542
13544
13550
13552
13555
13557
13560
13566
13567
13569
13572
13575
13577
13581
13583
13586
13590
13591
13593
13597
13599
13600
13603
13606
13607
13608
13609
13610
13614
13617
13620
13623
13629
13630
13632
13635
13636
13638
13639
13641
13645
13654
13663
13667
13676
13682
13690
13691
13693
13696
13697
13698
13714
13715
13722
13728
13731
13732
13735
13747
13756
13758
13760
13773
13776
13783
13798
13802
13805
13807
13814
13819
13820
13821
13826
13827
13830
13831
13846
13847
13849
13860
13863
13864
13866
13867
13868
13869
13879
13880
13884
13885
13887
13892
13898
13901
13903
13912
13916
13923
13931
13932
13934
13936
13939
13941
13950
13955
13958
13964
13968
13969
13973
13976
13977
13979
13987
13990
13993
14001
14002
14005
14008
14009
14014
14018
14023
14025
14030
14032
14034
14036
14038
14043
14048
14049
14059
14064
14065
14068
14072
14084
14085
14089
14090
14095
14096
14099
14104
14105
14107
14111
14113
14127
14128
14132
14137
14141
14142
14143
14149
14154
14162
14163
14165
14172
14173
14174
14178
14181
14182
14185
14186
14188
14194
14201
14204
14205
14212
14214
14216
14217
14220
14222
14232
14233
14240
14245
14248
14254
14259
14261
14265
14270
14273
14274
14275
14276
14278
14280
14281
14283
14287
14288
14292
14294
14300
14303
14304
14308
14311
14312
14315
14325
14326
14334
14340
14343
14352
14356
14358
14359
14364
14365
14366
14368
14376
14379
14382
14391
14410
14415
14416
14424
14425
14428
14431
14432
14433
14434
14449
14450
14457
14458
14459
14466
14470
14473
14474
14475
14485
14486
14487
14489
14494
14499
14501
14503
14504
14505
14513
14525
14526
14530
14532
14535
14551
14552
14555
14556
14557
14558
14559
14563
14566
14570
14571
14577
14580
14587
14592
14596
14597
14599
14600
14607
14610
14613
14617
14623
14624
14627
14632
14636
14638
14640
14651
14652
14661
14664
14665
14669
14670
14672
14682
14685
14687
14688
14700
14703
14709
14711
14713
14716
14721
14722
14724
14729
14731
14737
14739
14742
14743
14744
14750
14754
14758
14760
14761
14765
14766
14767
14768
14772
14773
14776
14780
14783
14792
14800
14802
14805
14806
14807
14808
14810
14812
14821
14823
14826
14828
14831
14834
14838
14839
14844
14848
14854
14858
14859
14861
14863
14868
14873
14874
14884
14885
14891
14895
14897
14900
14903
14907
14908
14910
14918
14920
14933
14936
14942
14943
14947
14949
14952
14957
14959
14965
14973
14975
14977
14982
14985
14986
14987
14990
14992
14993
14999
15000
15001
15002
15005
15006
15010
15011
15019
15020
15022
15023
15026
15030
15032
15033
15035
15037
15042
15047
15050
15058
15061
15069
15071
15073
15075
15076
15082
15083
15084
15090
15091
15094
15095
15096
15106
15111
15118
15125
15128
15130
15132
15136
15140
15148
15151
15154
15156
15161
15172
15176
15177
15181
15185
15192
15197
15199
15202
15206
15207
15211
15220
15224
15231
15239
15246
15250
15251
15254
15261
15263
15264
15266
15267
15268
15272
15273
15280
15282
15283
15284
15286
15290
15292
15293
15295
15298
15307
15308
15310
15312
15317
15318
15319
15323
15326
15327
15331
15342
15344
15346
15350
15351
15354
15357
15360
15361
15368
15371
15372
15374
15380
15381
15391
15393
15398
15399
15400
15410
15411
15417
15426
15431
15433
15434
15435
15438
15439
15441
15453
15457
15461
15465
15466
15468
15469
15470
15480
15481
15482
15484
15489
15500
15507
15509
15520
15522
15523
15525
15527
15536
15539
15547
15559
15566
15567
15569
15570
15577
15578
15582
15585
15586
15589
15592
15595
15606
15607
15608
15611
15616
15623
15626
15627
15630
15637
15641
15644
15645
15652
15654
15655
15656
15657
15661
15666
15667
15675
15676
15681
15684
15690
15692
15694
15696
15699
15700
15703
15705
15707
15709
15712
15714
15721
15724
15729
15733
15734
15736
15741
15745
15746
15754
15758
15761
15766
15774
15775
15776
15778
15785
15786
15790
15792
15794
15799
15800
15802
15817
15832
15834
15835
15836
15841
15842
15843
15844
15852
15855
15861
15862
15870
15879
15883
15884
15885
15886
15890
15893
15894
15896
15902
15903
15909
15912
15916
15919
15923
15932
15938
15939
15940
15941
15947
15949
15950
15951
15955
15957
15962
15964
15971
15979
15984
15992
15993
15999
16001
16003
16004
16005
16006
16008
16010
16016
16021
16025
16026
16031
16032
16034
16042
16048
16050
16059
16073
16079
16082
16087
16088
16090
16095
16103
16104
16107
16108
16109
16116
16119
16126
16136
16142
16144
16147
16152
16153
16157
16159
16161
16164
16168
16176
16178
16185
16189
16192
16197
16199
16201
16208
16212
16216
16225
16232
16234
16241
16245
16247
16252
16253
16258
16260
16266
16267
16271
16276
16280
16284
16289
16291
16292
16294
16303
16304
16308
16322
16328
16331
16339
16352
16353
16354
16357
16360
16365
16366
16372
16376
16378
16384
16389
16392
16396
16398
16405
16406
16412
16418
16431
16437
16442
16443
16445
16450
16457
16459
16461
16462
16466
16467
16468
16469
16472
16477
16478
16481
16483
16484
16485
16486
16487
16488
16494
16495
16497
16501
16513
16514
16518
16522
16525
16529
16533
16535
16539
16541
16554
16557
16566
16570
16571
16575
16576
16578
16580
16589
16591
16593
16594
16595
16598
16600
16605
16608
16611
16615
16620
16622
16631
16643
16646
16648
16649
16650
16651
16654
16655
16657
16661
16662
16665
16668
16673
16679
16681
16682
16687
16689
16690
16694
16695
16699
16701
16703
16705
16708
16712
16716
16718
16725
16729
16730
16732
16736
16744
16745
16751
16752
16761
16764
16768
16769
16771
16773
16774
16775
16777
16779
16780
16785
16786
16791
16796
16797
16801
16803
16804
16813
16814
16815
16822
16823
16826
16829
16830
16832
16835
16838
16840
16849
16850
16861
16864
16866
16874
16878
16881
16889
16890
16891
16899
16900
16901
16903
16904
16907
16909
16912
16916
16921
16925
16926
16927
16928
16932
16934
16935
16940
16941
16942
16950
16952
16955
16963
16964
16968
16969
16973
16981
16982
16986
16989
16992
16996
16998
16999
17001
17003
17004
17007
17012
17020
17026
17031
17032
17033
17035
17045
17049
17051
17052
17053
17054
17058
17060
17062
17064
17068
17071
17072
17082
17085
17089
17090
17092
17093
17102
17118
17119
17120
17121
17127
17133
17135
17136
17137
17140
17143
17152
17160
17162
17165
17177
17178
17181
17182
17183
17184
17185
17189
17190
17192
17193
17197
17202
17204
17206
17208
17214
17229
17238
17240
17241
17242
17243
17246
17249
17251
17255
17257
17261
17267
17271
17276
17277
17283
17284
17287
17289
17290
17291
17293
17294
17295
17296
17303
17304
17312
17320
17331
17332
17336
17340
17343
17345
17346
17347
17348
17349
17353
17358
17368
17370
17375
17376
17380
17383
17384
17386
17393
17394
17396
17400
17402
17405
17408
17409
17410
17412
17414
17415
17416
17419
17420
17423
17424
17430
17432
17441
17443
17444
17447
17449
17454
17455
17457
17458
17462
17471
17473
17477
17480
17481
17486
17488
17493
17498
17505
17510
17516
17517
17519
17520
17535
17536
17538
17540
17541
17543
17545
17550
17554
17555
17558
17559
17561
17562
17572
17573
17577
17582
17585
17594
17601
17603
17604
17607
17610
17613
17615
17618
17620
17627
17629
17631
17633
17636
17637
17638
17641
17643
17645
17646
17647
17649
17659
17660
17661
17672
17673
17679
17683
17684
17689
17699
17700
17702
17704
17706
17707
17718
17719
17720
17723
17725
17730
17732
17734
17737
17738
17739
17741
17745
17751
17752
17753
17755
17759
17761
17763
17765
17770
17774
17779
17782
17784
17788
17789
17794
17801
17803
17808
17809
17810
17813
17817
17819
17822
17826
17827
17828
17829
17830
17831
17846
17848
17853
17854
17860
17865
17866
17871
17873
17877
17878
17880
17881
17884
17888
17889
17891
17892
17896
17901
17910
17913
17915
17916
17918
17923
17928
17930
17935
17940
17942
17944
17945
17949
17952
17955
17956
17958
17959
17961
17969
17970
17976
17987
17989
17990
17991
17992
17994
17995
17999
18000
18001
18002
18003
18004
18009
18015
18017
18020
18024
18027
18029
18030
18034
18037
18038
18039
18043
18048
18051
18052
18062
18063
18066
18067
18069
18072
18073
18074
18076
18078
18079
18083
18092
18096
18097
18100
18103
18104
18106
18107
18109
18115
18116
18118
18121
18123
18124
18128
18135
18136
18139
18145
18149
18157
18158
18159
18160
18161
18164
18170
18171
18173
18175
18178
18180
18185
18189
18192
18193
18196
18198
18203
18204
18206
18208
18213
18214
18216
18218
18220
18221
18222
18226
18227
18228
18229
18230
18231
18236
18240
18243
18245
18247
18249
18250
18251
18253
18254
18257
18261
18264
18267
18268
18269
18270
18274
18277
18279
18283
18284
18289
18290
18291
18292
18299
18302
18304
18305
18306
18307
18308
18310
18315
18316
18318
18320
18323
18325
18326
18334
18343
18344
18345
18349
18351
18353
18354
18355
18356
18359
18361
18362
18364
18366
18368
18370
18375
18378
18379
18383
18387
18392
18396
18397
18404
18407
18415
18421
18425
18427
18428
18430
18431
18432
18433
18435
18441
18448
18449
18450
18453
18455
18459
18462
18468
18469
18470
18474
18478
18479
18483
18485
18489
18492
18495
18502
18509
18512
18513
18515
18517
18518
18522
18528
18532
18533
18534
18536
18537
18541
18542
18550
18552
18555
18560
18563
18565
18566
18580
18586
18590
18594
18595
18597
18598
18599
18601
18602
18606
18609
18610
18615
18616
18617
18619
18621
18633
18639
18643
18647
18648
18649
18651
18664
18672
18673
18676
18691
18696
18698
18705
18706
18709
18710
18713
18720
18721
18722
18726
18729
18733
18740
18743
18746
18747
18748
18750
18753
18757
18759
18766
18767
18777
18779
18781
18783
18784
18786
18793
18794
18800
18801
18803
18805
18810
18811
18814
18816
18821
18822
18824
18825
18834
18835
18836
18837
18839
18840
18844
18847
18848
18849
18850
18853
18857
18864
18866
18868
18870
18871
18873
18876
18881
18882
18884
18885
18890
18892
18895
18897
18901
18904
18908
18910
18911
18917
18927
18928
18929
18940
18943
18945
18949
18952
18953
18960
18961
18971
18974
18975
18979
18980
18983
18984
18985
18987
18990
18996
18999
19002
19007
19009
19013
19015
19020
19022
19032
19034
19037
19038
19040
19043
19045
19046
19047
19049
19055
19057
19064
19065
19067
19070
19072
19083
19085
19087
19090
19092
19093
19097
19098
19100
19102
19103
19112
19114
19116
19120
19124
19134
19136
19138
19144
19148
19149
19150
19151
19152
19156
19161
19162
19163
19167
19168
19172
19177
19187
19188
19189
19197
19200
19202
19203
19204
19210
19211
19213
19221
19222
19223
19225
19235
19236
19242
19246
19247
19248
19250
19254
19255
19256
19257
19262
19264
19269
19271
19272
19274
19277
19279
19280
19284
19286
19288
19289
19290
19298
19299
19300
19301
19304
19310
19311
19312
19318
19319
19320
19321
19328
19329
19332
19333
19337
19338
19340
19344
19347
19352
19355
19362
19366
19368
19369
19371
19372
19373
19374
19382
19385
19387
19390
19391
19393
19397
19398
19399
19403
19405
19408
19409
19413
19415
19416
19420
19424
19431
19437
19439
19440
19443
19447
19451
19453
19457
19458
19460
19462
19463
19465
19466
19472
19473
19475
19476
19477
19479
19480
19482
19483
19485
19490
19491
19492
19494
19495
19498
19499
19502
19503
19506
19508
19509
19510
19516
19518
19519
19524
19528
19531
19532
19533
19534
19536
19538
19541
19543
19544
19548
19550
19551
19552
19553
19554
19558
19559
19560
19561
19563
19565
19566
19567
19569
19570
19572
19578
19579
19580
19581
19583
19586
19587
19590
19591
19592
19594
19597
19600
19604
19610
19611
19613
19615
19617
19619
19620
19621
19624
19626
19627
19632
19633
19634
19636
19642
19643
19644
19649
19650
19652
19655
19657
19660
19661
19662
19663
19666
19667
19669
19670
19673
19675
19680
19684
19685
19690
19699
19700
19701
19703
19707
19709
19711
19714
19716
19717
19722
19723
19729
19731
19733
19735
19738
19742
19743
19744
19746
19753
19754
19760
19761
19764
19766
19767
19768
19771
19774
19776
19786
19791
19792
19793
19794
19795
19797
19799
19801
19802
19803
19805
19806
19810
19814
19815
19819
19821
19822
19826
19828
19830
19836
19838
19839
19840
19842
19847
19849
19851
19854
19855
19856
19859
19865
19868
19870
19872
19873
19874
19882
19888
19895
19896
19897
19898
19900
19903
19914
19915
19917
19918
19926
19933
19936
19940
19944
19949
19951
19952
19955
19956
19965
19967
19968
19969
19971
19972
19974
19978
19984
19992
19995
20000
20001
20003
20004
20009
20010
20013
20023
20025
20026
20028
20033
20036
20037
20038
20041
20042
20044
20045
20047
20053
20054
20055
20058
20060
20064
20067
20071
20072
20075
20077
20084
20087
20090
20094
20096
20098
20100
20101
20106
20110
20112
20115
20117
20120
20121
20122
20130
20131
20136
20143
20144
20145
20147
20148
20153
20154
20156
20159
20163
20164
20170
20172
20173
20178
20182
20183
20187
20191
20194
20199
20200
20201
20205
20207
20208
20211
20213
20214
20215
20217
20219
20220
20222
20224
20225
20228
20231
20235
20237
20238
20239
20240
20242
20243
20245
20250
20256
20258
20262
20270
20272
20273
20277
20280
20282
20286
20289
20292
20294
20301
20302
20303
20304
20305
20306
20309
20310
20311
20312
20317
20324
20328
20329
20332
20333
20337
20343
20348
20351
20361
20362
20363
20370
20372
20373
20377
20381
20383
20392
20394
20396
20398
20404
20408
20409
20412
20415
20417
20418
20419
20420
20422
20423
20424
20428
20433
20436
20440
20444
20447
20449
20450
20451
20453
20454
20455
20462
20465
20467
20469
20470
20471
20476
20478
20480
20488
20489
20492
20493
20494
20495
20497
20499
20508
20510
20512
20515
20522
20526
20532
20533
20534
20535
20536
20538
20546
20551
20552
20556
20559
20563
20564
20567
20568
20571
20575
20577
20580
20582
20583
20585
20586
20590
20591
20592
20595
20597
20599
20601
20602
20603
20605
20606
20614
20622
20625
20628
20633
20638
20640
20643
20644
20654
20656
20658
20659
20665
20666
20667
20670
20671
20672
20680
20681
20683
20684
20686
20688
20691
20695
20699
20700
20701
20704
20709
20719
20721
20722
20736
20738
20748
20750
20752
20754
20757
20759
20760
20763
20764
20767
20770
20772
20776
20778
20781
20784
20791
20792
20793
20797
20798
20807
20810
20811
20813
20814
20816
20819
20822
20823
20826
20827
20828
20829
20830
20831
20832
20833
20834
20837
20838
20841
20842
20845
20846
20851
20854
20855
20856
20858
20862
20868
20872
20876
20878
20892
20897
20898
20901
20902
20907
20913
20914
20915
20920
20922
20923
20924
20935
20940
20943
20945
20946
20951
20952
20953
20955
20958
20965
20981
20992
20994
20996
20997
20999
21001
21004
21008
21010
21011
21024
21025
21027
21028
21031
21033
21035
21037
21041
21042
21046
21049
21052
21055
21057
21058
21060
21062
21065
21066
21067
21072
21076
21077
21081
21082
21083
21085
21086
21088
21089
21093
21100
21102
21104
21113
21115
21116
21121
21125
21129
21130
21136
21137
21140
21142
21148
21150
21152
21155
21157
21161
21163
21165
21166
21168
21169
21173
21176
21179
21182
21190
21194
21196
21197
21198
21206
21207
21208
21210
21213
21218
21219
21231
21233
21235
21240
21244
21248
21250
21251
21255
21260
21263
21268
21269
21270
21273
21274
21275
21277
21285
21295
21297
21298
21299
21301
21302
21306
21315
21317
21319
21321
21323
21326
21327
21328
21329
21331
21332
21334
21336
21344
21345
21346
21349
21351
21354
21356
21362
21364
21377
21379
21380
21388
21389
21390
21393
21403
21405
21407
21417
21422
21424
21425
21429
21431
21439
21440
21444
21446
21453
21454
21455
21462
21464
21465
21466
21467
21477
21479
21482
21484
21487
21488
21489
21493
21501
21506
21510
21513
21514
21517
21524
21527
21528
21531
21533
21534
21535
21539
21540
21543
21549
21552
21553
21557
21560
21561
21563
21564
21566
21570
21571
21583
21585
21592
21594
21599
21603
21604
21606
21607
21609
21611
21613
21614
21622
21624
21627
21635
21642
21651
21653
21655
21656
21657
21659
21660
21662
21668
21669
21673
21677
21680
21683
21690
21691
21698
21703
21705
21711
21713
21715
21717
21721
21729
21730
21733
21734
21735
21736
21737
21751
21754
21755
21758
21759
21762
21764
21768
21769
21774
21777
21780
21781
21782
21788
21791
21793
21794
21798
21807
21808
21810
21811
21814
21823
21827
21832
21833
21836
21841
21843
21847
21848
21850
21852
21860
21861
21867
21874
21875
21876
21877
21882
21884
21890
21891
21899
21903
21904
21908
21909
21910
21911
21913
21914
21915
21917
21920
21922
21929
21930
21934
21935
21940
21941
21949
21950
21955
21957
21958
21961
21962
21963
21965
21967
21981
21982
21983
21987
21988
21995
21996
21998
22000
22003
22005
22007
22009
22010
22013
22014
22017
22020
22022
22023
22024
22027
22028
22031
22035
22037
22041
22042
22045
22047
22049
22052
22055
22060
22061
22063
22064
22065
22070
22072
22073
22074
22075
22078
22082
22084
22086
22087
22088
22092
22093
22097
22101
22102
22103
22108
22111
22113
22116
22117
22118
22120
22121
22122
22125
22129
22132
22138
22144
22145
22146
22152
22153
22156
22158
22163
22166
22169
22171
22172
22173
22175
22176
22177
22178
22181
22182
22186
22192
22195
22200
22203
22204
22205
22219
22221
22223
22229
22231
22232
22233
22234
22237
22243
22246
22247
22249
22251
22253
22257
22258
22261
22262
22264
22271
22274
22277
22279
22282
22283
22284
22285
22286
22288
22289
22291
22295
22302
22309
22310
22312
22315
22317
22320
22322
22324
22326
22328
22332
22333
22335
22336
22338
22345
22347
22350
22351
22354
22359
22360
22361
22365
22367
22369
22371
22372
22374
22375
22376
22380
22381
22382
22383
22384
22385
22386
22387
22390
22396
22397
22400
22403
22406
22408
22409
22412
22414
22417
22421
22424
22425
22430
22434
22440
22443
22448
22449
22452
22453
22455
22458
22459
22462
22463
22465
22466
22467
22470
22471
22472
22475
22476
22479
22480
22486
22489
22492
22498
22501
22502
22506
22507
22511
22512
22521
22524
22526
22528
22529
22533
22534
22540
22541
22544
22546
22547
22552
22553
22556
22557
22559
22564
22566
22571
22576
22577
22579
22581
22583
22586
22590
22591
22592
22594
22598
22601
22606
22610
22612
22622
22623
22625
22626
22629
22631
22637
22638
22639
22640
22641
22643
22654
22655
22661
22664
22665
22670
22671
22672
22673
22674
22675
22680
22681
22684
22685
22686
22688
22689
22691
22693
22698
22701
22704
22705
22706
22708
22714
22717
22720
22723
22728
22729
22732
22733
22736
22737
22741
22742
22743
22744
22746
22747
22756
22757
22758
22760
22762
22765
22767
22768
22772
22775
22777
22780
22786
22787
22791
22795
22801
22803
22807
22808
22811
22813
22814
22816
22817
22819
22821
22825
22829
22832
22835
22836
22844
22845
22847
22849
22850
22858
22863
22864
22866
22868
22875
22876
22883
22885
22887
22892
22897
22899
22900
22910
22911
22916
22920
22923
22925
22932
22935
22936
22940
22943
22945
22947
22952
22953
22954
22958
22960
22961
22962
22964
22980
22981
22983
22984
22986
22992
22993
22995
22999
23000
23003
23006
23007
23008
23010
23011
23012
23013
23014
23015
23016
23018
23025
23028
23030
23035
23044
23047
23048
23049
23050
23053
23055
23056
23058
23059
23063
23064
23067
23069
23070
23074
23075
23076
23081
23082
23085
23087
23092
23093
23094
23096
23097
23098
23099
23100
23101
23103
23104
23110
23111
23115
23116
23120
23125
23130
23132
23133
23135
23139
23141
23142
23146
23148
23152
23154
23156
23157
23162
23163
23164
23165
23166
23167
23168
23171
23173
23174
23176
23177
23182
23184
23185
23192
23193
23195
23200
23201
23202
23203
23205
23207
23209
23213
23215
23216
23217
23218
23219
23222
23225
23227
23228
23229
23235
23238
23239
23241
23242
23243
23248
23249
23251
23252
23255
23259
23261
23263
23264
23269
23272
23275
23276
23279
23284
23286
23287
23288
23293
23298
23299
23301
23303
23304
23305
23306
23307
23308
23309
23311
23312
23313
23317
23318
23322
23331
23332
23335
23339
23340
23342
23343
23344
23345
23347
23351
23356
23358
23359
23360
23363
23364
23366
23367
23369
23372
23373
23375
23379
23380
23382
23386
23391
23392
23394
23397
23398
23399
23402
23404
23407
23411
23413
23414
23417
23423
23436
23437
23439
23448
23454
23457
23460
23473
23479
23480
23487
23490
23491
23493
23497
23500
23502
23504
23505
23506
23511
23513
23514
23517
23520
23521
23523
23524
23526
23530
23531
23533
23536
23537
23538
23541
23543
23546
23549
23550
23552
23554
23556
23563
23577
23578
23580
23585
23591
23594
23595
23596
23601
23602
23603
23605
23608
23610
23611
23616
23617
23622
23623
23624
23625
23626
23629
23630
23633
23637
23638
23640
23642
23645
23650
23652
23654
23657
23660
23662
23674
23675
23683
23688
23691
23692
23694
23695
23702
23703
23704
23706
23707
23710
23713
23714
23715
23716
23717
23718
23719
23720
23724
23728
23729
23732
23733
23734
23738
23739
23740
23743
23749
23750
23752
23753
23754
23756
23757
23759
23761
23766
23769
23770
23771
23775
23778
23779
23780
23781
23786
23791
23792
23793
23794
23795
23802
23804
23808
23812
23813
23815
23817
23818
23819
23821
23827
23836
23838
23842
23847
23848
23852
23853
23854
23855
23856
23860
23864
23865
23866
23867
23869
23873
23874
23876
23880
23881
23886
23887
23890
23892
23893
23894
23897
23901
23908
23910
23913
23917
23924
23925
23927
23932
23936
23938
23942
23945
23947
23948
23950
23951
23953
23956
23957
23958
23964
23966
23967
23970
23971
23972
23974
23976
23978
23986
23990
23992
23993
23996
24000
24004
24007
24008
24010
24011
24013
24014
24015
24018
24019
24020
24022
24023
24024
24029
24035
24039
24040
24041
24046
24049
24050
24054
24056
24057
24059
24067
24069
24070
24073
24076
24082
24084
24085
24087
24096
24098
24105
24108
24110
24112
24114
24117
24120
24125
24126
24129
24131
24133
24136
24138
24139
24143
24144
24153
24154
24155
24158
24159
24160
24161
24164
24167
24168
24170
24171
24177
24190
24191
24194
24197
24201
24202
24203
24204
24206
24209
24212
24213
24214
24217
24219
24220
24221
24223
24225
24226
24231
24232
24234
24235
24239
24244
24251
24255
24257
24258
24259
24262
24265
24266
24267
24270
24271
24276
24277
24280
24281
24287
24293
24297
24298
24300
24302
24307
24308
24317
24318
24319
24324
24328
24334
24338
24340
24341
24342
24344
24349
24352
24356
24357
24358
24366
24368
24369
24371
24376
24378
24379
24382
24384
24385
24386
24391
24392
24393
24394
24395
24397
24398
24400
24401
24403
24404
24407
24413
24414
24417
24420
24424
24425
24427
24430
24436
24437
24440
24441
24448
24450
24451
24454
24457
24458
24460
24463
24467
24470
24472
24474
24475
24476
24477
24478
24482
24484
24488
24490
24494
24499
24501
24502
24507
24508
24509
24512
24517
24520
24525
24526
24528
24529
24532
24533
24534
24535
24539
24544
24548
24549
24551
24555
24557
24561
24562
24565
24567
24574
24579
24580
24582
24583
24584
24585
24589
24590
24592
24595
24600
24601
24607
24610
24613
24614
24615
24618
24622
24627
24628
24629
24631
24633
24644
24648
24649
24651
24652
24661
24662
24663
24664
24665
24667
24670
24673
24682
24684
24689
24691
24695
24701
24707
24708
24712
24714
24715
24716
24717
24720
24721
24723
24725
24726
24727
24728
24729
24731
24736
24737
24738
24740
24742
24744
24746
24749
24753
24755
24757
24764
24768
24769
24770
24771
24774
24775
24776
24778
24779
24781
24782
24783
24785
24787
24788
24789
24790
24792
24793
24796
24798
24799
24804
24807
24815
24818
24827
24832
24837
24838
24843
24844
24848
24853
24854
24856
24859
24861
24864
24869
24870
24873
24876
24877
24879
24880
24881
24882
24898
24900
24903
24905
24906
24908
24917
24918
24919
24921
24923
24924
24925
24931
24933
24935
24938
24940
24942
24944
24946
24947
24951
24953
24956
24957
24958
24959
24962
24965
24966
24967
24968
24969
24970
24972
24973
24975
24977
24981
24985
24986
24988
24990
24993
24994
24997
24998
25000
25001
25005
25019
25024
25026
25028
25029
25033
25034
25036
25037
25038
25039
25041
25046
25047
25048
25049
25052
25054
25055
25058
25059
25060
25061
25064
25066
25070
25075
25077
25079
25080
25084
25086
25089
25091
25094
25095
25096
25097
25100
25102
25105
25108
25109
25111
25112
25113
25115
25116
25118
25121
25122
25125
25128
25133
25134
25136
25140
25142
25143
25146
25147
25149
25154
25156
25158
25159
25160
25162
25168
25173
25174
25179
25180
25183
25187
25194
25195
25196
25197
25199
25200
25201
25203
25205
25206
25208
25209
25211
25213
25215
25216
25217
25219
25220
25222
25223
25226
25227
25228
25231
25233
25235
25237
25239
25240
25243
25247
25250
25251
25252
25253
25254
25256
25257
25260
25261
25264
25265
25268
25271
25273
25274
25276
25278
25284
25287
25289
25291
25292
25296
25298
25300
25301
25306
25312
25317
25321
25323
25324
25326
25327
25328
25329
25334
25335
25336
25337
25340
25343
25345
25346
25349
25350
25351
25353
25354
25355
25357
25358
25360
25364
25367
25371
25372
25374
25375
25377
25378
25379
25385
25390
25392
25393
25394
25395
25396
25405
25406
25407
25413
25417
25418
25419
25420
25421
25428
25430
25434
25436
25440
25445
25446
25449
25450
25452
25455
25462
25465
25467
25468
25469
25470
25473
25474
25476
25477
25479
25483
25488
25489
25490
25493
25494
25496
25498
25499
25505
25506
25507
25512
25514
25516
25518
25519
25521
25524
25526
25527
25528
25530
25531
25533
25535
25536
25540
25541
25543
25548
25556
25558
25560
25561
25564
25568
25569
25570
25571
25572
25573
25575
25576
25577
25584
25588
25593
25595
25596
25599
25602
25603
25611
25612
25614
25616
25617
25620
25621
25623
25629
25630
25631
25637
25640
25642
25644
25647
25648
25650
25654
25655
25656
25663
25665
25666
25667
25668
25673
25674
25675
25677
25679
25680
25681
25685
25686
25689
25692
25695
25696
25700
25701
25702
25707
25709
25710
25713
25719
25730
25731
25732
25733
25738
25739
25740
25742
25743
25746
25749
25750
25753
25754
25759
25760
25761
25762
25763
25768
25770
25771
25772
25773
25780
25782
25784
25786
25791
25792
25793
25794
25795
25798
25799
25800
25802
25808
25810
25811
25813
25815
25817
25818
25819
25820
25823
25827
25829
25835
25836
25838
25839
25842
25844
25846
25847
25851
25852
25853
25854
25855
25858
25859
25860
25869
25871
25873
25874
25876
25877
25878
25879
25887
25892
25901
25904
25907
25908
25911
25913
25915
25916
25919
25920
25921
25923
25930
25933
25935
25936
25937
25943
25944
25945
25947
25948
25949
25951
25954
25955
25961
25963
25965
25971
25973
25974
25975
25976
25978
25979
25980
25984
25985
25990
25992
25995
25997
25998
26001
26006
26011
26012
26013
26014
26020
26021
26022
26025
26028
26029
26030
26032
26034
26037
26038
26043
26046
26047
26050
26051
26053
26058
26059
26062
26065
26066
26067
26070
26071
26073
26077
26082
26083
26085
26087
26099
26101
26104
26109
26112
26113
26117
26118
26121
26122
26123
26124
26125
26127
26128
26133
26134
26135
26136
26137
26143
26145
26147
26148
26149
26150
26151
26154
26155
26159
26161
26164
26166
26167
26169
26170
26171
26173
26175
26176
26177
26181
26183
26190
26191
26193
26198
26199
26202
26203
26205
26209
26210
26211
26213
26218
26219
26221
26222
26223
26224
26227
26228
26229
26233
26236
26237
26238
26239
26245
26248
26249
26250
26251
26253
26254
26256
26258
26259
26260
26263
26265
26266
26268
26270
26272
26276
26278
26279
26287
26288
26291
26292
26294
26297
26303
26304
26305
26309
26311
26312
26320
26321
26322
26326
26328
26329
26338
26340
26342
26343
26348
26349
26355
26357
26358
26360
26362
26364
26368
26369
26374
26379
26383
26391
26394
26398
26402
26403
26404
26405
26406
26407
26408
26411
26413
26414
26415
26416
26417
26424
26425
26427
26429
26433
26434
26440
26441
26443
26446
26447
26449
26450
26452
26455
26458
26460
26465
26467
26469
26472
26473
26474
26477
26478
26486
26489
26490
26491
26492
26493
26500
26504
26506
26507
26509
26510
26517
26524
26525
26528
26532
26534
26536
26539
26541
26547
26550
26551
26555
26556
26561
26562
26563
26566
26569
26571
26572
26573
26576
26577
26579
26580
26581
26584
26591
26595
26599
26606
26607
26610
26612
26620
26625
26626
26627
26629
26633
26634
26637
26638
26640
26642
26643
26644
26646
26647
26648
26651
26652
26654
26655
26657
26658
26659
26661
26667
26668
26670
26671
26672
26674
26675
26677
26678
26681
26684
26687
26689
26690
26692
26693
26695
26697
26703
26714
26716
26718
26720
26722
26723
26727
26729
26732
26736
26737
26741
26745
26756
26757
26759
26761
26764
26765
26771
26773
26775
26776
26780
26781
26783
26787
26788
26789
26790
26795
26796
26799
26801
26802
26808
26810
26811
26812
26817
26818
26821
26822
26824
26825
26830
26831
26832
26834
26838
26842
26844
26845
26846
26849
26850
26853
26854
26855
26856
26857
26858
26859
26860
26862
26866
26868
26870
26871
26876
26877
26878
26879
26880
26885
26887
26888
26889
26891
26892
26895
26899
26902
26903
26909
26911
26916
26920
26931
26932
26933
26934
26935
26937
26938
26940
26948
26949
26951
26952
26954
26955
26960
26962
26967
26968
26971
26973
26974
26976
26977
26981
26983
26985
26991
26994
26996
26997
26998
27001
27005
27007
27008
27010
27014
27015
27018
27024
27026
27030
27043
27047
27050
27053
27055
27056
27057
27063
27065
27067
27072
27074
27075
27076
27077
27081
27083
27085
27086
27091
27092
27096
27099
27104
27105
27106
27107
27108
27112
27120
27121
27123
27124
27126
27128
27129
27130
27131
27133
27134
27135
27136
27138
27143
27145
27146
27149
27151
27154
27160
27163
27166
27168
27170
27172
27175
27178
27180
27183
27185
27188
27190
27198
27199
27202
27206
27208
27211
27212
27213
27214
27217
27222
27225
27226
27228
27229
27237
27238
27240
27242
27243
27244
27246
27248
27250
27252
27254
27255
27257
27261
27265
27266
27270
27271
27272
27275
27281
27282
27283
27285
27286
27287
27288
27289
27291
27295
27297
27299
27300
27302
27305
27310
27316
27318
27319
27322
27326
27327
27329
27331
27333
27334
27336
27339
27341
27342
27345
27346
27347
27355
27356
27357
27358
27360
27361
27362
27370
27376
27377
27381
27382
27383
27386
27387
27389
27390
27391
27394
27395
27396
27398
27399
27400
27401
27402
27403
27404
27408
27410
27411
27412
27415
27417
27418
27420
27424
27427
27430
27437
27443
27445
27447
27448
27449
27451
27452
27453
27456
27457
27458
27459
27460
27464
27466
27467
27468
27472
27473
27475
27478
27479
27482
27484
27485
27486
27492
27500
27507
27509
27510
27511
27512
27515
27517
27519
27525
27527
27528
27532
27533
27534
27535
27537
27543
27544
27545
27547
27548
27550
27553
27555
27558
27559
27563
27565
27572
27573
27574
27576
27579
27584
27585
27592
27593
27596
27601
27606
27611
27612
27618
27622
27624
27625
27628
27629
27633
27634
27635
27637
27638
27646
27647
27648
27650
27651
27653
27655
27658
27660
27663
27665
27666
27667
27670
27672
27673
27675
27680
27681
27685
27688
27693
27695
27697
27699
27703
27704
27706
27707
27708
27713
27715
27723
27725
27726
27727
27728
27729
27730
27738
27744
27746
27750
27751
27752
27757
27766
27769
27771
27773
27774
27776
27778
27781
27787
27788
27789
27790
27791
27792
27793
27794
27799
27800
27803
27805
27807
27808
27809
27811
27815
27816
27819
27820
27822
27825
27827
27828
27829
27830
27837
27838
27841
27844
27846
27847
27848
27850
27852
27854
27855
27856
27860
27861
27862
27863
27866
27870
27872
27874
27875
27877
27879
27880
27887
27888
27889
27891
27892
27893
27894
27900
27902
27903
27905
27907
27908
27911
27919
27920
27922
27923
27924
27925
27927
27928
27933
27934
27935
27937
27941
27943
27946
27947
27949
27952
27953
27958
27961
27962
27965
27967
27973
27974
27975
27976
27978
27979
27980
27982
27983
27986
27987
27988
27989
27993
27998
27999
28001
28002
28003
28009
28010
28012
28013
28018
28021
28022
28027
28032
28033
28034
28037
28038
28041
28043
28045
28051
28053
28060
28061
28068
28070
28072
28073
28074
28076
28080
28082
28083
28086
28087
28089
28090
28092
28093
28100
28103
28104
28105
28107
28111
28114
28119
28121
28124
28127
28133
28136
28140
28141
28146
28147
28150
28153
28155
28157
28160
28163
28164
28166
28167
28168
28169
28172
28175
28177
28178
28180
28183
28188
28192
28194
28195
28198
28199
28202
28203
28205
28207
28208
28210
28212
28213
28215
28216
28219
28220
28223
28225
28226
28229
28230
28232
28235
28236
28237
28242
28248
28249
28252
28255
28258
28259
28264
28266
28268
28269
28270
28271
28272
28273
28274
28275
28278
28280
28282
28283
28285
28286
28294
28296
28297
28299
28301
28302
28304
28307
28311
28314
28315
28318
28321
28327
28328
28330
28332
28333
28340
28341
28342
28343
28345
28346
28349
28352
28353
28355
28357
28365
28370
28376
28377
28378
28385
28386
28387
28388
28389
28390
28392
28397
28398
28399
28400
28402
28404
28405
28410
28411
28412
28417
28418
28419
28421
28422
28423
28426
28428
28431
28432
28434
28436
28439
28440
28441
28443
28444
28447
28448
28449
28455
28456
28457
28459
28460
28461
28464
28467
28468
28469
28471
28474
28475
28482
28485
28489
28490
28495
28496
28497
28498
28499
28500
28506
28507
28508
28509
28511
28512
28513
28516
28527
28531
28532
28533
28534
28536
28541
28543
28544
28548
28549
28550
28552
28555
28556
28557
28560
28565
28568
28569
28570
28574
28575
28577
28578
28580
28582
28585
28589
28595
28596
28597
28601
28604
28606
28608
28611
28615
28619
28620
28622
28627
28631
28632
28634
28637
28639
28642
28644
28646
28647
28648
28649
28652
28653
28657
28660
28661
28662
28663
28664
28666
28667
28671
28673
28681
28685
28688
28690
28691
28695
28696
28701
28703
28704
28705
28707
28709
28711
28712
28713
28715
28717
28718
28720
28721
28722
28726
28734
28736
28738
28740
28741
28742
28743
28745
28747
28751
28754
28756
28758
28759
28762
28764
28766
28776
28777
28778
28779
28781
28784
28785
28787
28788
28792
28793
28794
28795
28799
28800
28801
28803
28807
28809
28811
28812
28813
28815
28817
28818
28819
28820
28821
28822
28823
28824
28827
28828
28830
28831
28832
28833
28837
28840
28842
28843
28847
28851
28853
28854
28855
28857
28863
28864
28865
28868
28871
28872
28876
28877
28879
28881
28883
28884
28885
28889
28891
28892
28894
28898
28900
28901
28902
28904
28907
28914
28915
28917
28918
28919
28920
28922
28923
28924
28927
28928
28929
28930
28934
28937
28938
28939
28941
28942
28945
28947
28948
28955
28958
28959
28961
28962
28964
28965
28968
28970
28972
28974
28975
28977
28980
28988
28989
28993
28997
28998
28999
29003
29004
29005
29008
29013
29014
29015
29017
29018
29020
29022
29023
29027
29032
29033
29043
29045
29046
29047
29050
29051
29052
29054
29055
29056
29058
29060
29065
29066
29067
29070
29073
29076
29077
29079
29083
29084
29086
29087
29090
29091
29093
29097
29104
29105
29110
29112
29113
29115
29116
29118
29122
29123
29124
29125
29129
29132
29134
29135
29138
29139
29140
29141
29143
29145
29147
29148
29152
29156
29157
29159
29162
29163
29165
29167
29168
29169
29170
29171
29172
29179
29183
29184
29190
29191
29192
29193
29194
29196
29197
29198
29199
29208
29213
29215
29216
29217
29218
29219
29228
29229
29230
29232
29234
29236
29237
29238
29239
29240
29242
29244
29245
29246
29248
29249
29250
29252
29253
29254
29258
29259
29260
29262
29263
29266
29267
29272
29273
29275
29277
29280
29281
29282
29286
29288
29289
29291
29294
29298
29301
29302
29304
29305
29307
29308
29310
29311
29312
29313
29315
29316
29320
29322
29323
29324
29326
29329
29330
29335
29336
29339
29343
29344
29345
29347
29349
29352
29354
29355
29359
29360
29361
29362
29364
29365
29368
29369
29370
29374
29376
29377
29381
29382
29384
29388
29391
29392
29398
29399
29401
29402
29403
29405
29406
29408
29415
29419
29423
29426
29427
29428
29430
29433
29434
29435
29436
29437
29441
29443
29446
29447
29449
29450
29451
29453
29462
29463
29465
29467
29468
29471
29473
29475
29478
29479
29481
29482
29491
29493
29494
29501
29502
29506
29510
29511
29513
29519
29523
29528
29529
29532
29533
29537
29539
29540
29542
29544
29546
29549
29550
29551
29552
29554
29555
29560
29569
29572
29575
29579
29581
29583
29584
29585
29586
29587
29589
29590
29591
29600
29601
29604
29607
29611
29612
29613
29615
29616
29617
29621
29623
29626
29627
29629
29631
29634
29635
29636
29639
29640
29645
29646
29649
29650
29651
29656
29658
29661
29662
29667
29671
29673
29675
29676
29677
29678
29680
29681
29684
29685
29688
29689
29691
29692
29693
29694
29698
29700
29703
29710
29711
29712
29713
29714
29715
29716
29717
29718
29720
29724
29725
29727
29728
29732
29733
29734
29736
29738
29741
29742
29743
29744
29745
29748
29750
29751
29753
29754
29755
29756
29758
29761
29762
29764
29765
29768
29774
29777
29782
29785
29786
29787
29793
29799
29800
29801
29802
29808
29809
29811
29814
29815
29816
29817
29823
29827
29830
29831
29832
29837
29840
29843
29844
29846
29847
29849
29854
29855
29856
29857
29858
29860
29861
29862
29867
29869
29871
29874
29876
29880
29883
29884
29886
29887
29892
29893
29894
29896
29907
29908
29909
29910
29911
29916
29917
29922
29923
29927
29928
29930
29931
29933
29934
29936
29939
29941
29943
29945
29949
29951
29952
29955
29956
29958
29962
29964
29968
29970
29972
29975
29978
29981
29983
29985
29986
29987
29988
29990
29991
29992
29993
29997
30007
30009
30011
30013
30014
30024
30027
30029
30030
30032
30033
30034
30038
30039
30044
30046
30048
30050
30051
30052
30054
30055
30057
30058
30060
30064
30066
30067
30068
30069
30070
30074
30075
30076
30077
30080
30084
30085
30086
30088
30090
30092
30093
30095
30097
30099
30101
30102
30103
30104
30105
30109
30110
30111
30113
30117
30119
30121
30126
30130
30135
30137
30140
30141
30142
30145
30148
30151
30152
30153
30156
30157
30166
30168
30171
30174
30176
30178
30179
30182
30185
30186
30187
30188
30190
30191
30194
30198
30199
30200
30201
30202
30204
30205
30206
30210
30212
30214
30215
30216
30217
30219
30222
30225
30229
30230
30235
30238
30239
30242
30243
30247
30248
30250
30251
30253
30255
30257
30259
30262
30263
30264
30266
30267
30270
30271
30272
30275
30276
30280
30281
30282
30283
30285
30286
30287
30291
30293
30295
30296
30297
30301
30302
30304
30305
30308
30313
30314
30315
30316
30317
30318
30319
30321
30324
30327
30329
30330
30331
30332
30335
30340
30346
30348
30351
30352
30353
30354
30361
30363
30368
30370
30375
30381
30382
30383
30385
30390
30392
30393
30394
30395
30396
30398
30399
30400
30402
30404
30410
30413
30415
30416
30418
30421
30422
30423
30426
30428
30430
30432
30434
30435
30438
30441
30442
30443
30447
30448
30450
30454
30456
30457
30460
30465
30466
30467
30471
30472
30473
30475
30476
30480
30481
30482
30483
30484
30487
30488
30491
30493
30494
30495
30497
30500
30501
30505
30507
30508
30514
30518
30519
30521
30522
30523
30524
30526
30527
30529
30531
30532
30536
30537
30538
30543
30544
30548
30550
30551
30555
30558
30560
30566
30567
30568
30571
30572
30574
30575
30576
30579
30580
30581
30582
30588
30590
30593
30594
30596
30597
30599
30600
30601
30603
30604
30610
30613
30614
30615
30616
30617
30618
30620
30624
30626
30628
30629
30630
30633
30634
30636
30637
30638
30641
30650
30651
30653
30654
30655
30656
30659
30661
30663
30666
30668
30669
30671
30672
30673
30674
30675
30676
30677
30678
30679
30681
30687
30688
30690
30692
30696
30697
30700
30701
30702
30708
30712
30715
30716
30721
30722
30724
30725
30726
30727
30728
30729
30730
30731
30732
30739
30741
30745
30747
30748
30749
30752
30753
30754
30756
30758
30759
30762
30763
30765
30766
30768
30769
30772
30773
30774
30775
30776
30780
30783
30787
30790
30791
30797
30798
30799
30800
30801
30806
30809
30811
30813
30814
30815
30816
30818
30819
30820
30821
30827
30830
30831
30834
30840
30841
30843
30845
30846
30849
30850
30853
30854
30855
30856
30857
30858
30860
30863
30864
30867
30870
30871
30872
30873
30875
30876
30879
30881
30882
30885
30886
30887
30891
30893
30894
30897
30901
30904
30907
30908
30910
30911
30912
30914
30916
30917
30919
30921
30924
30925
30930
30932
30933
30935
30936
30937
30939
30940
30949
30952
30953
30955
30960
30963
30966
30968
30974
30975
30979
30980
30982
30983
30984
30985
30987
30990
30992
30996
30999
31002
31003
31005
31006
31007
31008
31010
31013
31014
31017
31018
31024
31025
31027
31032
31036
31043
31046
31047
31049
31050
31054
31057
31058
31059
31061
31062
31064
31065
31067
31068
31070
31075
31076
31077
31079
31082
31083
31085
31086
31087
31088
31090
31094
31096
31097
31098
31099
31101
31104
31106
31112
31113
31114
31116
31120
31121
31127
31131
31133
31134
31135
31136
31137
31141
31143
31144
31146
31148
31150
31153
31154
31155
31158
31160
31161
31168
31169
31170
31171
31172
31173
31175
31178
31180
31181
31184
31185
31189
31192
31193
31194
31195
31196
31197
31198
31200
31203
31205
31207
31210
31212
31213
31214
31216
31218
31220
31222
31223
31224
31226
31227
31229
31231
31232
31238
31240
31241
31244
31245
31250
31252
31253
31254
31256
31259
31264
31268
31269
31270
31271
31272
31274
31279
31281
31282
31283
31287
31289
31290
31294
31296
31298
31299
31301
31303
31304
31309
31315
31316
31317
31319
31321
31324
31327
31329
31330
31334
31335
31338
31341
31342
31344
31347
31348
31351
31354
31357
31361
31362
31365
31366
31370
31371
31372
31383
31384
31387
31390
31392
31394
31396
31397
31403
31406
31407
31408
31409
31412
31414
31416
31418
31420
31422
31425
31426
31427
31429
31433
31434
31438
31443
31446
31447
31450
31456
31459
31460
31461
31462
31463
31464
31467
31468
31473
31474
31475
31476
31483
31487
31488
31489
31490
31492
31493
31495
31496
31498
31500
31502
31503
31504
31505
31507
31508
31509
31510
31511
31512
31513
31514
31515
31518
31520
31522
31523
31526
31527
31532
31534
31536
31540
31545
31547
31549
31550
31551
31555
31556
31558
31560
31564
31565
31569
31570
31571
31573
31575
31576
31578
31579
31580
31583
31584
31585
31588
31589
31591
31599
31600
31605
31606
31607
31608
31609
31610
31611
31612
31613
31614
31616
31617
31625
31626
31629
31631
31634
31637
31638
31639
31643
31644
31646
31647
31649
31650
31652
31655
31659
31661
31666
31671
31672
31674
31677
31678
31682
31688
31689
31690
31693
31695
31697
31699
31702
31705
31709
31710
31712
31713
31715
31716
31717
31718
31719
31720
31721
31725
31730
31737
31738
31739
31740
31741
31742
31747
31756
31757
31762
31765
31769
31770
31775
31780
31782
31783
31784
31785
31786
31787
31788
31789
31791
31792
31795
31797
31800
31801
31805
31806
31810
31814
31816
31817
31818
31819
31821
31824
31825
31828
31830
31831
31833
31835
31837
31838
31840
31842
31844
31849
31851