617
674
469
562
663
706
287
329
432
456
470
434
518
575
616
654
675
149
265
381
421
468
538
578
634
642
684
695
231
276
291
371
443
455
461
497
541
579
613
614
661
673
696
697
709
185
240
242
247
288
292
298
373
390
410
412
422
435
437
450
452
464
489
512
543
545
574
576
577
581
582
583
590
596
628
630
656
664
666
668
669
678
692
693
699
711
722
115
125
136
171
178
212
221
234
250
257
270
275
280
285
299
307
327
336
343
361
374
379
387
400
404
416
417
427
429
438
449
457
459
465
487
498
508
509
511
525
528
529
534
539
542
553
561
563
564
569
571
585
591
592
601
605
608
611
629
635
645
659
660
679
681
682
689
703
710
714
716
718
725
12
60
63
72
77
113
152
155
158
161
169
188
197
205
208
209
211
213
225
248
251
262
263
268
281
283
286
289
290
295
296
297
303
306
309
314
315
317
319
321
328
331
335
338
339
347
350
352
353
355
357
360
368
370
372
375
386
392
394
401
402
405
406
407
408
413
418
423
425
426
428
430
431
433
439
440
441
445
448
453
454
458
462
467
471
472
475
476
477
479
480
485
486
488
490
491
492
493
494
495
496
499
500
501
504
505
506
510
514
516
517
519
522
523
526
527
531
532
533
535
537
540
549
554
555
557
558
559
560
566
567
568
573
580
586
587
588
589
593
594
597
598
599
600
602
603
604
607
609
615
618
619
620
621
623
624
625
626
627
631
632
633
637
638
639
640
643
646
647
648
653
655
658
665
667
670
672
676
677
680
683
685
686
687
688
690
694
698
700
701
702
704
705
707
708
712
713
715
717
719
720
721
723
724
726