68
472
497
527
329
425
490
545
379
419
553
346
399
462
477
483
531
266
366
372
412
442
500
515
526
530
551
246
260
355
461
464
475
508
512
518
533
544
556
559
125
155
294
319
338
347
354
371
385
398
416
431
444
446
459
487
499
509
519
528
542
554
558
83
120
130
133
148
159
170
196
200
208
230
256
269
274
277
280
292
298
300
309
316
320
323
333
335
344
350
351
367
368
370
373
376
405
406
434
436
448
458
460
465
478
482
488
489
496
503
505
506
516
520
534
535
536
537
539
540
541
547
548
557
69
70
72
85
86
99
101
102
111
136
139
144
145
156
157
160
180
181
187
189
193
199
202
216
217
227
231
237
238
239
240
243
244
247
249
250
258
270
271
276
278
285
290
296
297
299
308
312
314
315
317
318
322
324
325
327
330
334
337
339
341
342
343
345
352
357
359
360
363
374
377
380
381
382
383
384
387
388
390
391
392
397
401
403
408
410
413
414
415
418
420
422
426
429
432
433
437
440
441
443
447
449
450
451
452
453
454
455
456
466
468
470
473
474
479
480
484
485
486
491
492
493
495
501
502
504
507
510
513
514
521
522
523
524
525
529
532
538
543
546
549
550
552
555