



@@@@@@@@@@@@@@@@@@@^              ,]]oo[[[[[[[O_oooooooooo AAAAE-A-A-I-A-U- JO-oooooooooooo]]`                                   .....
@@@@@@@@@@@@@@@@@@@@^       ,//[.,]]]]]*.***....    ,[\`                              ....
  \@@@@@@@@@@@@@@@@@@^  ]@@@@@ooooooooO@@@@@\],.... . .  ,\`                           ...
]]]]`\@@@@@@@@@@@@@@@@@@@@@ooooo/[[[[[[\[@@@@@@@@].... ..    \`                         ..
@@@@@@@@@@@@@@@@@@@@@@@@@[....................,[O_oooooooooo AAAAE-A-A-I-A-U- JO-oooooooooooo@@@\ .   .    ,\......                  .


@@@@@@@@@@@@@@@@@@@@@`.o`..,*...........**. ...... ,\@@`    .     .   .......            .
@@@@@@@@@@@@@@@@@/`,`.o`................... . ... ..  .\@`    .     \..      .....       
@@@@@@@@@@@@@@@/`*`/.*^..................*. . .. ..  .   ,\     .    ,\,/``*.            
@@@@@@/`.=O_oooooooooo AAAAE-A-A-I-A-U- JO-oooooooooooo@@`/^`=,..=^..........*......... ...  ..    .   \` ... ...  ,`\oooo\/.].      
@@@@`.. /\@^/oo=.O_oooooooooo AAAAE-A-A-I-A-U- JO-oooooooooooo...=*...........,`...*.. ......  ..   .   .\.\` ...... \.*[ooooooo\]`  
@` ....@=@/o\o^^.O_oooooooooo AAAAE-A-A-I-A-U- JO-oooooooooooo...]^*`......*....*,.** .......  .  .. .    \ ... ..... \....**[\oooo\=\
oooooo@/oo//o/O_oooooooooo AAAAE-A-A-I-A-U- JO-oooooooooooo..^.*.[=^..^......*...,*` .....  .. . .. ....   \,`.. ..... =.....****,\^oo
oooo\^*/,**[o`O_oooooooooo AAAAE-A-A-I-A-U- JO-oooooooooooo..^ ...`,`.=.*......*`..,`\....    ...  ...... . \..O_oooooooooo AAAAE-A-A-I-A-U- JO-oooooooooooo`   ... ......*****,*,


O_oooooooooo AAAAE-A-A-I-A-U- JO-oooooooooooo/,`/*=``**^*`=..^ .....*`.,.........,` .,`\. .   .....  ..... . \....\ ,,.. =]`...*******
,*^o**/,*`./,o=..=........`=^`,`....   .\` ,\\`. . ..... .. ..... \.....].. ..\  `..,****,
``=^*=*`,**=*..^.,`.........=/\ \` .     ....,[/\....... ....,`...,/\]*`.,`` =.^ =.......*
**o**^*`o**=`..\..^..........\*,. \   ..  . . ...`,\... `... .\\.. ,\*\...  ,,`.^*..  ....
*=^**^=*^**.,..,^.=^........ .,..\. .................. /`.... =.=`. ..,,[O_oooooooooo AAAAE-A-A-I-A-U- JO-oooooooooooo]*,`[]...^     
*/**=`=*^***.\../..``   ..    .`...*` ...... ....... ,`.    . =...^ .*...,`O_oooooooooo AAAAE-A-A-I-A-U- JO-oooooooooooo.  ..,^      
*o**=*==^**.=/^..,.=`\.. ..... .`  ..,\` .... ...../`.      . =`...`.....^...,\*..\      
*o,^=*==^*`,,oo^.*,.\.,`...,.....\    ...[.]....*]]].       .............^.. =*,\  ,`    
`o=^=*\=^.O_oooooooooo AAAAE-A-A-I-A-U- JO-oooooooooooo*.=\,^.*,`\..,`....,\`.,`      ..,`.  ,]..       .........   ,\... =`*,\  =`...
*o=^=*,=/^O_oooooooooo AAAAE-A-A-I-A-U- JO-oooooooooooo*.=O_oooooooooo AAAAE-A-A-I-A-U- JO-oooooooooooo.*...*\\*..,\`.....   . ..`/`.]/@@O_oooooooooo AAAAE-A-A-I-A-U- JO-oooooooooooo@@oo@@@@\[[.. .....,`,` ,.. ,.\...[]..,`
]O_oooooooooo AAAAE-A-A-I-A-U- JO-oooooooooooo/\//ooO*O_oooooooooo AAAAE-A-A-I-A-U- JO-oooooooooooo...O_oooooooooo AAAAE-A-A-I-A-U- JO-oooooooooooo***,`.*,o..`..,\`  ....,]=`.,oo@/@\ooO. =],\.=.. .. . .   ` ... \. `.***.,
.=oooo\oo,=^..=^*. .,,..[`..\]^,`,[**.... /O_oooooooooo AAAAE-A-A-I-A-U- JO-oooooooooooo/`.=\oo\oo[oo`, ^. .. ....,... ,....=`. [`....
..@/ooO\O_oooooooooo AAAAE-A-A-I-A-U- JO-oooooooooooo^=O_oooooooooo AAAAE-A-A-I-A-U- JO-oooooooooooo...\*. .. .,..=]\.....[`...  ..`.. =/^*\oo^.=^ =....    .*. ,  O_oooooooooo AAAAE-A-A-I-A-U- JO-oooooooooooo... ..*..  ...
..=@=oo^\O_oooooooooo AAAAE-A-A-I-A-U- JO-oooooooooooo,O_oooooooooo AAAAE-A-A-I-A-U- JO-oooooooooooo^..=`/.                             \`      =..O_oooooooooo AAAAE-A-A-I-A-U- JO-oooooooooooo.....  ..  .* =.,\`.  ...,.  
...\/ooO=\^=O_oooooooooo AAAAE-A-A-I-A-U- JO-oooooooooooo`..O_oooooooooo AAAAE-A-A-I-A-U- JO-oooooooooooo`                                \....,.,......  .  ... ,^*.....`[\/,[` 
..,=@/\O_oooooooooo AAAAE-A-A-I-A-U- JO-oooooooooooo\^O_oooooooooo AAAAE-A-A-I-A-U- JO-oooooooooooo=/\`.,^.                                       ...... . .    ,[`\`....... .....
.=o=o/o/o^^oo,o`.=`                                       ,...... .^  .**..,\.\`.... .....
\[/*O_oooooooooo AAAAE-A-A-I-A-U- JO-oooooooooooo=O_oooooooooo AAAAE-A-A-I-A-U- JO-oooooooooooo].\/^O_oooooooooo AAAAE-A-A-I-A-U- JO-oooooooooooo^`\/..       ,[...                           ^ ....  =*oo*****..**,..`.  . ..
,`,`,O_oooooooooo AAAAE-A-A-I-A-U- JO-oooooooooooo\\O_oooooooooo AAAAE-A-A-I-A-U- JO-oooooooooooo\`..`,[[..\.    ../@@@\.                        .^ ...  ./**\\***,`......`*...../
**\**=O_oooooooooo AAAAE-A-A-I-A-U- JO-oooooooooooo^*,\O_oooooooooo AAAAE-A-A-I-A-U- JO-oooooooooooo\]]][,\.\,` ./@@/       .                    .^ ...  /^`**,O_oooooooooo AAAAE-A-A-I-A-U- JO-oooooooooooo...*.........  .`
**,***=O_oooooooooo AAAAE-A-A-I-A-U- JO-oooooooooooo***,\\^O_oooooooooo AAAAE-A-A-I-A-U- JO-oooooooooooo^,`\.\,\,@/                              .o ... /O_oooooooooo AAAAE-A-A-I-A-U- JO-oooooooooooo^*`***\`..**....... /  
*******,\.**..\O_oooooooooo AAAAE-A-A-I-A-U- JO-oooooooooooo^,]`\.[,O_oooooooooo AAAAE-A-A-I-A-U- JO-oooooooooooo^                   ,...  \     .=`  . \O_oooooooooo AAAAE-A-A-I-A-U- JO-oooooooooooo^*****/*\`..*,....,`  ,/
*.*******.../\/^`\^O_oooooooooo AAAAE-A-A-I-A-U- JO-oooooooooooo\^\.\\\               ,`.........     .\.    ,O_oooooooooo AAAAE-A-A-I-A-U- JO-oooooooooooo`o,***,,`\`..*\/` ,/`..
*****...,/[/oo//o\/,/`,^O_oooooooooo AAAAE-A-A-I-A-U- JO-oooooooooooo].\`             \.........       ,O_oooooooooo AAAAE-A-A-I-A-U- JO-oooooooooooo`. .   [...***`**,\/.]/^**...
...]/O_oooooooooo AAAAE-A-A-I-A-U- JO-oooooooooooo\/oooooo\//.,^^,*^oo=oo`              ,.....        =`,*\` ....  .....`,*/`[oo\`]*/`
O_oooooooooo AAAAE-A-A-I-A-U- JO-oooooooooooo\]o\]o\\/oo[\...=\\**=^oo.oo/\`                         O_oooooooooo AAAAE-A-A-I-A-U- JO-oooooooooooo,``*/  ......,]//`,`\]`****[/...
O_oooooooooo AAAAE-A-A-I-A-U- JO-oooooooooooo`..,O_oooooooooo AAAAE-A-A-I-A-U- JO-oooooooooooo[o.....     ,[\]=`O_oooooooooo AAAAE-A-A-I-A-U- JO-oooooooooooo\[[``..,[\`                   /`[/*][.        .,\/\\`*****,/.....
  [\/oo`..,]`...   ..,^`,,**]/O_oooooooooo AAAAE-A-A-I-A-U- JO-oooooooooooo/[\]..,ooO\]]`..      /`\]/`           . . ,\o/\]]][.,,*` 
     \^/`**.         o*,//`=.ooO`**=`**,oooo\O_oooooooooo AAAAE-A-A-I-A-U- JO-oooooooooooo,,*,\,=O_oooooooooo AAAAE-A-A-I-A-U- JO-oooooooooooo/\..         ....       ,O_oooooooooo AAAAE-A-A-I-A-U- JO-oooooooooooo`       .`
       \.**.        =/\^***^.=oo^*]]O_oooooooooo AAAAE-A-A-I-A-U- JO-oooooooooooo,//[/[*.*.=`/[[O_oooooooooo AAAAE-A-A-I-A-U- JO-oooooooooooo,o=\*      ...         .,        ....
        \`*.       =o`O_oooooooooo AAAAE-A-A-I-A-U- JO-oooooooooooo***=`..=oo[^....\.....*/\/**o\\oo=O_oooooooooo AAAAE-A-A-I-A-U- JO-oooooooooooo               `  `    .........
@@@@@@@@@@@@@@@@@@@^              ,]]oo[[[[[[[O_oooooooooo AAAAE-A-A-I-A-U- JO-oooooooooooo]]`                                   .....
@@@@@@@@@@@@@@@@@@@@^       ,//[.,]]]]]*.***....    ,[\`                              ....
  \@@@@@@@@@@@@@@@@@@^  ]@@@@@ooooooooO@@@@@\],.... . .  ,\`                           ...
]]]]`\@@@@@@@@@@@@@@@@@@@@@ooooo/[[[[[[\[@@@@@@@@].... ..    \`                         ..
@@@@@@@@@@@@@@@@@@@@@@@@@[....................,[O_oooooooooo AAAAE-A-A-I-A-U- JO-oooooooooooo@@@\ .   .    ,\......                  .
@@@@@@@@@@@@@@@@@@@@@`.o`..,*...........**. ...... ,\@@`    .     .   .......            .
@@@@@@@@@@@@@@@@@/`,`.o`................... . ... ..  .\@`    .     \..      .....       
@@@@@@@@@@@@@@@/`*`/.*^..................*. . .. ..  .   ,\     .    ,\,/``*.            
@@@@@@/`.=O_oooooooooo AAAAE-A-A-I-A-U- JO-oooooooooooo@@`/^`=,..=^..........*......... ...  ..    .   \` ... ...  ,`\oooo\/.].      
@@@@`.. /\@^/oo=.O_oooooooooo AAAAE-A-A-I-A-U- JO-oooooooooooo...=*...........,`...*.. ......  ..   .   .\.\` ...... \.*[ooooooo\]`  
@` ....@=@/o\o^^.O_oooooooooo AAAAE-A-A-I-A-U- JO-oooooooooooo...]^*`......*....*,.** .......  .  .. .    \ ... ..... \....**[\oooo\=\
oooooo@/oo//o/O_oooooooooo AAAAE-A-A-I-A-U- JO-oooooooooooo..^.*.[=^..^......*...,*` .....  .. . .. ....   \,`.. ..... =.....****,\^oo
oooo\^*/,**[o`O_oooooooooo AAAAE-A-A-I-A-U- JO-oooooooooooo..^ ...`,`.=.*......*`..,`\....    ...  ...... . \..O_oooooooooo AAAAE-A-A-I-A-U- JO-oooooooooooo`   ... ......*****,*,
O_oooooooooo AAAAE-A-A-I-A-U- JO-oooooooooooo/,`/*=``**^*`=..^ .....*`.,.........,` .,`\. .   .....  ..... . \....\ ,,.. =]`...*******
,*^o**/,*`./,o=..=........`=^`,`....   .\` ,\\`. . ..... .. ..... \.....].. ..\  `..,****,
``=^*=*`,**=*..^.,`.........=/\ \` .     ....,[/\....... ....,`...,/\]*`.,`` =.^ =.......*
**o**^*`o**=`..\..^..........\*,. \   ..  . . ...`,\... `... .\\.. ,\*\...  ,,`.^*..  ....
*=^**^=*^**.,..,^.=^........ .,..\. .................. /`.... =.=`. ..,,[O_oooooooooo AAAAE-A-A-I-A-U- JO-oooooooooooo]*,`[]...^     
*/**=`=*^***.\../..``   ..    .`...*` ...... ....... ,`.    . =...^ .*...,`O_oooooooooo AAAAE-A-A-I-A-U- JO-oooooooooooo.  ..,^      
*o**=*==^**.=/^..,.=`\.. ..... .`  ..,\` .... ...../`.      . =`...`.....^...,\*..\      
*o,^=*==^*`,,oo^.*,.\.,`...,.....\    ...[.]....*]]].       .............^.. =*,\  ,`    
`o=^=*\=^.O_oooooooooo AAAAE-A-A-I-A-U- JO-oooooooooooo*.=\,^.*,`\..,`....,\`.,`      ..,`.  ,]..       .........   ,\... =`*,\  =`...
*o=^=*,=/^O_oooooooooo AAAAE-A-A-I-A-U- JO-oooooooooooo*.=O_oooooooooo AAAAE-A-A-I-A-U- JO-oooooooooooo.*...*\\*..,\`.....   . ..`/`.]/@@O_oooooooooo AAAAE-A-A-I-A-U- JO-oooooooooooo@@oo@@@@\[[.. .....,`,` ,.. ,.\...[]..,`
]O_oooooooooo AAAAE-A-A-I-A-U- JO-oooooooooooo/\//ooO*O_oooooooooo AAAAE-A-A-I-A-U- JO-oooooooooooo...O_oooooooooo AAAAE-A-A-I-A-U- JO-oooooooooooo***,`.*,o..`..,\`  ....,]=`.,oo@/@\ooO. =],\.=.. .. . .   ` ... \. `.***.,
.=oooo\oo,=^..=^*. .,,..[`..\]^,`,[**.... /O_oooooooooo AAAAE-A-A-I-A-U- JO-oooooooooooo/`.=\oo\oo[oo`, ^. .. ....,... ,....=`. [`....
..@/ooO\O_oooooooooo AAAAE-A-A-I-A-U- JO-oooooooooooo^=O_oooooooooo AAAAE-A-A-I-A-U- JO-oooooooooooo...\*. .. .,..=]\.....[`...  ..`.. =/^*\oo^.=^ =....    .*. ,  O_oooooooooo AAAAE-A-A-I-A-U- JO-oooooooooooo... ..*..  ...
..=@=oo^\O_oooooooooo AAAAE-A-A-I-A-U- JO-oooooooooooo,O_oooooooooo AAAAE-A-A-I-A-U- JO-oooooooooooo^..=`/.                             \`      =..O_oooooooooo AAAAE-A-A-I-A-U- JO-oooooooooooo.....  ..  .* =.,\`.  ...,.  
...\/ooO=\^=O_oooooooooo AAAAE-A-A-I-A-U- JO-oooooooooooo`..O_oooooooooo AAAAE-A-A-I-A-U- JO-oooooooooooo`                                \....,.,......  .  ... ,^*.....`[\/,[` 
..,=@/\O_oooooooooo AAAAE-A-A-I-A-U- JO-oooooooooooo\^O_oooooooooo AAAAE-A-A-I-A-U- JO-oooooooooooo=/\`.,^.                                       ...... . .    ,[`\`....... .....
.=o=o/o/o^^oo,o`.=`                                       ,...... .^  .**..,\.\`.... .....
\[/*O_oooooooooo AAAAE-A-A-I-A-U- JO-oooooooooooo=O_oooooooooo AAAAE-A-A-I-A-U- JO-oooooooooooo].\/^O_oooooooooo AAAAE-A-A-I-A-U- JO-oooooooooooo^`\/..       ,[...                           ^ ....  =*oo*****..**,..`.  . ..
,`,`,O_oooooooooo AAAAE-A-A-I-A-U- JO-oooooooooooo\\O_oooooooooo AAAAE-A-A-I-A-U- JO-oooooooooooo\`..`,[[..\.    ../@@@\.                        .^ ...  ./**\\***,`......`*...../
**\**=O_oooooooooo AAAAE-A-A-I-A-U- JO-oooooooooooo^*,\O_oooooooooo AAAAE-A-A-I-A-U- JO-oooooooooooo\]]][,\.\,` ./@@/       .                    .^ ...  /^`**,O_oooooooooo AAAAE-A-A-I-A-U- JO-oooooooooooo...*.........  .`
**,***=O_oooooooooo AAAAE-A-A-I-A-U- JO-oooooooooooo***,\\^O_oooooooooo AAAAE-A-A-I-A-U- JO-oooooooooooo^,`\.\,\,@/                              .o ... /O_oooooooooo AAAAE-A-A-I-A-U- JO-oooooooooooo^*`***\`..**....... /  
*******,\.**..\O_oooooooooo AAAAE-A-A-I-A-U- JO-oooooooooooo^,]`\.[,O_oooooooooo AAAAE-A-A-I-A-U- JO-oooooooooooo^                   ,...  \     .=`  . \O_oooooooooo AAAAE-A-A-I-A-U- JO-oooooooooooo^*****/*\`..*,....,`  ,/
*.*******.../\/^`\^O_oooooooooo AAAAE-A-A-I-A-U- JO-oooooooooooo\^\.\\\               ,`.........     .\.    ,O_oooooooooo AAAAE-A-A-I-A-U- JO-oooooooooooo`o,***,,`\`..*\/` ,/`..
*****...,/[/oo//o\/,/`,^O_oooooooooo AAAAE-A-A-I-A-U- JO-oooooooooooo].\`             \.........       ,O_oooooooooo AAAAE-A-A-I-A-U- JO-oooooooooooo`. .   [...***`**,\/.]/^**...
...]/O_oooooooooo AAAAE-A-A-I-A-U- JO-oooooooooooo\/oooooo\//.,^^,*^oo=oo`              ,.....        =`,*\` ....  .....`,*/`[oo\`]*/`
O_oooooooooo AAAAE-A-A-I-A-U- JO-oooooooooooo\]o\]o\\/oo[\...=\\**=^oo.oo/\`                         O_oooooooooo AAAAE-A-A-I-A-U- JO-oooooooooooo,``*/  ......,]//`,`\]`****[/...
O_oooooooooo AAAAE-A-A-I-A-U- JO-oooooooooooo`..,O_oooooooooo AAAAE-A-A-I-A-U- JO-oooooooooooo[o.....     ,[\]=`O_oooooooooo AAAAE-A-A-I-A-U- JO-oooooooooooo\[[``..,[\`                   /`[/*][.        .,\/\\`*****,/.....
  [\/oo`..,]`...   ..,^`,,**]/O_oooooooooo AAAAE-A-A-I-A-U- JO-oooooooooooo/[\]..,ooO\]]`..      /`\]/`           . . ,\o/\]]][.,,*` 
     \^/`**.         o*,//`=.ooO`**=`**,oooo\O_oooooooooo AAAAE-A-A-I-A-U- JO-oooooooooooo,,*,\,=O_oooooooooo AAAAE-A-A-I-A-U- JO-oooooooooooo/\..         ....       ,O_oooooooooo AAAAE-A-A-I-A-U- JO-oooooooooooo`       .`
       \.**.        =/\^***^.=oo^*]]O_oooooooooo AAAAE-A-A-I-A-U- JO-oooooooooooo,//[/[*.*.=`/[[O_oooooooooo AAAAE-A-A-I-A-U- JO-oooooooooooo,o=\*      ...         .,        ....
        \`*.       =o`O_oooooooooo AAAAE-A-A-I-A-U- JO-oooooooooooo***=`..=oo[^....\.....*/\/**o\\oo=O_oooooooooo AAAAE-A-A-I-A-U- JO-oooooooooooo               `  `    .........

