68
529
519
566
661
501
567
694
380
706
782
445
511
562
658
700
743
763
210
401
417
488
507
642
714
760
784
189
294
349
359
435
494
508
510
548
551
556
600
618
626
631
668
693
704
708
725
733
736
740
752
764
181
229
410
450
451
453
492
499
509
524
527
532
537
540
542
544
546
563
573
577
587
593
598
616
641
650
664
669
680
698
703
713
715
726
727
734
737
747
751
770
779
786
70
84
132
144
149
167
186
218
257
272
279
290
318
342
360
370
376
381
402
411
416
419
422
429
441
447
454
457
476
477
525
531
541
543
559
561
565
588
592
596
609
625
627
629
630
637
638
639
644
645
651
660
662
665
671
672
675
678
679
683
705
707
717
718
720
731
745
753
755
756
758
767
777
780
783
787
36
73
75
82
96
102
116
117
136
137
146
156
163
193
198
202
207
211
220
223
226
230
232
239
245
246
251
253
254
255
260
263
268
274
278
296
297
301
306
307
309
310
322
330
331
332
336
339
340
343
345
346
355
358
363
365
367
369
372
373
375
378
382
385
388
391
393
394
396
398
400
407
418
423
426
427
431
432
433
436
437
439
444
446
448
455
460
464
467
468
469
475
478
479
481
482
490
496
498
502
504
505
513
514
515
516
517
520
523
526
530
534
535
538
545
547
549
550
552
554
557
558
564
568
570
571
574
575
576
578
579
580
581
582
583
584
585
589
590
591
594
595
601
602
603
604
605
608
610
614
615
617
619
620
623
628
632
634
636
640
643
646
648
652
653
654
655
656
659
663
666
667
670
673
674
676
677
681
685
686
687
689
690
691
692
695
696
697
701
702
709
711
712
716
719
721
722
723
724
728
729
730
732
735
738
739
741
742
744
748
749
750
754
759
761
762
765
766
768
771
772
773
774
775
776
778
781
785
788