765
680
403
685
472
682
336
671
755
394
444
500
593
615
739
748
799
805
266
272
323
529
569
579
644
647
667
692
700
740
783
803
257
283
327
339
373
383
551
564
587
613
649
663
697
703
725
730
762
776
785
789
798
809
811
248
324
367
411
428
435
437
445
480
482
489
520
531
535
538
548
552
574
576
601
606
610
620
622
636
654
672
673
683
695
701
716
723
732
741
744
746
750
768
774
777
782
786
787
792
807
184
209
212
275
281
285
308
310
314
315
328
333
334
342
345
375
390
432
436
458
460
462
464
468
469
487
491
505
512
549
560
561
563
568
584
592
598
600
603
605
608
627
638
641
642
643
666
669
674
679
687
689
693
704
711
727
731
734
736
745
753
769
778
781
788
791
796
801
804
37
42
44
72
88
92
96
111
112
146
148
155
166
168
171
176
177
190
195
201
206
207
211
215
225
229
233
242
244
247
258
262
267
273
288
289
290
293
296
298
307
316
320
326
330
341
344
346
347
350
351
355
360
364
365
369
371
372
374
378
379
380
381
387
388
392
396
402
404
405
406
412
413
416
417
418
421
422
426
431
433
434
439
440
441
442
443
448
449
450
451
453
457
463
467
471
475
477
478
481
494
495
497
499
501
502
504
506
508
510
511
513
515
519
522
524
526
527
528
530
533
534
536
540
541
542
543
547
550
553
554
555
556
557
562
566
571
572
575
577
580
581
583
585
588
590
595
596
599
607
609
611
612
616
617
628
630
631
632
633
640
645
646
648
650
651
652
653
655
656
657
658
659
660
668
670
675
676
678
684
688
691
694
696
699
702
706
710
712
713
715
718
719
720
721
724
726
728
729
733
735
737
738
742
743
747
749
752
754
757
758
759
760
761
763
766
767
770
771
772
773
775
779
784
790
793
794
795
797
800
802
806
808
810