56
672
527
545
669
675
701
702
313
567
609
705
710
436
437
589
612
620
633
690
728
365
467
483
571
585
586
657
673
704
730
744
755
262
323
363
417
473
479
481
501
559
560
566
588
646
662
679
722
725
80
134
206
241
260
335
371
374
377
406
420
421
427
495
504
506
550
556
558
568
575
579
597
600
631
649
654
663
678
683
708
711
715
720
726
727
753
198
265
273
287
294
321
325
340
347
354
356
357
369
375
378
383
385
389
395
397
399
407
415
423
429
439
449
458
462
468
471
480
487
500
508
517
529
536
538
546
551
557
565
574
601
605
608
610
615
632
634
635
638
643
644
659
665
667
682
686
692
693
700
709
716
717
721
724
731
738
739
740
742
743
746
757
758
759
766
41
70
73
74
119
123
140
143
157
161
165
169
173
179
181
182
184
185
191
195
204
212
214
217
224
228
236
238
239
242
258
267
269
277
284
286
289
291
297
298
302
307
309
319
328
329
330
333
343
345
348
349
350
355
358
367
370
376
379
380
381
387
388
392
393
394
408
410
414
422
425
431
432
433
435
442
443
446
452
454
455
459
465
470
472
475
478
482
484
485
486
490
491
492
496
497
499
503
507
509
511
512
513
514
515
519
521
522
525
526
530
531
532
533
534
537
539
540
541
542
543
544
548
549
553
561
564
569
570
572
576
577
578
580
583
584
587
592
593
595
598
599
602
603
604
606
613
614
616
621
622
624
625
626
628
629
637
639
640
642
645
647
648
651
656
658
660
661
664
666
668
670
674
676
677
680
681
684
685
687
688
689
691
695
699
703
707
712
713
714
718
723
729
732
733
734
735
736
737
741
745
747
748
749
750
751
752
754
756
760
761
762
763
764
765