98160
98160
99872
99872
99872
98160
99872
98160
140777
99872
140777
111602
148151
21319
222712
111602
113609
84860
76533
76533
94354
84860
222712
74496
8480
111602
139236
139236
75454
230433
-54223
230433
13216
10970
75417
301832
75417
3623
301832
3623
149172
301832
139236
75417
301832
301832
24287
174373
-36393
186909
72410
-36393
186909
186909
301832
55067
301832
301832
140410
190987
192967
-1407
192967
-97277
299864
242636
242636
208060
138720
-70196
190987
-75355
216914
21319
97097
301832
39663
301832
301832
10970
-35842
242636
35854
301832
301832
242636
73264
301832
-87794
73264
190987
10970
10943
73264
21319
93453
93453
-25015
-55927
55732
55732
174200
174200
174200
270657
165906
149398
242636
110169
36596
192967
79789
242636
6410
6410
242636
301832
301832
301832
60546
60546
21319
146913
242636
205613
301832
61710
22852
-25162
205613
205613
197423
242636
301832
301832
25127
205613
120055
301832
213299
-80549
38918
38918
156996
242636
205613
96275
166738
242636
156996
301832
99898
301832
301832
174373
166738
266154
271672
225048
213299
51052
297193
39694
96956
192967
266154
96956
301832
60728
297193
297193
301832
301832
301832
301870
301832
138626
301870
301870
213299
113518
301832
199503
-65576
301832
301832
55394
242636
-57956
301870
253437
24340
43335
78277
301832
53322
270657
301870
43335
301832
18014
213299
179864
270831
53322
77358
301870
-34882
301832
301832
54217
301832
39954
301832
301832
270831
174373
45252
199503
301832
45252
174373
5655
301832
60736
132174
132174
242636
270831
-69337
-75801
245940
213299
287236
132174
132174
301832
301832
213299
270831
301832
213299
301832
301832
301832
270831
-51654
-65421
104616
-18719
139965
254154
102616
184751
301832
72358
301832
301870
39423
301832
20054
37068
59014
301832
301832
-16592
132174
34171
59014
174373
33657
301832
70815
33657
270831
301832
301832
-43311
-43311
301870
105114
270831
192967
89350
166043
301870
105114
301870
242636
199503
89350
213299
10302
301832
301832
50524
96074
89350
50524
301870
89350
89350
50524
150298
56966
301832
299864
222894
242636
76272
76272
301832
301832
216914
301870
301832
301832
270657
213299
299864
270831
301832
-24132
149398
213299
-104801
185670
-24132
301832
92739
39315
-76632
197423
213299
242636
270831
301832
301870
301870
197423
-64032
301870
70766
70766
301870
301832
225048
242636
242636
71860
71860
197423
213299
301870
138474
138474
199503
79822
141104
-56130
301870
213299
-56130
55260
301870
79822
225048
301832
149746
301832
95492
95492
95492
95492
95492
95492
301870
95492
213299
95492
301870
212678
287236
301870
217376
301870
301832
270831
-13099
301870
301870
301832
-6221
301870
301832
-6221
131717
242636
-12586
131717
287236
287236
-43069
-99808
-81047
174373
76425
81139
22762
301832
8230
-96764
301832
240289
301870
-128735
203505
-96764
213299
213299
130372
242636
-69731
130372
93201
93060
301832
270657
93201
93201
169140
40163
301832
301870
28989
301832
60300
169140
169140
93201
301832
119851
116956
287236
18776
301870
240289
301870
-23630
212678
60300
270831
301832
119851
93201
240289
93201
93060
115208
93201
95492
270831
270657
5636
54663
144735
301870
242636
164789
242636
54663
301870
9961
301870
240289
78673
-42627
9961
-42627
301870
174373
301870
54281
34513
301870
-78102
-78102
301832
63853
34513
212678
81421
301832
301832
56019
-72636
301870
301870
76674
-73847
253437
88661
301832
536
212678
203505
23423
301832
240289
301832
52454
124565
301832
52454
242636
52454
-44081
242636
35032
270831
242636
301870
301832
89632
301832
301870
75171
301832
