2714411048
3352251681
1889400418
3352251681
6424129922
6424129922
6424129922
3352251681
2301171492
6424129922
990570165
6424129922
3352251681
3352251681
3585282288
2243852006
6424129922
2444119121
3585282288
6424129922
6424129922
6424129922
6424129922
2456708509
3352251681
6424129922
3231014217
4320137611
1911066060
3352251681
1310230936
4320137611
6424129922
6424129922
1055091510
2456708509
6424129922
2181301590
6424129922
3585282288
6424129922
3585282288
6424129922
6424129922
2493320498
2260112620
6424129922
3321776011
6424129922
6424129922
3585282288
3293569367
2714411048
3585282288
3585282288
5698202365
2714411048
3293569367
6424129922
1307429403
6424129922
3585282288
6424129922
3293569367
1388705476
3321776011
3321776011
3321776011
3321776011
3231014217
2714411048
3231014217
6424129922
6424129922
6424129922
2653826354
3293569367
6424129922
2456708509
3585282288
6424129922
6424129922
3375969203
6424129922
3091658669
6424129922
6424129922
6424129922
6424129922
2814610308
6424129922
6424129922
6424129922
3073954174
3321776011
6424129922
2140473047
3585282288
3321776011
3585282288
3073954174
1014255195
3321776011
3321776011
6424129922
3321776011
3321776011
6424129922
2140473047
6424129922
3321776011
2653826354
6424129922
6424129922
3333562719
1842208006
6424129922
3073954174
2653826354
3091658669
3073954174
6770535606
3333562719
3585282288
3585282288
3585282288
6770535606
3333562719
3333562719
6770535606
6770535606
3073954174
5755028623
3231014217
3073954174
5755028623
5755028623
5755028623
1032681697
2769467964
5755028623
5755028623
5755028623
1666366554
3231014217
2653826354
5755028623
5755028623
3585282288
2368294131
2769467964
4046754830
3073954174
3585282288
3231014217
3231014217
3585282288
3333562719
3585282288
3585282288
2769467964
3231014217
2814610308
3585282288
3585282288
3585282288
3585282288
3333562719
3585282288
3091658669
3224558255
3333562719
3224558255
3585282288
3073954174
3585282288
4046754830
2667769999
3091658669
3585282288
2667769999
3333562719
3585282288
3585282288
3585282288
4046754830
3585282288
4046754830
4046754830
4046754830
2501177177
3333562719
2273116451
3585282288
3224558255
3091658669
4046754830
3224558255
2667769999
3224558255
3231014217
1166062122
3231014217
3224558255
4046754830
3091658669
3224558255
4046754830
3333562719
3333562719
1083249092
2814610308
3585282288
2714411048
4046754830
4046754830
4046754830
4046754830
2312612074
3091658669
3333562719
4046754830
3585282288
4046754830
2493320498
4046754830
2340936132
3585282288
3585282288
2769467964
3585282288
4046754830
3224558255
4046754830
3585282288
4046754830
4046754830
3333562719
2667769999
4046754830
2540175800
3312348724
4046754830
3091658669
3333562719
4046754830
2667769999
2667769999
4046754830
3585282288
3585282288
4046754830
4046754830
2769467964
4046754830
3585282288
4046754830
4046754830
4046754830
2714411048
4046754830
4046754830
4046754830
3295080877
4046754830
4046754830
3295080877
561400045
3073954174
2667769999
4046754830
2769467964
3091658669
4046754830
1606848641
3312348724
2141564772
3585282288
2540175800
4046754830
3585282288
4046754830
4046754830
3295080877
3585282288
3585282288
3585282288
3585282288
3231014217
3585282288
2738150209
1783178501
2714411048
2456708509
2269918235
3295080877
2738150209
1366268314
4046754830
3091658669
2738150209
3585282288
3312348724
3295080877
3312348724
3312348724
3312348724
3312348724
3312348724
3231014217
3585282288
4046754830
4046754830
4046754830
3295080877
3231014217
2929294576
2929294576
3585282288
3585282288
2741054724
3585282288
3585282288
4046754830
4046754830
3585282288
2312612074
3295080877
2714411048
3585282288
2312612074
3585282288
3585282288
3585282288
2929294576
3585282288
4046754830
2929294576
4046754830
3374894974
2653826354
3312348724
3374894974
4046754830
3374894974
3459465834
3459465834
2122345783
3459465834
2633496750
2537225099
4046754830
4046754830
4046754830
2312612074
3459465834
3585282288
4046754830
3585282288
3585282288
3312348724
3585282288
3459465834
2299477093
3459465834
4046754830
3585282288
4046754830
4046754830
4046754830
3091658669
4046754830
4046754830
3639277037
4046754830
2714411048
3585282288
4046754830
3459465834
3639277037
3639277037
3639277037
3312348724
1885087050
3639277037
3585282288
4046754830
3459465834
3639277037
3459465834
3459465834
3585282288
3585282288
3585282288
4046754830
2312612074
4046754830
3312348724
4046754830
3312348724
4046754830
3374894974
4046754830
3459465834
4046754830
4046754830
3585282288
4046754830
3639277037
4046754830
4046754830
2929294576
3639277037
3459465834
3374894974
4046754830
4046754830
3374894974
4046754830
3374894974
2714411048
3459465834
3374894974
4046754830
3639277037
4046754830
4046754830
4046754830
2653826354
4046754830
3374894974
4046754830
2653826354
3639277037
3459465834
4046754830
3312348724
4046754830
4046754830
4046754830
1850276452
3374894974
3091658669
3459465834
3374894974
3374894974
3459465834
1850276452
4046754830
3585282288
3585282288
4046754830
3585282288
4046754830
2537225099
3585282288
4046754830
3639277037
4046754830
940367472
3585282288
2434508584
3585282288
3459465834
3091658669
3091658669
3374894974
2537225099
4046754830
4046754830
2929294576
2929294576
2653826354
3585282288
3585282288
4046754830
4046754830
3585282288
2517178366
4046754830
4046754830
4046754830
3374894974
3374894974
3374894974
3459465834
4046754830
4046754830
2653826354
4046754830
3459465834
4046754830
4046754830
3585282288
3459465834
3585282288
3459465834
4046754830
4046754830
3585282288
3374894974
3459465834
2600300279
3639277037
2818521421
4046754830
3639277037
2818521421
3585282288
2929294576
4046754830
4046754830
3639277037
2071208808
3585282288
3639277037
4046754830
3639277037
4046754830
4046754830
803198176
4046754830
4046754830
1739338512
4046754830
4046754830
4046754830
4046754830
4046754830
3585282288
3312348724
1842208006
3459465834
3639277037
1868971763
4046754830
3459465834
3639277037
3639277037
3585282288
3459465834
3585282288
4046754830
3585282288
4046754830
4046754830
4046754830
2269918235
4046754830
3585282288
1787364413
3585282288
3639277037
4046754830
4046754830
3374894974
3459465834
4046754830
2038699497
3459465834
4046754830
4046754830
3459465834
4046754830
4046754830
2537225099
4046754830
4046754830
4046754830
4046754830
3374894974
2714411048
3639277037
3639277037
2714411048
4046754830
4046754830
3639277037
3639277037
3585282288
2741054724
2929294576
4046754830
2624837032
4046754830
3639277037
977456461
4046754830
3639277037
4046754830
4046754830
2269296519
4046754830
2714411048
3459465834
3459465834
2299477093
2834545692
3585282288
3374894974
3639277037
4046754830
2624837032
3639277037
2299477093
4046754830
4046754830
2137034537
3639277037
4046754830
3585282288
4046754830
4046754830
3585282288
2123543244
3639277037
4046754830
3374894974
2588686043
3459465834
4046754830
3374894974
2135625781
4046754830
3459465834
2653826354
4046754830
2834545692
4046754830
2818521421
3459465834
3639277037
4046754830
3639277037
4046754830
4046754830
4046754830
4046754830
3639277037
4046754830
2588686043
3639277037
1730982401
3639277037
2588686043
2834545692
2000390654
4046754830
2340936132
3459465834
3312348724
3459465834
4046754830
4046754830
4046754830
3459465834
3374894974
2269296519
2537225099
1723130064
3639277037
3459465834
4046754830
3374894974
4046754830
2600300279
1819776389
2135625781
4046754830
3459465834
2339796679
4046754830
4046754830
3459465834
2038699497
4046754830
2339796679
4046754830
3374894974
2714411048
3639277037
4046754830
3459465834
4046754830
4046754830
3639277037
4046754830
4046754830
4046754830
3459465834
2624837032
4046754830
4046754830
4046754830
4046754830
4046754830
4046754830
2929294576
4046754830
3374894974
3459465834
3639277037
3639277037
3639277037
3639277037
3374894974
3639277037
4046754830
4046754830
2929294576
3459465834
3639277037
3639277037
3374894974
2624837032
2339796679
4046754830
3459465834
2135625781
2741054724
3639277037
3585282288
3639277037
2834545692
2065890060
3459465834
3459465834
3639277037
2741054724
3639277037
3585282288
2000390654
3639277037
2207570813
3374894974
3639277037
3639277037
2135625781
3459465834
3374894974
2834545692
3639277037
2653826354
3639277037
3374894974
3374894974
3374894974
3374894974
3639277037
3639277037
3639277037
2805818238
3639277037
3639277037
3374894974
3374894974
3639277037
3639277037
1796708002
3639277037
3459465834
2299477093
3639277037
3639277037
3639277037
1836897715
3312348724
2805818238
3459465834
3459465834
1538527566
3459465834
3459465834
3459465834
3459465834
3374894974
3459465834
3459465834
1177518829
2217946812
3459465834
1216236516
2137034537
3459465834
3459465834
3188857786
3459465834
3374894974
2834545692
3374894974
2217946812
3374894974
3459465834
3312348724
2805818238
2434508584
3369048791
2153795868
3459465834
3459465834
3459465834
3374894974
3374894974
3369048791
3459465834
3369048791
3369048791
779982864
3459465834
2714411048
3459465834
2380857180
2714411048
3369048791
3374894974
3374894974
2137034537
3369048791
3369048791
2600300279
3374894974
3369048791
2834545692
3374894974
3374894974
3369048791
3369048791
2834545692
2600300279
3369048791
3369048791
2834545692
3369048791
3374894974
1787364413
3374894974
2600300279
3374894974
3374894974
3369048791
2741054724
2814360912
1886073305
2834545692
3374894974
3374894974
3369048791
3374894974
3369048791
3374894974
3231014217
3374894974
2834545692
3374894974
2076415805
3374894974
3369048791
3231014217
2730283996
3231014217
1723130064
3231014217
2834545692
3374894974
3374894974
2834545692
987458671
3374894974
3374894974
3231014217
2002431932
3374894974
2002431932
2600300279
3374894974
3374894974
2600300279
2741054724
3369048791
2741054724
3369048791
3369048791
3374894974
2624837032
1948856061
3369048791
2624837032
3231014217
2341411253
3374894974
3374894974
3374894974
2741054724
1948856061
2814360912
3231014217
3374894974
2741054724
3369048791
3374894974
3374894974
3374894974
3231014217
3374894974
3374894974
3374894974
2137034537
3374894974
3369048791
3369048791
3374894974
3374894974
2834545692
3312348724
3369048791
3369048791
3369048791
3374894974
3312348724
3374894974
3312348724
3374894974
3374894974
3369048791
3369048791
3369048791
2741054724
3369048791
3369048791
3369048791
3369048791
2741054724
3312348724
2929294576
3369048791
2741054724
3369048791
3369048791
2308184052
3369048791
2741054724
2929294576
3312348724
2666502613
3369048791
1819776389
3369048791
3312348724
3369048791
3369048791
2929294576
3312348724
3312348724
2677973179
3369048791
1947568260
2677973179
2677973179
2269296519
3312348724
2929294576
3482608568
3482608568
3482608568
3482608568
3482608568
3482608568
2653826354
2349929615
2929294576
3482608568
4303865018
3312348724
3482608568
2814360912
4303865018
4303865018
2834545692
3482608568
3312348724
3482608568
2834545692
3312348724
3312348724
4303865018
3312348724
3312348724
3312348724
2929294576
4303865018
3312348724
2269296519
2139377178
2730283996
3312348724
2308184052
3312348724
3231014217
3231014217
2929294576
2929294576
4303865018
2929294576
4303865018
3482608568
3312348724
4303865018
3482608568
3482608568
2857597544
4303865018
4303865018
2834545692
4303865018
3312348724
2153795868
4303865018
4303865018
4303865018
3312348724
4303865018
4303865018
4303865018
4303865018
4303865018
3482608568
2929294576
3312348724
3312348724
3312348724
3312348724
2857597544
3312348724
2929294576
3312348724
4303865018
4303865018
3482608568
3482608568
3482608568
3482608568
3482608568
1735249539
3482608568
3482608568
3312348724
3312348724
3312348724
3482608568
2929294576
1735249539
3482608568
3482608568
3482608568
2929294576
4303865018
3482608568
1642882294
2814360912
4303865018
2929294576
2929294576
2929294576
3482608568
3231014217
3482608568
3482608568
1150031246
2814360912
3482608568
3482608568
3231014217
3482608568
3482608568
3482608568
1382996155
3312348724
3482608568
3482608568
3312348724
3482608568
2969104682
3312348724
2969104682
2624837032
3482608568
3231014217
3312348724
3312348724
3482608568
3482608568
3482608568
3312348724
3312348724
2834545692
3231014217
3482608568
1922859766
2834545692
3231014217
3482608568
2677973179
3482608568
3312348724
3482608568
2175178187
3231014217
2408203377
3482608568
3482608568
3482608568
3482608568
3482608568
3482608568
3482608568
2969104682
3231014217
2969104682
2814360912
3482608568
3312348724
2624837032
2969104682
2377622463
3482608568
2969104682
3482608568
2969104682
3482608568
2191386846
3312348724
2191386846
3482608568
3482608568
3312348724
3228485512
1743747161
3312348724
3312348724
2009183626
2408203377
3231014217
2924403555
2009183626
1948856061
3312348724
2308184052
2924403555
3312348724
3312348724
3228485512
2624837032
3312348724
3312348724
3231014217
3231014217
3231014217
2624837032
3231014217
3231014217
2730283996
2924403555
2175178187
3228485512
3228485512
3231014217
3231014217
3231014217
3231014217
0
2969104682
2969104682
2308184052
2175178187
2624837032
2273116451
3216492685
3216492685
3231014217
1679669349
3312348724
3231014217
2141564772
3312348724
3312348724
3312348724
2969104682
2624837032
3231014217
898128557
3231014217
3312348724
3231014217
3231014217
3231014217
1646401690
1408011980
3231014217
3312348724
3216492685
2969104682
2924403555
3231014217
2175178187
3312348724
1476296253
3312348724
2710410489
3228485512
3312348724
2408203377
2624837032
3312348724
2624837032
3231014217
2624837032
3312348724
1947568260
2218697413
3216492685
3216492685
3216492685
3312348724
3231014217
2600300279
3312348724
3231014217
2969104682
1735249539
3231014217
3312348724
3231014217
2730283996
3312348724
2730283996
3312348724
3231014217
3312348724
3231014217
3312348724
1125278726
493753266
3231014217
3231014217
2730283996
3312348724
3312348724
3312348724
3312348724
3312348724
3312348724
3231014217
3312348724
2349929615
1924482510
2600300279
3636058543
3636058543
3636058543
2191386846
3312348724
3636058543
3636058543
2218697413
2349929615
2969104682
3636058543
3636058543
3636058543
3228485512
3636058543
2663641197
1946779966
3636058543
3636058543
3636058543
3636058543
873185429
2663641197
3636058543
3312348724
3312348724
3636058543
2663641197
3312348724
2600300279
2600300279
3565579367
1920391713
3636058543
3565579367
3636058543
3636058543
3636058543
2663641197
3565579367
2663641197
3565579367
3636058543
2663641197
2710410489
3636058543
3565579367
3312348724
2653826354
3231014217
3565579367
2289862702
3312348724
1946779966
2342260808
2663641197
3312348724
3565579367
3312348724
3565579367
2663641197
3565579367
3565579367
908877706
3231014217
3312348724
0
2924403555
3565579367
3636058543
2141564772
3636058543
3231014217
3636058543
1927359314
3565579367
3565579367
3565579367
1835781182
3636058543
3312348724
3636058543
3231014217
3312348724
3565579367
3565579367
3636058543
3636058543
3636058543
479832039
2217946812
3231014217
3636058543
3636058543
3312348724
3636058543
3636058543
3565579367
3228485512
3636058543
3312348724
3636058543
3312348724
3636058543
1786803336
3636058543
1307429403
3636058543
2924403555
3312348724
3636058543
3228485512
3636058543
3636058543
3312348724
3636058543
3636058543
2663641197
3636058543
3312348724
3228485512
3216492685
3312348724
2540116541
3565579367
1787364413
3565579367
3636058543
3636058543
3636058543
3636058543
2318140337
2924403555
3636058543
2663641197
3636058543
2600300279
3636058543
3636058543
3216492685
3636058543
3636058543
3636058543
2218697413
2924403555
3312348724
3636058543
3636058543
3636058543
3636058543
3216492685
3636058543
3231014217
3565579367
3216492685
2663641197
3565579367
3565579367
3636058543
3565579367
2408203377
3216492685
3636058543
1836897715
3216492685
3636058543
3636058543
3636058543
2408203377
3312348724
3636058543
3312348724
2653826354
3228485512
3216492685
3228485512
3228485512
3312348724
3636058543
3636058543
651635513
3636058543
2652807628
1836274180
2217946812
870490219
2969104682
2600300279
3312348724
3312348724
2009183626
2487018931
3231014217
3565579367
3228485512
802622437
3312348724
3565579367
2969104682
3565579367
3565579367
3312348724
3228485512
3565579367
3312348724
3565579367
3565579367
3228485512
1896836952
3228485512
2969104682
3228485512
3312348724
3312348724
2318140337
3312348724
3312348724
3565579367
3565579367
3565579367
3312348724
3312348724
3312348724
3312348724
3304799386
3565579367
2920400936
2980674927
3565579367
1451076704
3565579367
2408203377
3565579367
3565579367
1355698802
3565579367
3304799386
3304799386
3304799386
3565579367
3312348724
3565579367
3565579367
3565579367
3228485512
3304799386
3565579367
3304799386
3565579367
3565579367
3228485512
3304799386
2308184052
3565579367
3304799386
3228485512
2980674927
3565579367
1378820976
3565579367
3565579367
3565579367
3228485512
3565579367
3565579367
3565579367
3312348724
2653826354
2217946812
3565579367
3228485512
2540116541
2710410489
2308184052
3304799386
3228485512
3565579367
3304799386
3565579367
3304799386
3565579367
1862067552
3565579367
3304799386
3565579367
2653826354
3565579367
3565579367
2487018931
3312348724
3565579367
1451076704
3304799386
3565579367
3312348724
3565579367
3565579367
1830378957
3312348724
3304799386
2920400936
3565579367
3565579367
3565579367
3312348724
2980674927
3565579367
3565579367
3565579367
3565579367
2924403555
3565579367
2249727116
3228485512
1743747161
3312348724
2920400936
3216492685
2980674927
3216492685
1043863491
3304799386
2980674927
3565579367
2980674927
3312348724
3216492685
3216492685
3565579367
3312348724
3228485512
2302494250
3565579367
2980674927
2980674927
3312348724
3565579367
3565579367
3312348724
3565579367
1692686271
3312348724
3312348724
3312348724
2920400936
2980674927
2980674927
1750672658
3565579367
3216492685
2600300279
3565579367
3565579367
3565579367
3565579367
3312348724
1971501467
2600300279
2980674927
2540116541
3565579367
3565579367
3312348724
3565579367
2153795868
3312348724
3565579367
2920400936
3565579367
3565579367
2487018931
3565579367
2980674927
3565579367
3312348724
3312348724
2540116541
3565579367
3565579367
3565579367
2924403555
3565579367
959112142
3565579367
3228485512
3565579367
3228485512
3228485512
2487018931
2924403555
3565579367
3565579367
3565579367
3565579367
1285499440
3565579367
3565579367
2217946812
2289862702
3565579367
2384944374
3312348724
3565579367
3312348724
3312348724
3565579367
3312348724
3304799386
3565579367
3312348724
3312348724
3312348724
3565579367
1788375487
3565579367
3565579367
3565579367
3565579367
3228485512
3565579367
3565579367
2924403555
3228485512
2949851766
3565579367
2980674927
2342260808
3565579367
3565579367
3228485512
2384944374
3565579367
2707489924
3312348724
3312348724
3312348724
2096306898
2924403555
2924403555
2707489924
3216492685
3312348724
3228485512
2191386846
2540116541
2245157094
3565579367
2342260808
3565579367
3565579367
3565579367
3312348724
3312348724
3312348724
3312348724
2487018931
2980674927
3312348724
2166238108
3312348724
2384944374
2949851766
2949851766
3228485512
3565579367
3312348724
2980674927
3565579367
3565579367
2980674927
3312348724
3565579367
2189898347
3565579367
3312348724
2980674927
3565579367
2924403555
3565579367
2342260808
3178528388
2556980862
3565579367
3228485512
3565579367
3565579367
3228485512
3312348724
3312348724
3228485512
3565579367
3312348724
3312348724
3565579367
1924482510
3565579367
2308184052
3565579367
3565579367
3565579367
3565579367
3312348724
3312348724
3312348724
3565579367
1924482510
3565579367
3312348724
3565579367
2189898347
3312348724
3565579367
3565579367
3228485512
3565579367
3565579367
3312348724
3565579367
3565579367
4278188622
4278188622
3228485512
2980674927
2980674927
4278188622
2487018931
2102556806
4278188622
2191386846
3565579367
4278188622
1823444219
4278188622
4278188622
2445425627
2980674927
2445425627
2949851766
4278188622
4278188622
4278188622
4278188622
2189898347
3312348724
3565579367
4278188622
4278188622
3565579367
4278188622
4278188622
3565579367
4278188622
3312348724
4278188622
4278188622
3565579367
4278188622
2556980862
4278188622
2115461750
4278188622
2273116451
4278188622
2949851766
4278188622
4278188622
4278188622
3228485512
4278188622
3312348724
3312348724
4278188622
1714145757
2302494250
2949851766
2227334177
3228485512
3565579367
3565579367
3565579367
2949851766
4278188622
3312348724
3565579367
4278188622
3565579367
3565579367
3565579367
3565579367
3565579367
3565579367
3565579367
2445425627
2159089807
3565579367
3228485512
2980674927
3228485512
4278188622
4278188622
3565579367
4278188622
1836897715
4278188622
2600300279
740331188
2949851766
1904713885
2408203377
3312348724
2949851766
2949851766
4278188622
4278188622
3312348724
4278188622
2435490217
2302494250
4278188622
1988648799
2949851766
4278188622
2949851766
4278188622
4278188622
4278188622
4278188622
4278188622
4278188622
4278188622
2384944374
4278188622
4278188622
2408203377
2556980862
2189898347
2600300279
2980674927
2980674927
4278188622
3312348724
2556980862
3312348724
2980674927
4278188622
4278188622
4278188622
2144243328
1692686271
4278188622
3178528388
2144243328
3312348724
4278188622
4278188622
2980674927
4278188622
3312348724
2096306898
2980674927
2408203377
3312348724
4278188622
2408203377
3312348724
4278188622
4278188622
3312348724
1714145757
2556980862
3312348724
4278188622
2435490217
4278188622
4278188622
4278188622
2980674927
4278188622
4278188622
1476296253
4278188622
4278188622
2435490217
3178528388
1869565403
4278188622
4278188622
2980674927
4278188622
2980674927
2137034537
1376307869
2980674927
2980674927
4278188622
4278188622
3178528388
3178528388
2949851766
1806787132
2334167180
3312348724
4278188622
3312348724
2009183626
2949851766
3178528388
3178528388
2144243328
2819922501
3312348724
3312348724
4278188622
2556980862
4278188622
3312348724
3178528388
3312348724
2435490217
4278188622
4278188622
3312348724
4278188622
2949851766
3312348724
3312348724
3178528388
3312348724
4278188622
3312348724
3178528388
3312348724
3312348724
4278188622
2189898347
3312348724
4278188622
4278188622
2273116451
4278188622
3178528388
4278188622
3228485512
2556980862
2435490217
4278188622
4278188622
4278188622
3178528388
3312348724
2556980862
3312348724
3312348724
3312348724
4278188622
3228485512
3228485512
3312348724
2980674927
3312348724
3312348724
2389995482
3312348724
2600300279
3312348724
4278188622
3312348724
3312348724
4278188622
4278188622
3312348724
4278188622
4278188622
1969193391
3312348724
3312348724
1473619681
4278188622
4278188622
1785399441
3312348724
3095875496
2556980862
3095875496
2556980862
3312348724
3095875496
2556980862
3228485512
2969482037
3312348724
3312348724
3312348724
3228485512
4278188622
1728471304
2068719223
4278188622
4278188622
4278188622
4278188622
4278188622
3095875496
3312348724
3312348724
2980674927
3095875496
3095875496
3095875496
3095875496
3095875496
1735249539
2661574368
3095875496
4278188622
2980674927
2980674927
2556980862
4278188622
2097537402
4278188622
4278188622
3095875496
4278188622
3978442390
3978442390
3978442390
2969482037
3095875496
4278188622
4278188622
4278188622
2249701267
1785399441
2191386846
4278188622
4278188622
2097537402
3095875496
3978442390
3978442390
3978442390
2969482037
4278188622
2459540625
4278188622
2641230656
4278188622
1930228658
4278188622
4278188622
4278188622
4278188622
4278188622
4278188622
2641230656
3726112845
1795772915
3978442390
4278188622
2334167180
4278188622
3978442390
3978442390
2334167180
3726112845
4278188622
4278188622
4278188622
4278188622
2334167180
3978442390
3312348724
3978442390
1812786665
4278188622
2819922501
4278188622
2819922501
3330031977
3330031977
2611737421
3978442390
4278188622
2611737421
2334167180
3330031977
3978442390
4278188622
2062099508
3312348724
2611737421
3095875496
1127881618
3330031977
4278188622
3978442390
2556980862
3095875496
3978442390
3978442390
3978442390
3978442390
3978442390
3388047380
4278188622
3978442390
3978442390
4278188622
4278188622
3330031977
3978442390
3312348724
3978442390
3978442390
632111632
4278188622
3978442390
4278188622
2611737421
3978442390
2641230656
3330031977
3978442390
2641230656
3312348724
3330031977
3330031977
3330031977
4278188622
3330031977
3978442390
3978442390
3978442390
4278188622
2249701267
3312348724
2556980862
4278188622
4278188622
4278188622
4278188622
2600300279
2334167180
2611737421
3330031977
4278188622
3312348724
2556980862
2641230656
2556980862
3312348724
3330031977
1393886705
2600300279
3330031977
3312348724
2641230656
3330031977
2641230656
3330031977
590826407
3312348724
3330031977
3330031977
3312348724
3330031977
3240831248
2186634633
2600300279
3330031977
1409836204
4098969763
3312348724
3330031977
3978442390
3330031977
3330031977
2358068928
2611737421
4098969763
4278188622
2096306898
4278188622
4278188622
3978442390
2600300279
2641230656
2556980862
4278188622
2313203444
4278188622
2600300279
2611737421
1726049878
2641230656
2611737421
2611737421
3978442390
2563790739
3330031977
3312348724
2611737421
2600300279
4278188622
3978442390
2186634633
4278188622
2641230656
4278188622
3330031977
2641230656
2641230656
2096306898
2641230656
1869565403
4278188622
2205987530
4278188622
2529296306
4278188622
3330031977
4278188622
4278188622
2600300279
4278188622
4278188622
4278188622
4278188622
4278188622
4278188622
4278188622
4278188622
3978442390
4278188622
4278188622
4098969763
1679669349
4278188622
2641230656
3978442390
4278188622
3330031977
1942070338
3330031977
4278188622
2611737421
4278188622
4278188622
2600300279
4098969763
3978442390
2600300279
4098969763
4278188622
4278188622
4278188622
2641230656
4098969763
4278188622
3240831248
3330031977
4278188622
2641230656
1414339397
4278188622
4278188622
2611737421
4278188622
3978442390
4278188622
3978442390
4278188622
4278188622
4098969763
2641261843
4098969763
4278188622
2115461750
4278188622
4933804027
4933804027
2641230656
1712905289
4278188622
4933804027
4933804027
4933804027
4098969763
4278188622
4933804027
4278188622
2600300279
4098969763
4933804027
4933804027
1346188106
2483527431
939925310
4933804027
2316883098
2068719223
3240831248
4278188622
3330031977
2641230656
4933804027
4098969763
3240831248
2483527431
3240831248
1952119564
4278188622
4278188622
1787364413
4933804027
4278188622
4933804027
2563790739
4933804027
2600300279
4933804027
3240831248
2131180923
3240831248
2600300279
2186634633
3330031977
2131180923
4933804027
4098969763
3240831248
4933804027
2600300279
4933804027
4933804027
4933804027
2641261843
4933804027
2529296306
4278188622
4278188622
4933804027
2600300279
4933804027
2563790739
3330031977
4933804027
837512590
4933804027
1735249539
4933804027
3240831248
4933804027
4933804027
4933804027
2563790739
3330031977
4278188622
2641261843
3240831248
4933804027
2641261843
1454767933
2641261843
3330031977
4098969763
4933804027
4098969763
3330031977
1762360827
2556980862
4098969763
4098969763
4098969763
4933804027
4098969763
4933804027
4098969763
4933804027
4098969763
1869565403
3426413018
4098969763
1630575512
4098969763
1708690858
2483527431
3027290226
2115461750
2423786868
3566943461
3566943461
4933804027
1823444219
4933804027
3566943461
1862808502
2595992410
4933804027
2600300279
4933804027
4933804027
2483527431
1707953033
4933804027
2506881938
2600300279
4933804027
2600300279
4933804027
3027290226
4933804027
4933804027
2483527431
2483527431
4098969763
4198865053
4098969763
4198865053
3027290226
4198865053
4198865053
3566943461
3566943461
4198865053
4098969763
4098969763
2600300279
4198865053
3566943461
4098969763
4098969763
4098969763
2556980862
3027290226
4098969763
4198865053
3566943461
4198865053
4198865053
4098969763
3566943461
3566943461
2423786868
2854268639
4198865053
1788375487
4198865053
2854268639
4198865053
4198865053
3027290226
4252775484
2459540625
3240831248
1834661476
3566943461
2092637554
2506881938
868737935
3566943461
4252775484
4252775484
4252775484
2131180923
3566943461
2056547662
4252775484
3566943461
3566943461
3269773142
2506881938
4252775484
2506881938
4252775484
4198865053
2506881938
4252775484
2115461750
2481274385
2115461750
2556980862
4198865053
2529296306
4198865053
1952119564
4198865053
4198865053
4252775484
2529296306
4252775484
4252775484
4252775484
4252775484
4252775484
4252775484
4252775484
2529296306
4252775484
4252775484
2334167180
4252775484
3566943461
4252775484
3269773142
4252775484
