4
ildqmwovaujfgbn
tgvoeahsvpnjararpba
3
ljxlucizxcntxdbza
tajgjmaeqz
4
huhwezmqarfecttqeb
sfrhbjyvnn
4
gbqgmgwqtzzjjm
3
sykiyxftzauwtilpchvg
phipqdkbtdlwsbupttab
qsqqyfzjjcftboqlrkgo
3
enhtylkhdozymrsjr
ckygpueyu
hkgnoevqtxluf
uvuworyjcirqpljy
5
rlswhxbjnv
4
wjlhsthxxur
5
abnhcdgtnzh
deieinaxidlje
4
gawmvyznkcirv
vnhrkohwro
4
edgcnwpzluuoyy
4
irhyfbjsmfniircbec
qwlmmfqrtotqqipb
fkgcnkkxleqj
cywdwqyocteeuqaz
3
wnjgoinngtpq
cquigynqtvlnwvc
4
bfhbvrqxpltwabf
4
swbdtpqarnlm
5
darklvytti
5
pamfwzsjaucwlll
4
xodacroosjbhnw
5
ijhjdapyqzgyyz
